TN:
SF:pages\api\add\quality\addCk.js
FN:4,(anonymous_0)
FN:6,insertQuery
FN:30,(anonymous_2)
FNF:3
FNH:3
FNDA:16,(anonymous_0)
FNDA:4,insertQuery
FNDA:2,(anonymous_2)
DA:4,16
DA:7,4
DA:8,1
DA:13,3
DA:14,3
DA:16,3
DA:17,0
DA:20,3
DA:21,3
DA:24,3
DA:25,1
DA:30,2
DA:31,2
DA:40,2
DA:47,2
DA:49,1
DA:55,1
DA:56,1
LF:18
LH:17
BRDA:4,0,0,10
BRDA:4,0,1,6
BRDA:7,1,0,1
BRDA:7,1,1,3
BRDA:16,2,0,0
BRDA:16,2,1,3
BRDA:20,3,0,3
BRDA:20,3,1,0
BRDA:20,4,0,3
BRDA:20,4,1,3
BRDA:24,5,0,1
BRDA:24,5,1,2
BRDA:51,6,0,1
BRDA:51,6,1,0
BRF:14
BRH:11
end_of_record
TN:
SF:pages\api\update\headRNC.js
FN:3,updateQuery
FNF:1
FNH:1
FNDA:6,updateQuery
DA:5,6
DA:8,5
DA:11,5
DA:12,2
DA:21,3
DA:34,3
DA:45,3
DA:47,3
DA:48,3
DA:51,2
DA:53,2
DA:55,1
DA:62,1
DA:67,1
DA:73,1
DA:76,1
DA:77,1
DA:82,1
LF:18
LH:18
BRDA:5,0,0,5
BRDA:5,0,1,1
BRDA:11,1,0,2
BRDA:11,1,1,3
BRDA:11,2,0,5
BRDA:11,2,1,5
BRDA:11,2,2,4
BRDA:53,3,0,1
BRDA:53,3,1,1
BRF:9
BRH:9
end_of_record
TN:
SF:pages\api\update\plan.js
FN:3,updateQuery
FNF:1
FNH:1
FNDA:5,updateQuery
DA:4,5
DA:6,4
DA:8,4
DA:11,4
DA:22,4
DA:30,3
DA:31,3
DA:33,3
DA:34,3
DA:36,2
DA:39,2
DA:40,1
DA:45,1
DA:48,1
DA:53,1
DA:56,1
DA:57,1
DA:62,1
LF:18
LH:18
BRDA:4,0,0,4
BRDA:4,0,1,1
BRDA:39,1,0,1
BRDA:39,1,1,1
BRF:4
BRH:4
end_of_record
TN:
SF:pages\api\update\services.js
FN:3,updateQuery
FNF:1
FNH:1
FNDA:5,updateQuery
DA:4,5
DA:6,4
DA:8,4
DA:13,4
DA:24,4
DA:33,3
DA:34,3
DA:36,3
DA:37,3
DA:39,2
DA:42,2
DA:43,1
DA:48,1
DA:51,1
DA:56,1
DA:59,1
DA:60,1
DA:65,1
LF:18
LH:18
BRDA:4,0,0,4
BRDA:4,0,1,1
BRDA:42,1,0,1
BRDA:42,1,1,1
BRF:4
BRH:4
end_of_record
TN:
SF:src\styles\colors\styles.color.js
FNF:0
FNH:0
DA:1,1
LF:1
LH:1
BRF:0
BRH:0
end_of_record
TN:
SF:src\styles\containers\containers.ts
FN:3,loginContainer
FN:11,labelModel1
FN:26,inputModel1
FN:35,containerModel1
FN:43,buttonModel1
FN:58,loadingBox
FN:73,loadingLabel
FN:90,topDiv
FN:101,sidebarDiv
FN:112,sidebarItems
FN:121,textLabel
FN:133,titleLabel
FN:150,logoutButton
FN:161,titleGroup1
FN:175,clientDataInputDiv
FN:188,cancelButton
FN:200,nextButton
FN:215,configuratorButton
FN:231,popContainer
FN:247,translucentContainer
FN:264,translucentBox
FN:282,menuItem
FNF:22
FNH:1
FNDA:0,loginContainer
FNDA:0,labelModel1
FNDA:0,inputModel1
FNDA:0,containerModel1
FNDA:0,buttonModel1
FNDA:0,loadingBox
FNDA:0,loadingLabel
FNDA:0,topDiv
FNDA:0,sidebarDiv
FNDA:1,sidebarItems
FNDA:0,textLabel
FNDA:0,titleLabel
FNDA:0,logoutButton
FNDA:0,titleGroup1
FNDA:0,clientDataInputDiv
FNDA:0,cancelButton
FNDA:0,nextButton
FNDA:0,configuratorButton
FNDA:0,popContainer
FNDA:0,translucentContainer
FNDA:0,translucentBox
FNDA:0,menuItem
DA:4,0
DA:12,0
DA:27,0
DA:36,0
DA:44,0
DA:59,0
DA:74,0
DA:91,0
DA:102,0
DA:113,1
DA:122,0
DA:134,0
DA:151,0
DA:162,0
DA:176,0
DA:189,0
DA:201,0
DA:216,0
DA:232,0
DA:248,0
DA:265,0
DA:283,0
LF:22
LH:1
BRF:0
BRH:0
end_of_record
TN:
SF:src\utils\dafaults.fn.js
FN:4,handleSidebar
FN:25,sidebarLinks
FN:29,(anonymous_2)
FN:35,(anonymous_3)
FN:36,(anonymous_4)
FN:39,(anonymous_5)
FN:47,(anonymous_6)
FN:54,logout
FN:67,resultFetch
FN:73,getTime
FN:76,(anonymous_10)
FNF:11
FNH:7
FNDA:2,handleSidebar
FNDA:2,sidebarLinks
FNDA:2,(anonymous_2)
FNDA:0,(anonymous_3)
FNDA:0,(anonymous_4)
FNDA:0,(anonymous_5)
FNDA:2,(anonymous_6)
FNDA:0,logout
FNDA:1,resultFetch
FNDA:1,getTime
FNDA:7,(anonymous_10)
DA:5,2
DA:6,2
DA:7,1
DA:8,1
DA:9,1
DA:10,1
DA:11,1
DA:13,1
DA:14,1
DA:15,1
DA:16,1
DA:17,1
DA:18,1
DA:21,0
DA:26,2
DA:28,2
DA:29,1
DA:30,2
DA:31,2
DA:32,2
DA:33,2
DA:34,2
DA:35,2
DA:36,2
DA:37,0
DA:39,2
DA:40,0
DA:42,2
DA:44,2
DA:46,1
DA:47,1
DA:48,2
DA:49,2
DA:55,0
DA:57,0
DA:59,0
DA:62,0
DA:63,0
DA:68,1
DA:69,1
DA:70,1
DA:74,1
DA:76,7
DA:78,1
DA:79,1
DA:80,1
DA:82,1
DA:83,1
DA:84,1
DA:86,1
DA:87,1
DA:89,1
DA:91,1
LF:53
LH:45
BRDA:5,0,0,2
BRDA:5,0,1,0
BRDA:6,1,0,1
BRDA:6,1,1,1
BRDA:28,2,0,1
BRDA:28,2,1,1
BRDA:46,3,0,1
BRDA:46,3,1,0
BRDA:49,4,0,0
BRDA:49,4,1,2
BRDA:62,5,0,0
BRDA:62,5,1,0
BRDA:62,6,0,0
BRDA:62,6,1,0
BRDA:76,7,0,5
BRF:15
BRH:8
end_of_record
TN:
SF:tests\backend\login.test.jsx
FN:20,(anonymous_0)
FN:23,(anonymous_1)
FN:28,(anonymous_2)
FN:44,(anonymous_3)
FN:45,(anonymous_4)
FN:52,(anonymous_5)
FN:60,(anonymous_6)
FN:72,(anonymous_7)
FN:73,(anonymous_8)
FN:78,(anonymous_9)
FN:88,(anonymous_10)
FN:103,(anonymous_11)
FN:109,(anonymous_12)
FN:118,(anonymous_13)
FN:122,(anonymous_14)
FN:128,(anonymous_15)
FN:136,(anonymous_16)
FN:146,(anonymous_17)
FN:159,(anonymous_18)
FN:165,(anonymous_19)
FNF:20
FNH:0
FNDA:0,(anonymous_0)
FNDA:0,(anonymous_1)
FNDA:0,(anonymous_2)
FNDA:0,(anonymous_3)
FNDA:0,(anonymous_4)
FNDA:0,(anonymous_5)
FNDA:0,(anonymous_6)
FNDA:0,(anonymous_7)
FNDA:0,(anonymous_8)
FNDA:0,(anonymous_9)
FNDA:0,(anonymous_10)
FNDA:0,(anonymous_11)
FNDA:0,(anonymous_12)
FNDA:0,(anonymous_13)
FNDA:0,(anonymous_14)
FNDA:0,(anonymous_15)
FNDA:0,(anonymous_16)
FNDA:0,(anonymous_17)
FNDA:0,(anonymous_18)
FNDA:0,(anonymous_19)
DA:5,0
DA:10,0
DA:17,0
DA:20,0
DA:21,0
DA:23,0
DA:28,0
DA:29,0
DA:30,0
DA:38,0
DA:39,0
DA:44,0
DA:45,0
DA:52,0
DA:53,0
DA:54,0
DA:56,0
DA:57,0
DA:60,0
DA:61,0
DA:62,0
DA:64,0
DA:65,0
DA:72,0
DA:73,0
DA:74,0
DA:75,0
DA:78,0
DA:79,0
DA:81,0
DA:85,0
DA:88,0
DA:89,0
DA:91,0
DA:94,0
DA:96,0
DA:97,0
DA:99,0
DA:100,0
DA:103,0
DA:104,0
DA:105,0
DA:106,0
DA:109,0
DA:110,0
DA:112,0
DA:113,0
DA:115,0
DA:118,0
DA:119,0
DA:122,0
DA:125,0
DA:126,0
DA:128,0
DA:129,0
DA:136,0
DA:137,0
DA:139,0
DA:143,0
DA:146,0
DA:147,0
DA:148,0
DA:150,0
DA:152,0
DA:154,0
DA:155,0
DA:156,0
DA:159,0
DA:160,0
DA:161,0
DA:162,0
DA:165,0
DA:166,0
DA:167,0
DA:168,0
LF:75
LH:0
BRDA:48,0,0,0
BRDA:48,0,1,0
BRF:2
BRH:0
end_of_record
TN:
SF:tests\backend\openRNC.test.jsx
FN:24,(anonymous_0)
FN:26,(anonymous_1)
FN:40,(anonymous_2)
FN:45,(anonymous_3)
FN:52,(anonymous_4)
FN:56,(anonymous_5)
FN:65,(anonymous_6)
FN:74,(anonymous_7)
FN:83,(anonymous_8)
FN:95,(anonymous_9)
FN:96,(anonymous_10)
FN:102,(anonymous_11)
FN:108,(anonymous_12)
FN:114,(anonymous_13)
FN:120,(anonymous_14)
FN:128,(anonymous_15)
FN:129,(anonymous_16)
FN:138,(anonymous_17)
FN:150,(anonymous_18)
FN:151,(anonymous_19)
FN:170,(anonymous_20)
FN:195,(anonymous_21)
FN:206,(anonymous_22)
FN:212,(anonymous_23)
FN:221,(anonymous_24)
FN:224,(anonymous_25)
FN:227,(anonymous_26)
FN:233,(anonymous_27)
FNF:28
FNH:0
FNDA:0,(anonymous_0)
FNDA:0,(anonymous_1)
FNDA:0,(anonymous_2)
FNDA:0,(anonymous_3)
FNDA:0,(anonymous_4)
FNDA:0,(anonymous_5)
FNDA:0,(anonymous_6)
FNDA:0,(anonymous_7)
FNDA:0,(anonymous_8)
FNDA:0,(anonymous_9)
FNDA:0,(anonymous_10)
FNDA:0,(anonymous_11)
FNDA:0,(anonymous_12)
FNDA:0,(anonymous_13)
FNDA:0,(anonymous_14)
FNDA:0,(anonymous_15)
FNDA:0,(anonymous_16)
FNDA:0,(anonymous_17)
FNDA:0,(anonymous_18)
FNDA:0,(anonymous_19)
FNDA:0,(anonymous_20)
FNDA:0,(anonymous_21)
FNDA:0,(anonymous_22)
FNDA:0,(anonymous_23)
FNDA:0,(anonymous_24)
FNDA:0,(anonymous_25)
FNDA:0,(anonymous_26)
FNDA:0,(anonymous_27)
DA:5,0
DA:17,0
DA:19,0
DA:20,0
DA:22,0
DA:24,0
DA:25,0
DA:26,0
DA:30,0
DA:31,0
DA:32,0
DA:40,0
DA:41,0
DA:42,0
DA:43,0
DA:45,0
DA:52,0
DA:53,0
DA:56,0
DA:57,0
DA:58,0
DA:59,0
DA:61,0
DA:62,0
DA:65,0
DA:66,0
DA:67,0
DA:68,0
DA:70,0
DA:71,0
DA:74,0
DA:75,0
DA:76,0
DA:77,0
DA:79,0
DA:80,0
DA:83,0
DA:84,0
DA:85,0
DA:86,0
DA:88,0
DA:89,0
DA:95,0
DA:96,0
DA:97,0
DA:100,0
DA:102,0
DA:103,0
DA:104,0
DA:105,0
DA:108,0
DA:109,0
DA:110,0
DA:111,0
DA:114,0
DA:115,0
DA:116,0
DA:117,0
DA:120,0
DA:121,0
DA:122,0
DA:128,0
DA:129,0
DA:130,0
DA:131,0
DA:132,0
DA:134,0
DA:135,0
DA:138,0
DA:139,0
DA:140,0
DA:141,0
DA:143,0
DA:144,0
DA:150,0
DA:151,0
DA:152,0
DA:153,0
DA:155,0
DA:159,0
DA:162,0
DA:166,0
DA:167,0
DA:170,0
DA:171,0
DA:172,0
DA:174,0
DA:178,0
DA:181,0
DA:185,0
DA:186,0
DA:195,0
DA:196,0
DA:197,0
DA:198,0
DA:199,0
DA:200,0
DA:201,0
DA:202,0
DA:203,0
DA:204,0
DA:206,0
DA:207,0
DA:208,0
DA:209,0
DA:212,0
DA:213,0
DA:214,0
DA:215,0
DA:216,0
DA:217,0
DA:219,0
DA:221,0
DA:224,0
DA:227,0
DA:231,0
DA:233,0
DA:237,0
DA:251,0
DA:252,0
DA:255,0
DA:257,0
DA:258,0
DA:259,0
DA:260,0
DA:261,0
DA:262,0
DA:264,0
LF:128
LH:0
BRDA:48,0,0,0
BRDA:48,0,1,0
BRF:2
BRH:0
end_of_record
TN:
SF:tests\frontend\index_ui.test.js
FN:12,(anonymous_0)
FN:17,(anonymous_1)
FN:17,(anonymous_2)
FN:18,(anonymous_3)
FN:21,(anonymous_4)
FN:22,(anonymous_5)
FN:23,(anonymous_6)
FN:24,(anonymous_7)
FN:26,(anonymous_8)
FN:34,(anonymous_9)
FN:42,(anonymous_10)
FN:47,(anonymous_11)
FN:54,(anonymous_12)
FN:66,(anonymous_13)
FN:80,(anonymous_14)
FN:81,(anonymous_15)
FN:97,(anonymous_16)
FN:98,(anonymous_17)
FN:102,(anonymous_18)
FN:110,(anonymous_19)
FN:118,(anonymous_20)
FN:128,(anonymous_21)
FNF:22
FNH:0
FNDA:0,(anonymous_0)
FNDA:0,(anonymous_1)
FNDA:0,(anonymous_2)
FNDA:0,(anonymous_3)
FNDA:0,(anonymous_4)
FNDA:0,(anonymous_5)
FNDA:0,(anonymous_6)
FNDA:0,(anonymous_7)
FNDA:0,(anonymous_8)
FNDA:0,(anonymous_9)
FNDA:0,(anonymous_10)
FNDA:0,(anonymous_11)
FNDA:0,(anonymous_12)
FNDA:0,(anonymous_13)
FNDA:0,(anonymous_14)
FNDA:0,(anonymous_15)
FNDA:0,(anonymous_16)
FNDA:0,(anonymous_17)
FNDA:0,(anonymous_18)
FNDA:0,(anonymous_19)
FNDA:0,(anonymous_20)
FNDA:0,(anonymous_21)
DA:12,0
DA:17,0
DA:18,0
DA:21,0
DA:22,0
DA:23,0
DA:24,0
DA:26,0
DA:34,0
DA:35,0
DA:42,0
DA:43,0
DA:47,0
DA:48,0
DA:49,0
DA:50,0
DA:54,0
DA:55,0
DA:61,0
DA:62,0
DA:66,0
DA:67,0
DA:68,0
DA:70,0
DA:75,0
DA:76,0
DA:80,0
DA:81,0
DA:82,0
DA:85,0
DA:90,0
DA:91,0
DA:97,0
DA:98,0
DA:99,0
DA:102,0
DA:103,0
DA:104,0
DA:106,0
DA:110,0
DA:111,0
DA:112,0
DA:114,0
DA:118,0
DA:119,0
DA:120,0
DA:121,0
DA:123,0
DA:124,0
DA:128,0
DA:129,0
DA:132,0
DA:133,0
DA:136,0
DA:137,0
DA:141,0
DA:142,0
DA:145,0
DA:148,0
DA:149,0
DA:152,0
DA:153,0
DA:154,0
DA:156,0
LF:64
LH:0
BRF:0
BRH:0
end_of_record
TN:
SF:tests\frontend\styles.test.js
FN:4,(anonymous_0)
FN:7,(anonymous_1)
FN:10,(anonymous_2)
FN:14,(anonymous_3)
FN:19,(anonymous_4)
FN:24,(anonymous_5)
FN:29,(anonymous_6)
FN:34,(anonymous_7)
FN:38,(anonymous_8)
FN:44,(anonymous_9)
FN:47,(anonymous_10)
FN:51,(anonymous_11)
FN:56,(anonymous_12)
FN:61,(anonymous_13)
FN:66,(anonymous_14)
FN:71,(anonymous_15)
FN:75,(anonymous_16)
FN:81,(anonymous_17)
FN:83,(anonymous_18)
FN:88,(anonymous_19)
FN:93,(anonymous_20)
FN:98,(anonymous_21)
FN:105,(anonymous_22)
FN:108,(anonymous_23)
FN:113,(anonymous_24)
FN:118,(anonymous_25)
FNF:26
FNH:0
FNDA:0,(anonymous_0)
FNDA:0,(anonymous_1)
FNDA:0,(anonymous_2)
FNDA:0,(anonymous_3)
FNDA:0,(anonymous_4)
FNDA:0,(anonymous_5)
FNDA:0,(anonymous_6)
FNDA:0,(anonymous_7)
FNDA:0,(anonymous_8)
FNDA:0,(anonymous_9)
FNDA:0,(anonymous_10)
FNDA:0,(anonymous_11)
FNDA:0,(anonymous_12)
FNDA:0,(anonymous_13)
FNDA:0,(anonymous_14)
FNDA:0,(anonymous_15)
FNDA:0,(anonymous_16)
FNDA:0,(anonymous_17)
FNDA:0,(anonymous_18)
FNDA:0,(anonymous_19)
FNDA:0,(anonymous_20)
FNDA:0,(anonymous_21)
FNDA:0,(anonymous_22)
FNDA:0,(anonymous_23)
FNDA:0,(anonymous_24)
FNDA:0,(anonymous_25)
DA:4,0
DA:7,0
DA:8,0
DA:10,0
DA:11,0
DA:14,0
DA:15,0
DA:16,0
DA:19,0
DA:20,0
DA:21,0
DA:24,0
DA:25,0
DA:26,0
DA:29,0
DA:30,0
DA:31,0
DA:34,0
DA:35,0
DA:38,0
DA:39,0
DA:44,0
DA:45,0
DA:47,0
DA:48,0
DA:51,0
DA:52,0
DA:53,0
DA:56,0
DA:57,0
DA:58,0
DA:61,0
DA:62,0
DA:63,0
DA:66,0
DA:67,0
DA:68,0
DA:71,0
DA:72,0
DA:75,0
DA:76,0
DA:81,0
DA:83,0
DA:84,0
DA:85,0
DA:88,0
DA:89,0
DA:90,0
DA:93,0
DA:94,0
DA:95,0
DA:98,0
DA:99,0
DA:100,0
DA:105,0
DA:106,0
DA:108,0
DA:109,0
DA:110,0
DA:113,0
DA:114,0
DA:115,0
DA:118,0
DA:119,0
LF:64
LH:0
BRF:0
BRH:0
end_of_record
