TN:
SF:pages\api\add\quality\addCk.js
FN:4,(anonymous_0)
FN:6,insertQuery
FN:30,(anonymous_2)
FNF:3
FNH:3
FNDA:16,(anonymous_0)
FNDA:4,insertQuery
FNDA:2,(anonymous_2)
DA:4,16
DA:7,4
DA:8,1
DA:13,3
DA:14,3
DA:16,3
DA:17,0
DA:20,3
DA:21,3
DA:24,3
DA:25,1
DA:30,2
DA:31,2
DA:40,2
DA:47,2
DA:49,1
DA:55,1
DA:56,1
LF:18
LH:17
BRDA:4,0,0,10
BRDA:4,0,1,6
BRDA:7,1,0,1
BRDA:7,1,1,3
BRDA:16,2,0,0
BRDA:16,2,1,3
BRDA:20,3,0,3
BRDA:20,3,1,0
BRDA:20,4,0,3
BRDA:20,4,1,3
BRDA:24,5,0,1
BRDA:24,5,1,2
BRDA:51,6,0,1
BRDA:51,6,1,0
BRF:14
BRH:11
end_of_record
TN:
SF:pages\api\add\quality\clChecklist.js
FN:22,runMiddleware
FN:23,(anonymous_1)
FN:24,(anonymous_2)
FN:34,processQuestion
FN:43,(anonymous_4)
FN:67,insertQuestions
FN:87,(anonymous_6)
FN:102,(anonymous_7)
FN:122,insertQueryWithUpload
FN:146,(anonymous_9)
FN:147,(anonymous_10)
FNF:11
FNH:11
FNDA:4,runMiddleware
FNDA:4,(anonymous_1)
FNDA:4,(anonymous_2)
FNDA:11,processQuestion
FNDA:1,(anonymous_4)
FNDA:3,insertQuestions
FNDA:2,(anonymous_6)
FNDA:2,(anonymous_7)
FNDA:3,insertQueryWithUpload
FNDA:2,(anonymous_9)
FNDA:2,(anonymous_10)
DA:7,1
DA:14,1
DA:23,4
DA:24,4
DA:25,4
DA:26,3
DA:35,11
DA:37,4
DA:38,4
DA:39,4
DA:40,4
DA:42,4
DA:43,1
DA:44,1
DA:45,1
DA:46,1
DA:47,1
DA:50,3
DA:53,4
DA:60,0
DA:61,0
DA:68,3
DA:70,2
DA:83,2
DA:85,2
DA:88,2
DA:94,2
DA:102,2
DA:116,2
DA:117,2
DA:123,3
DA:124,1
DA:130,2
DA:131,2
DA:133,2
DA:135,2
DA:136,8
DA:137,8
DA:140,2
DA:141,0
DA:146,2
DA:147,2
DA:149,2
DA:151,2
DA:152,2
DA:154,2
DA:155,2
DA:157,2
DA:158,1
DA:164,1
DA:166,1
DA:167,0
DA:168,0
DA:172,2
DA:175,1
DA:181,1
DA:186,0
DA:191,1
DA:192,1
LF:59
LH:53
BRDA:9,0,0,0
BRDA:9,0,1,1
BRDA:25,1,0,1
BRDA:25,1,1,3
BRDA:35,2,0,7
BRDA:35,2,1,4
BRDA:42,3,0,1
BRDA:42,3,1,3
BRDA:44,4,0,1
BRDA:44,4,1,0
BRDA:50,5,0,3
BRDA:50,5,1,0
BRDA:68,6,0,1
BRDA:68,6,1,2
BRDA:123,7,0,1
BRDA:123,7,1,2
BRDA:137,8,0,2
BRDA:137,8,1,6
BRDA:140,9,0,0
BRDA:140,9,1,2
BRDA:181,10,0,0
BRDA:181,10,1,1
BRDA:182,11,0,1
BRDA:182,11,1,1
BRDA:182,11,2,1
BRF:25
BRH:20
end_of_record
TN:
SF:pages\api\update\headRNC.js
FN:3,updateQuery
FNF:1
FNH:1
FNDA:6,updateQuery
DA:5,6
DA:8,5
DA:11,5
DA:12,2
DA:21,3
DA:34,3
DA:45,3
DA:47,3
DA:48,3
DA:51,2
DA:53,2
DA:55,1
DA:62,1
DA:67,1
DA:73,1
DA:76,1
DA:77,1
DA:82,1
LF:18
LH:18
BRDA:5,0,0,5
BRDA:5,0,1,1
BRDA:11,1,0,2
BRDA:11,1,1,3
BRDA:11,2,0,5
BRDA:11,2,1,5
BRDA:11,2,2,4
BRDA:53,3,0,1
BRDA:53,3,1,1
BRF:9
BRH:9
end_of_record
TN:
SF:pages\api\update\plan.js
FN:3,updateQuery
FNF:1
FNH:1
FNDA:5,updateQuery
DA:4,5
DA:6,4
DA:8,4
DA:11,4
DA:22,4
DA:30,3
DA:31,3
DA:33,3
DA:34,3
DA:36,2
DA:39,2
DA:40,1
DA:45,1
DA:48,1
DA:53,1
DA:56,1
DA:57,1
DA:62,1
LF:18
LH:18
BRDA:4,0,0,4
BRDA:4,0,1,1
BRDA:39,1,0,1
BRDA:39,1,1,1
BRF:4
BRH:4
end_of_record
TN:
SF:pages\api\update\services.js
FN:3,updateQuery
FNF:1
FNH:1
FNDA:5,updateQuery
DA:4,5
DA:6,4
DA:8,4
DA:13,4
DA:24,4
DA:33,3
DA:34,3
DA:36,3
DA:37,3
DA:39,2
DA:42,2
DA:43,1
DA:48,1
DA:51,1
DA:56,1
DA:59,1
DA:60,1
DA:65,1
LF:18
LH:18
BRDA:4,0,0,4
BRDA:4,0,1,1
BRDA:42,1,0,1
BRDA:42,1,1,1
BRF:4
BRH:4
end_of_record
TN:
SF:src\styles\colors\styles.color.js
FNF:0
FNH:0
DA:1,1
LF:1
LH:1
BRF:0
BRH:0
end_of_record
TN:
SF:src\styles\containers\containers.ts
FN:3,loginContainer
FN:11,labelModel1
FN:26,inputModel1
FN:35,containerModel1
FN:43,buttonModel1
FN:58,loadingBox
FN:73,loadingLabel
FN:90,topDiv
FN:101,sidebarDiv
FN:112,sidebarItems
FN:121,textLabel
FN:133,titleLabel
FN:150,logoutButton
FN:161,titleGroup1
FN:175,clientDataInputDiv
FN:188,cancelButton
FN:200,nextButton
FN:215,configuratorButton
FN:231,popContainer
FN:247,translucentContainer
FN:264,translucentBox
FN:282,menuItem
FNF:22
FNH:1
FNDA:0,loginContainer
FNDA:0,labelModel1
FNDA:0,inputModel1
FNDA:0,containerModel1
FNDA:0,buttonModel1
FNDA:0,loadingBox
FNDA:0,loadingLabel
FNDA:0,topDiv
FNDA:0,sidebarDiv
FNDA:1,sidebarItems
FNDA:0,textLabel
FNDA:0,titleLabel
FNDA:0,logoutButton
FNDA:0,titleGroup1
FNDA:0,clientDataInputDiv
FNDA:0,cancelButton
FNDA:0,nextButton
FNDA:0,configuratorButton
FNDA:0,popContainer
FNDA:0,translucentContainer
FNDA:0,translucentBox
FNDA:0,menuItem
DA:4,0
DA:12,0
DA:27,0
DA:36,0
DA:44,0
DA:59,0
DA:74,0
DA:91,0
DA:102,0
DA:113,1
DA:122,0
DA:134,0
DA:151,0
DA:162,0
DA:176,0
DA:189,0
DA:201,0
DA:216,0
DA:232,0
DA:248,0
DA:265,0
DA:283,0
LF:22
LH:1
BRF:0
BRH:0
end_of_record
TN:
SF:src\utils\dafaults.fn.js
FN:4,handleSidebar
FN:25,sidebarLinks
FN:29,(anonymous_2)
FN:35,(anonymous_3)
FN:36,(anonymous_4)
FN:39,(anonymous_5)
FN:47,(anonymous_6)
FN:54,logout
FN:67,resultFetch
FN:73,getTime
FN:76,(anonymous_10)
FNF:11
FNH:7
FNDA:2,handleSidebar
FNDA:2,sidebarLinks
FNDA:2,(anonymous_2)
FNDA:0,(anonymous_3)
FNDA:0,(anonymous_4)
FNDA:0,(anonymous_5)
FNDA:2,(anonymous_6)
FNDA:0,logout
FNDA:1,resultFetch
FNDA:1,getTime
FNDA:7,(anonymous_10)
DA:5,2
DA:6,2
DA:7,1
DA:8,1
DA:9,1
DA:10,1
DA:11,1
DA:13,1
DA:14,1
DA:15,1
DA:16,1
DA:17,1
DA:18,1
DA:21,0
DA:26,2
DA:28,2
DA:29,1
DA:30,2
DA:31,2
DA:32,2
DA:33,2
DA:34,2
DA:35,2
DA:36,2
DA:37,0
DA:39,2
DA:40,0
DA:42,2
DA:44,2
DA:46,1
DA:47,1
DA:48,2
DA:49,2
DA:55,0
DA:57,0
DA:59,0
DA:62,0
DA:63,0
DA:68,1
DA:69,1
DA:70,1
DA:74,1
DA:76,7
DA:78,1
DA:79,1
DA:80,1
DA:82,1
DA:83,1
DA:84,1
DA:86,1
DA:87,1
DA:89,1
DA:91,1
LF:53
LH:45
BRDA:5,0,0,2
BRDA:5,0,1,0
BRDA:6,1,0,1
BRDA:6,1,1,1
BRDA:28,2,0,1
BRDA:28,2,1,1
BRDA:46,3,0,1
BRDA:46,3,1,0
BRDA:49,4,0,0
BRDA:49,4,1,2
BRDA:62,5,0,0
BRDA:62,5,1,0
BRDA:62,6,0,0
BRDA:62,6,1,0
BRDA:76,7,0,5
BRF:15
BRH:8
end_of_record
