<?xml version="1.0" encoding="UTF-8"?>
<coverage generated="1765299112246" clover="3.2.0">
  <project timestamp="1765299112246" name="All files">
    <metrics statements="153" coveredstatements="102" conditionals="71" coveredconditionals="62" methods="76" coveredmethods="37" elements="300" coveredelements="201" complexity="0" loc="153" ncloc="153" packages="4" files="4" classes="4"/>
    <package name="pages">
      <metrics statements="126" coveredstatements="75" conditionals="45" coveredconditionals="36" methods="51" coveredmethods="12"/>
      <file name="index.js" path="C:\Users\infra\OneDrive\Ambiente de Trabalho\tcc\TCC\pages\index.js">
        <metrics statements="126" coveredstatements="75" conditionals="45" coveredconditionals="36" methods="51" coveredmethods="12"/>
        <line num="13" count="4" type="cond" truecount="1" falsecount="1"/>
        <line num="15" count="4" type="stmt"/>
        <line num="20" count="4" type="cond" truecount="2" falsecount="0"/>
        <line num="21" count="4" type="stmt"/>
        <line num="23" count="4" type="cond" truecount="2" falsecount="0"/>
        <line num="24" count="2" type="stmt"/>
        <line num="26" count="2" type="stmt"/>
        <line num="28" count="1" type="stmt"/>
        <line num="31" count="4" type="stmt"/>
        <line num="42" count="1" type="stmt"/>
        <line num="44" count="210" type="cond" truecount="2" falsecount="0"/>
        <line num="46" count="70" type="cond" truecount="0" falsecount="1"/>
        <line num="56" count="7" type="stmt"/>
        <line num="62" count="7" type="stmt"/>
        <line num="68" count="7" type="stmt"/>
        <line num="80" count="56" type="stmt"/>
        <line num="85" count="7" type="stmt"/>
        <line num="86" count="7" type="stmt"/>
        <line num="87" count="7" type="stmt"/>
        <line num="88" count="7" type="stmt"/>
        <line num="89" count="7" type="stmt"/>
        <line num="90" count="7" type="stmt"/>
        <line num="91" count="7" type="stmt"/>
        <line num="92" count="7" type="stmt"/>
        <line num="95" count="7" type="stmt"/>
        <line num="104" count="7" type="stmt"/>
        <line num="111" count="7" type="stmt"/>
        <line num="120" count="7" type="stmt"/>
        <line num="127" count="7" type="stmt"/>
        <line num="143" count="7" type="stmt"/>
        <line num="161" count="7" type="stmt"/>
        <line num="173" count="7" type="stmt"/>
        <line num="174" count="7" type="stmt"/>
        <line num="175" count="7" type="stmt"/>
        <line num="176" count="7" type="stmt"/>
        <line num="177" count="7" type="stmt"/>
        <line num="180" count="7" type="stmt"/>
        <line num="181" count="7" type="stmt"/>
        <line num="182" count="7" type="stmt"/>
        <line num="183" count="7" type="stmt"/>
        <line num="189" count="7" type="stmt"/>
        <line num="192" count="7" type="stmt"/>
        <line num="193" count="14" type="stmt"/>
        <line num="195" count="14" type="stmt"/>
        <line num="197" count="14" type="cond" truecount="2" falsecount="0"/>
        <line num="198" count="7" type="stmt"/>
        <line num="199" count="7" type="cond" truecount="2" falsecount="0"/>
        <line num="200" count="1" type="stmt"/>
        <line num="202" count="14" type="stmt"/>
        <line num="206" count="7" type="stmt"/>
        <line num="208" count="5" type="stmt"/>
        <line num="209" count="5" type="stmt"/>
        <line num="210" count="5" type="stmt"/>
        <line num="211" count="5" type="stmt"/>
        <line num="212" count="5" type="stmt"/>
        <line num="213" count="5" type="stmt"/>
        <line num="214" count="5" type="stmt"/>
        <line num="216" count="5" type="stmt"/>
        <line num="217" count="5" type="stmt"/>
        <line num="218" count="5" type="stmt"/>
        <line num="219" count="5" type="stmt"/>
        <line num="222" count="5" type="stmt"/>
        <line num="223" count="5" type="stmt"/>
        <line num="224" count="5" type="stmt"/>
        <line num="226" count="5" type="stmt"/>
        <line num="227" count="5" type="stmt"/>
        <line num="230" count="5" type="cond" truecount="1" falsecount="1"/>
        <line num="235" count="5" type="cond" truecount="1" falsecount="1"/>
        <line num="236" count="0" type="stmt"/>
        <line num="237" count="0" type="stmt"/>
        <line num="238" count="0" type="stmt"/>
        <line num="243" count="7" type="cond" truecount="2" falsecount="0"/>
        <line num="244" count="1" type="stmt"/>
        <line num="257" count="0" type="stmt"/>
        <line num="274" count="0" type="stmt"/>
        <line num="282" count="0" type="stmt"/>
        <line num="283" count="0" type="stmt"/>
        <line num="284" count="0" type="stmt"/>
        <line num="292" count="0" type="stmt"/>
        <line num="293" count="0" type="stmt"/>
        <line num="294" count="0" type="stmt"/>
        <line num="307" count="0" type="stmt"/>
        <line num="311" count="0" type="stmt"/>
        <line num="315" count="0" type="stmt"/>
        <line num="316" count="0" type="stmt"/>
        <line num="328" count="0" type="stmt"/>
        <line num="332" count="0" type="stmt"/>
        <line num="335" count="0" type="stmt"/>
        <line num="336" count="0" type="stmt"/>
        <line num="352" count="0" type="stmt"/>
        <line num="356" count="0" type="stmt"/>
        <line num="359" count="0" type="stmt"/>
        <line num="360" count="0" type="stmt"/>
        <line num="382" count="6" type="stmt"/>
        <line num="395" count="0" type="stmt"/>
        <line num="412" count="1" type="stmt"/>
        <line num="420" count="0" type="stmt"/>
        <line num="421" count="1" type="stmt"/>
        <line num="422" count="1" type="stmt"/>
        <line num="432" count="1" type="stmt"/>
        <line num="433" count="0" type="stmt"/>
        <line num="434" count="0" type="stmt"/>
        <line num="454" count="0" type="stmt"/>
        <line num="456" count="0" type="stmt"/>
        <line num="458" count="0" type="stmt"/>
        <line num="459" count="0" type="stmt"/>
        <line num="470" count="0" type="stmt"/>
        <line num="472" count="0" type="stmt"/>
        <line num="474" count="0" type="stmt"/>
        <line num="475" count="0" type="stmt"/>
        <line num="486" count="0" type="stmt"/>
        <line num="488" count="0" type="stmt"/>
        <line num="490" count="0" type="stmt"/>
        <line num="491" count="0" type="stmt"/>
        <line num="502" count="0" type="stmt"/>
        <line num="504" count="0" type="stmt"/>
        <line num="506" count="0" type="stmt"/>
        <line num="507" count="0" type="stmt"/>
        <line num="516" count="0" type="stmt"/>
        <line num="518" count="0" type="stmt"/>
        <line num="520" count="0" type="stmt"/>
        <line num="521" count="0" type="stmt"/>
        <line num="535" count="0" type="stmt"/>
        <line num="539" count="0" type="stmt"/>
        <line num="542" count="0" type="stmt"/>
        <line num="543" count="0" type="stmt"/>
      </file>
    </package>
    <package name="src">
      <metrics statements="4" coveredstatements="4" conditionals="26" coveredconditionals="26" methods="3" coveredmethods="3"/>
      <file name="styles.js" path="C:\Users\infra\OneDrive\Ambiente de Trabalho\tcc\TCC\src\styles.js">
        <metrics statements="4" coveredstatements="4" conditionals="26" coveredconditionals="26" methods="3" coveredmethods="3"/>
        <line num="2" count="7" type="stmt"/>
        <line num="101" count="2" type="stmt"/>
        <line num="112" count="2" type="stmt"/>
        <line num="181" count="7" type="stmt"/>
      </file>
    </package>
    <package name="src.styles.colors">
      <metrics statements="1" coveredstatements="1" conditionals="0" coveredconditionals="0" methods="0" coveredmethods="0"/>
      <file name="styles.color.js" path="C:\Users\infra\OneDrive\Ambiente de Trabalho\tcc\TCC\src\styles\colors\styles.color.js">
        <metrics statements="1" coveredstatements="1" conditionals="0" coveredconditionals="0" methods="0" coveredmethods="0"/>
        <line num="1" count="1" type="stmt"/>
      </file>
    </package>
    <package name="src.styles.containers">
      <metrics statements="22" coveredstatements="22" conditionals="0" coveredconditionals="0" methods="22" coveredmethods="22"/>
      <file name="containers.ts" path="C:\Users\infra\OneDrive\Ambiente de Trabalho\tcc\TCC\src\styles\containers\containers.ts">
        <metrics statements="22" coveredstatements="22" conditionals="0" coveredconditionals="0" methods="22" coveredmethods="22"/>
        <line num="4" count="1" type="stmt"/>
        <line num="12" count="1" type="stmt"/>
        <line num="27" count="1" type="stmt"/>
        <line num="36" count="1" type="stmt"/>
        <line num="44" count="1" type="stmt"/>
        <line num="59" count="1" type="stmt"/>
        <line num="74" count="1" type="stmt"/>
        <line num="91" count="1" type="stmt"/>
        <line num="102" count="1" type="stmt"/>
        <line num="113" count="1" type="stmt"/>
        <line num="122" count="1" type="stmt"/>
        <line num="134" count="1" type="stmt"/>
        <line num="151" count="1" type="stmt"/>
        <line num="162" count="1" type="stmt"/>
        <line num="176" count="1" type="stmt"/>
        <line num="189" count="1" type="stmt"/>
        <line num="201" count="1" type="stmt"/>
        <line num="216" count="1" type="stmt"/>
        <line num="232" count="1" type="stmt"/>
        <line num="248" count="1" type="stmt"/>
        <line num="265" count="1" type="stmt"/>
        <line num="283" count="1" type="stmt"/>
      </file>
    </package>
  </project>
</coverage>
