<?xml version="1.0" encoding="UTF-8"?>
<coverage generated="1764606658394" clover="3.2.0">
  <project timestamp="1764606658394" name="All files">
    <metrics statements="158" coveredstatements="98" conditionals="136" coveredconditionals="128" methods="78" coveredmethods="33" elements="372" coveredelements="259" complexity="0" loc="158" ncloc="158" packages="4" files="4" classes="4"/>
    <package name="pages">
      <metrics statements="131" coveredstatements="71" conditionals="110" coveredconditionals="102" methods="53" coveredmethods="8"/>
      <file name="index.js" path="C:\Users\infra\OneDrive\Ambiente de Trabalho\tcc\TCC\pages\index.js">
        <metrics statements="131" coveredstatements="71" conditionals="110" coveredconditionals="102" methods="53" coveredmethods="8"/>
        <line num="13" count="4" type="cond" truecount="1" falsecount="1"/>
        <line num="15" count="4" type="stmt"/>
        <line num="20" count="4" type="cond" truecount="2" falsecount="0"/>
        <line num="21" count="4" type="stmt"/>
        <line num="23" count="4" type="cond" truecount="2" falsecount="0"/>
        <line num="24" count="2" type="stmt"/>
        <line num="26" count="2" type="stmt"/>
        <line num="28" count="1" type="stmt"/>
        <line num="31" count="4" type="stmt"/>
        <line num="35" count="7" type="stmt"/>
        <line num="36" count="7" type="stmt"/>
        <line num="37" count="7" type="stmt"/>
        <line num="38" count="7" type="stmt"/>
        <line num="39" count="7" type="stmt"/>
        <line num="41" count="7" type="stmt"/>
        <line num="42" count="7" type="stmt"/>
        <line num="43" count="7" type="stmt"/>
        <line num="44" count="7" type="stmt"/>
        <line num="46" count="7" type="stmt"/>
        <line num="56" count="7" type="stmt"/>
        <line num="66" count="7" type="stmt"/>
        <line num="77" count="7" type="stmt"/>
        <line num="88" count="7" type="stmt"/>
        <line num="99" count="7" type="stmt"/>
        <line num="110" count="7" type="stmt"/>
        <line num="121" count="7" type="stmt"/>
        <line num="132" count="7" type="stmt"/>
        <line num="143" count="7" type="stmt"/>
        <line num="154" count="7" type="stmt"/>
        <line num="165" count="7" type="stmt"/>
        <line num="176" count="7" type="stmt"/>
        <line num="187" count="7" type="stmt"/>
        <line num="196" count="7" type="stmt"/>
        <line num="203" count="7" type="stmt"/>
        <line num="212" count="7" type="stmt"/>
        <line num="219" count="7" type="stmt"/>
        <line num="235" count="7" type="stmt"/>
        <line num="253" count="7" type="stmt"/>
        <line num="254" count="5" type="stmt"/>
        <line num="255" count="5" type="stmt"/>
        <line num="256" count="5" type="stmt"/>
        <line num="257" count="5" type="stmt"/>
        <line num="258" count="5" type="stmt"/>
        <line num="259" count="5" type="stmt"/>
        <line num="260" count="5" type="stmt"/>
        <line num="262" count="5" type="stmt"/>
        <line num="263" count="5" type="stmt"/>
        <line num="264" count="5" type="stmt"/>
        <line num="265" count="5" type="stmt"/>
        <line num="268" count="5" type="stmt"/>
        <line num="269" count="5" type="stmt"/>
        <line num="270" count="5" type="stmt"/>
        <line num="272" count="5" type="stmt"/>
        <line num="273" count="5" type="stmt"/>
        <line num="275" count="5" type="cond" truecount="1" falsecount="1"/>
        <line num="276" count="0" type="stmt"/>
        <line num="279" count="5" type="cond" truecount="1" falsecount="1"/>
        <line num="280" count="0" type="stmt"/>
        <line num="281" count="0" type="stmt"/>
        <line num="282" count="0" type="stmt"/>
        <line num="286" count="7" type="stmt"/>
        <line num="287" count="14" type="stmt"/>
        <line num="289" count="14" type="stmt"/>
        <line num="291" count="14" type="cond" truecount="2" falsecount="0"/>
        <line num="292" count="7" type="stmt"/>
        <line num="293" count="7" type="cond" truecount="2" falsecount="0"/>
        <line num="294" count="1" type="stmt"/>
        <line num="296" count="14" type="stmt"/>
        <line num="299" count="7" type="cond" truecount="2" falsecount="0"/>
        <line num="300" count="1" type="stmt"/>
        <line num="313" count="0" type="stmt"/>
        <line num="330" count="0" type="stmt"/>
        <line num="338" count="0" type="stmt"/>
        <line num="339" count="0" type="stmt"/>
        <line num="340" count="0" type="stmt"/>
        <line num="348" count="0" type="stmt"/>
        <line num="349" count="0" type="stmt"/>
        <line num="350" count="0" type="stmt"/>
        <line num="363" count="0" type="stmt"/>
        <line num="367" count="0" type="stmt"/>
        <line num="371" count="0" type="stmt"/>
        <line num="372" count="0" type="stmt"/>
        <line num="384" count="0" type="stmt"/>
        <line num="388" count="0" type="stmt"/>
        <line num="391" count="0" type="stmt"/>
        <line num="392" count="0" type="stmt"/>
        <line num="408" count="0" type="stmt"/>
        <line num="412" count="0" type="stmt"/>
        <line num="415" count="0" type="stmt"/>
        <line num="416" count="0" type="stmt"/>
        <line num="428" count="0" type="stmt"/>
        <line num="432" count="0" type="stmt"/>
        <line num="435" count="0" type="stmt"/>
        <line num="436" count="0" type="stmt"/>
        <line num="448" count="0" type="stmt"/>
        <line num="450" count="0" type="stmt"/>
        <line num="452" count="0" type="stmt"/>
        <line num="453" count="0" type="stmt"/>
        <line num="473" count="6" type="stmt"/>
        <line num="486" count="0" type="stmt"/>
        <line num="503" count="1" type="stmt"/>
        <line num="511" count="0" type="stmt"/>
        <line num="512" count="1" type="stmt"/>
        <line num="513" count="1" type="stmt"/>
        <line num="523" count="1" type="stmt"/>
        <line num="524" count="0" type="stmt"/>
        <line num="525" count="0" type="stmt"/>
        <line num="545" count="0" type="stmt"/>
        <line num="547" count="0" type="stmt"/>
        <line num="549" count="0" type="stmt"/>
        <line num="550" count="0" type="stmt"/>
        <line num="561" count="0" type="stmt"/>
        <line num="563" count="0" type="stmt"/>
        <line num="565" count="0" type="stmt"/>
        <line num="566" count="0" type="stmt"/>
        <line num="577" count="0" type="stmt"/>
        <line num="579" count="0" type="stmt"/>
        <line num="581" count="0" type="stmt"/>
        <line num="582" count="0" type="stmt"/>
        <line num="593" count="0" type="stmt"/>
        <line num="595" count="0" type="stmt"/>
        <line num="597" count="0" type="stmt"/>
        <line num="598" count="0" type="stmt"/>
        <line num="607" count="0" type="stmt"/>
        <line num="609" count="0" type="stmt"/>
        <line num="611" count="0" type="stmt"/>
        <line num="612" count="0" type="stmt"/>
        <line num="626" count="0" type="stmt"/>
        <line num="630" count="0" type="stmt"/>
        <line num="633" count="0" type="stmt"/>
        <line num="634" count="0" type="stmt"/>
      </file>
    </package>
    <package name="src">
      <metrics statements="4" coveredstatements="4" conditionals="26" coveredconditionals="26" methods="3" coveredmethods="3"/>
      <file name="styles.js" path="C:\Users\infra\OneDrive\Ambiente de Trabalho\tcc\TCC\src\styles.js">
        <metrics statements="4" coveredstatements="4" conditionals="26" coveredconditionals="26" methods="3" coveredmethods="3"/>
        <line num="2" count="7" type="stmt"/>
        <line num="101" count="2" type="stmt"/>
        <line num="112" count="2" type="stmt"/>
        <line num="181" count="7" type="stmt"/>
      </file>
    </package>
    <package name="src.styles.colors">
      <metrics statements="1" coveredstatements="1" conditionals="0" coveredconditionals="0" methods="0" coveredmethods="0"/>
      <file name="styles.color.js" path="C:\Users\infra\OneDrive\Ambiente de Trabalho\tcc\TCC\src\styles\colors\styles.color.js">
        <metrics statements="1" coveredstatements="1" conditionals="0" coveredconditionals="0" methods="0" coveredmethods="0"/>
        <line num="1" count="1" type="stmt"/>
      </file>
    </package>
    <package name="src.styles.containers">
      <metrics statements="22" coveredstatements="22" conditionals="0" coveredconditionals="0" methods="22" coveredmethods="22"/>
      <file name="containers.ts" path="C:\Users\infra\OneDrive\Ambiente de Trabalho\tcc\TCC\src\styles\containers\containers.ts">
        <metrics statements="22" coveredstatements="22" conditionals="0" coveredconditionals="0" methods="22" coveredmethods="22"/>
        <line num="4" count="1" type="stmt"/>
        <line num="12" count="1" type="stmt"/>
        <line num="27" count="1" type="stmt"/>
        <line num="36" count="1" type="stmt"/>
        <line num="44" count="1" type="stmt"/>
        <line num="59" count="1" type="stmt"/>
        <line num="74" count="1" type="stmt"/>
        <line num="91" count="1" type="stmt"/>
        <line num="102" count="1" type="stmt"/>
        <line num="113" count="1" type="stmt"/>
        <line num="122" count="1" type="stmt"/>
        <line num="134" count="1" type="stmt"/>
        <line num="151" count="1" type="stmt"/>
        <line num="162" count="1" type="stmt"/>
        <line num="176" count="1" type="stmt"/>
        <line num="189" count="1" type="stmt"/>
        <line num="201" count="1" type="stmt"/>
        <line num="216" count="1" type="stmt"/>
        <line num="232" count="1" type="stmt"/>
        <line num="248" count="1" type="stmt"/>
        <line num="265" count="1" type="stmt"/>
        <line num="283" count="1" type="stmt"/>
      </file>
    </package>
  </project>
</coverage>
