TN:
SF:pages\index.js
FN:12,getServerSideProps
FN:34,home
FN:231,(anonymous_2)
FN:264,(anonymous_3)
FN:291,(anonymous_4)
FN:308,(anonymous_5)
FN:316,(anonymous_6)
FN:317,(anonymous_7)
FN:318,(anonymous_8)
FN:326,(anonymous_9)
FN:327,(anonymous_10)
FN:328,(anonymous_11)
FN:340,(anonymous_12)
FN:344,(anonymous_13)
FN:348,(anonymous_14)
FN:361,(anonymous_15)
FN:365,(anonymous_16)
FN:368,(anonymous_17)
FN:385,(anonymous_18)
FN:389,(anonymous_19)
FN:392,(anonymous_20)
FN:430,(anonymous_21)
FN:447,(anonymous_22)
FN:455,(anonymous_23)
FN:456,(anonymous_24)
FN:457,(anonymous_25)
FN:467,(anonymous_26)
FN:468,(anonymous_27)
FN:469,(anonymous_28)
FN:488,(anonymous_29)
FN:491,(anonymous_30)
FN:492,(anonymous_31)
FN:504,(anonymous_32)
FN:507,(anonymous_33)
FN:508,(anonymous_34)
FN:520,(anonymous_35)
FN:523,(anonymous_36)
FN:524,(anonymous_37)
FN:536,(anonymous_38)
FN:539,(anonymous_39)
FN:540,(anonymous_40)
FN:550,(anonymous_41)
FN:553,(anonymous_42)
FN:554,(anonymous_43)
FN:569,(anonymous_44)
FN:573,(anonymous_45)
FN:576,(anonymous_46)
FNF:47
FNH:8
FNDA:4,getServerSideProps
FNDA:7,home
FNDA:5,(anonymous_2)
FNDA:14,(anonymous_3)
FNDA:0,(anonymous_4)
FNDA:0,(anonymous_5)
FNDA:0,(anonymous_6)
FNDA:0,(anonymous_7)
FNDA:0,(anonymous_8)
FNDA:0,(anonymous_9)
FNDA:0,(anonymous_10)
FNDA:0,(anonymous_11)
FNDA:0,(anonymous_12)
FNDA:0,(anonymous_13)
FNDA:0,(anonymous_14)
FNDA:0,(anonymous_15)
FNDA:0,(anonymous_16)
FNDA:0,(anonymous_17)
FNDA:0,(anonymous_18)
FNDA:0,(anonymous_19)
FNDA:0,(anonymous_20)
FNDA:0,(anonymous_21)
FNDA:1,(anonymous_22)
FNDA:0,(anonymous_23)
FNDA:1,(anonymous_24)
FNDA:1,(anonymous_25)
FNDA:1,(anonymous_26)
FNDA:0,(anonymous_27)
FNDA:0,(anonymous_28)
FNDA:0,(anonymous_29)
FNDA:0,(anonymous_30)
FNDA:0,(anonymous_31)
FNDA:0,(anonymous_32)
FNDA:0,(anonymous_33)
FNDA:0,(anonymous_34)
FNDA:0,(anonymous_35)
FNDA:0,(anonymous_36)
FNDA:0,(anonymous_37)
FNDA:0,(anonymous_38)
FNDA:0,(anonymous_39)
FNDA:0,(anonymous_40)
FNDA:0,(anonymous_41)
FNDA:0,(anonymous_42)
FNDA:0,(anonymous_43)
FNDA:0,(anonymous_44)
FNDA:0,(anonymous_45)
FNDA:0,(anonymous_46)
DA:13,4
DA:15,4
DA:20,4
DA:21,4
DA:23,4
DA:24,2
DA:26,2
DA:28,1
DA:31,4
DA:35,7
DA:36,7
DA:37,7
DA:38,7
DA:39,7
DA:41,7
DA:42,7
DA:43,7
DA:44,7
DA:46,7
DA:56,7
DA:66,7
DA:77,7
DA:88,7
DA:99,7
DA:110,7
DA:121,7
DA:132,7
DA:143,7
DA:154,7
DA:165,7
DA:174,7
DA:181,7
DA:190,7
DA:197,7
DA:213,7
DA:231,7
DA:232,5
DA:233,5
DA:234,5
DA:235,5
DA:236,5
DA:237,5
DA:238,5
DA:240,5
DA:241,5
DA:242,5
DA:243,5
DA:246,5
DA:247,5
DA:248,5
DA:250,5
DA:251,5
DA:253,5
DA:254,0
DA:257,5
DA:258,0
DA:259,0
DA:260,0
DA:264,7
DA:265,14
DA:267,14
DA:269,14
DA:270,7
DA:271,7
DA:272,1
DA:274,14
DA:277,7
DA:278,1
DA:291,0
DA:308,0
DA:316,0
DA:317,0
DA:318,0
DA:326,0
DA:327,0
DA:328,0
DA:341,0
DA:345,0
DA:349,0
DA:350,0
DA:362,0
DA:366,0
DA:369,0
DA:370,0
DA:386,0
DA:390,0
DA:393,0
DA:394,0
DA:417,6
DA:430,0
DA:447,1
DA:455,0
DA:456,1
DA:457,1
DA:467,1
DA:468,0
DA:469,0
DA:489,0
DA:491,0
DA:493,0
DA:494,0
DA:505,0
DA:507,0
DA:509,0
DA:510,0
DA:521,0
DA:523,0
DA:525,0
DA:526,0
DA:537,0
DA:539,0
DA:541,0
DA:542,0
DA:551,0
DA:553,0
DA:555,0
DA:556,0
DA:570,0
DA:574,0
DA:577,0
DA:578,0
LF:121
LH:69
BRDA:13,0,0,4
BRDA:13,0,1,0
BRDA:20,1,0,4
BRDA:20,1,1,2
BRDA:23,2,0,2
BRDA:23,2,1,2
BRDA:51,3,0,1
BRDA:51,3,1,6
BRDA:52,4,0,1
BRDA:52,4,1,6
BRDA:53,5,0,1
BRDA:53,5,1,6
BRDA:61,6,0,1
BRDA:61,6,1,6
BRDA:62,7,0,1
BRDA:62,7,1,6
BRDA:63,8,0,1
BRDA:63,8,1,6
BRDA:83,9,0,1
BRDA:83,9,1,6
BRDA:84,10,0,1
BRDA:84,10,1,6
BRDA:94,11,0,1
BRDA:94,11,1,6
BRDA:95,12,0,1
BRDA:95,12,1,6
BRDA:105,13,0,1
BRDA:105,13,1,6
BRDA:106,14,0,1
BRDA:106,14,1,6
BRDA:116,15,0,1
BRDA:116,15,1,6
BRDA:117,16,0,1
BRDA:117,16,1,6
BRDA:127,17,0,1
BRDA:127,17,1,6
BRDA:128,18,0,1
BRDA:128,18,1,6
BRDA:138,19,0,1
BRDA:138,19,1,6
BRDA:139,20,0,1
BRDA:139,20,1,6
BRDA:149,21,0,1
BRDA:149,21,1,6
BRDA:150,22,0,1
BRDA:150,22,1,6
BRDA:160,23,0,1
BRDA:160,23,1,6
BRDA:161,24,0,1
BRDA:161,24,1,6
BRDA:169,25,0,1
BRDA:169,25,1,6
BRDA:192,26,0,1
BRDA:192,26,1,6
BRDA:198,27,0,1
BRDA:198,27,1,6
BRDA:201,28,0,1
BRDA:201,28,1,6
BRDA:208,29,0,1
BRDA:208,29,1,6
BRDA:209,30,0,1
BRDA:209,30,1,6
BRDA:223,31,0,1
BRDA:223,31,1,6
BRDA:225,32,0,1
BRDA:225,32,1,6
BRDA:226,33,0,1
BRDA:226,33,1,6
BRDA:227,34,0,1
BRDA:227,34,1,6
BRDA:228,35,0,1
BRDA:228,35,1,6
BRDA:253,36,0,0
BRDA:253,36,1,5
BRDA:257,37,0,0
BRDA:257,37,1,5
BRDA:269,38,0,7
BRDA:269,38,1,7
BRDA:271,39,0,1
BRDA:271,39,1,6
BRDA:277,40,0,1
BRDA:277,40,1,6
BRDA:321,41,0,1
BRDA:321,41,1,0
BRDA:331,42,0,1
BRDA:331,42,1,0
BRDA:335,43,0,1
BRDA:335,43,1,1
BRDA:380,44,0,1
BRDA:380,44,1,0
BRDA:408,45,0,1
BRDA:408,45,1,0
BRDA:461,46,0,6
BRDA:461,46,1,6
BRDA:473,47,0,6
BRDA:473,47,1,6
BRDA:478,48,0,6
BRDA:478,48,1,3
BRDA:564,49,0,6
BRDA:564,49,1,3
BRDA:591,50,0,6
BRDA:591,50,1,0
BRF:102
BRH:94
end_of_record
TN:
SF:src\styles.js
FN:1,styles
FN:101,(anonymous_1)
FN:112,(anonymous_2)
FNF:3
FNH:3
FNDA:7,styles
FNDA:2,(anonymous_1)
FNDA:2,(anonymous_2)
DA:2,7
DA:101,2
DA:112,2
DA:181,7
LF:4
LH:4
BRDA:30,0,0,2
BRDA:30,0,1,5
BRDA:60,1,0,2
BRDA:60,1,1,5
BRDA:61,2,0,2
BRDA:61,2,1,5
BRDA:68,3,0,2
BRDA:68,3,1,5
BRDA:75,4,0,2
BRDA:75,4,1,5
BRDA:81,5,0,2
BRDA:81,5,1,5
BRDA:84,6,0,2
BRDA:84,6,1,5
BRDA:93,7,0,2
BRDA:93,7,1,5
BRDA:99,8,0,2
BRDA:99,8,1,5
BRDA:105,9,0,1
BRDA:105,9,1,1
BRDA:117,10,0,1
BRDA:117,10,1,1
BRDA:128,11,0,2
BRDA:128,11,1,5
BRDA:135,12,0,2
BRDA:135,12,1,5
BRF:26
BRH:26
end_of_record
TN:
SF:src\styles\colors\styles.color.js
FNF:0
FNH:0
DA:1,1
LF:1
LH:1
BRF:0
BRH:0
end_of_record
TN:
SF:src\styles\containers\containers.ts
FN:3,loginContainer
FN:11,labelModel1
FN:26,inputModel1
FN:35,containerModel1
FN:43,buttonModel1
FN:58,loadingBox
FN:73,loadingLabel
FN:90,topDiv
FN:101,sidebarDiv
FN:112,sidebarItems
FN:121,textLabel
FN:133,titleLabel
FN:150,logoutButton
FN:161,titleGroup1
FN:175,clientDataInputDiv
FN:188,cancelButton
FN:200,nextButton
FN:215,configuratorButton
FN:231,popContainer
FN:247,translucentContainer
FN:264,translucentBox
FN:282,menuItem
FNF:22
FNH:22
FNDA:1,loginContainer
FNDA:1,labelModel1
FNDA:1,inputModel1
FNDA:1,containerModel1
FNDA:1,buttonModel1
FNDA:1,loadingBox
FNDA:1,loadingLabel
FNDA:1,topDiv
FNDA:1,sidebarDiv
FNDA:1,sidebarItems
FNDA:1,textLabel
FNDA:1,titleLabel
FNDA:1,logoutButton
FNDA:1,titleGroup1
FNDA:1,clientDataInputDiv
FNDA:1,cancelButton
FNDA:1,nextButton
FNDA:1,configuratorButton
FNDA:1,popContainer
FNDA:1,translucentContainer
FNDA:1,translucentBox
FNDA:1,menuItem
DA:4,1
DA:12,1
DA:27,1
DA:36,1
DA:44,1
DA:59,1
DA:74,1
DA:91,1
DA:102,1
DA:113,1
DA:122,1
DA:134,1
DA:151,1
DA:162,1
DA:176,1
DA:189,1
DA:201,1
DA:216,1
DA:232,1
DA:248,1
DA:265,1
DA:283,1
LF:22
LH:22
BRF:0
BRH:0
end_of_record
