TN:
SF:pages\index.js
FN:12,getServerSideProps
FN:34,home
FN:253,(anonymous_2)
FN:286,(anonymous_3)
FN:313,(anonymous_4)
FN:330,(anonymous_5)
FN:338,(anonymous_6)
FN:339,(anonymous_7)
FN:340,(anonymous_8)
FN:348,(anonymous_9)
FN:349,(anonymous_10)
FN:350,(anonymous_11)
FN:362,(anonymous_12)
FN:366,(anonymous_13)
FN:370,(anonymous_14)
FN:383,(anonymous_15)
FN:387,(anonymous_16)
FN:390,(anonymous_17)
FN:407,(anonymous_18)
FN:411,(anonymous_19)
FN:414,(anonymous_20)
FN:427,(anonymous_21)
FN:431,(anonymous_22)
FN:434,(anonymous_23)
FN:447,(anonymous_24)
FN:450,(anonymous_25)
FN:451,(anonymous_26)
FN:486,(anonymous_27)
FN:503,(anonymous_28)
FN:511,(anonymous_29)
FN:512,(anonymous_30)
FN:513,(anonymous_31)
FN:523,(anonymous_32)
FN:524,(anonymous_33)
FN:525,(anonymous_34)
FN:544,(anonymous_35)
FN:547,(anonymous_36)
FN:548,(anonymous_37)
FN:560,(anonymous_38)
FN:563,(anonymous_39)
FN:564,(anonymous_40)
FN:576,(anonymous_41)
FN:579,(anonymous_42)
FN:580,(anonymous_43)
FN:592,(anonymous_44)
FN:595,(anonymous_45)
FN:596,(anonymous_46)
FN:606,(anonymous_47)
FN:609,(anonymous_48)
FN:610,(anonymous_49)
FN:625,(anonymous_50)
FN:629,(anonymous_51)
FN:632,(anonymous_52)
FNF:53
FNH:8
FNDA:4,getServerSideProps
FNDA:7,home
FNDA:5,(anonymous_2)
FNDA:14,(anonymous_3)
FNDA:0,(anonymous_4)
FNDA:0,(anonymous_5)
FNDA:0,(anonymous_6)
FNDA:0,(anonymous_7)
FNDA:0,(anonymous_8)
FNDA:0,(anonymous_9)
FNDA:0,(anonymous_10)
FNDA:0,(anonymous_11)
FNDA:0,(anonymous_12)
FNDA:0,(anonymous_13)
FNDA:0,(anonymous_14)
FNDA:0,(anonymous_15)
FNDA:0,(anonymous_16)
FNDA:0,(anonymous_17)
FNDA:0,(anonymous_18)
FNDA:0,(anonymous_19)
FNDA:0,(anonymous_20)
FNDA:0,(anonymous_21)
FNDA:0,(anonymous_22)
FNDA:0,(anonymous_23)
FNDA:0,(anonymous_24)
FNDA:0,(anonymous_25)
FNDA:0,(anonymous_26)
FNDA:0,(anonymous_27)
FNDA:1,(anonymous_28)
FNDA:0,(anonymous_29)
FNDA:1,(anonymous_30)
FNDA:1,(anonymous_31)
FNDA:1,(anonymous_32)
FNDA:0,(anonymous_33)
FNDA:0,(anonymous_34)
FNDA:0,(anonymous_35)
FNDA:0,(anonymous_36)
FNDA:0,(anonymous_37)
FNDA:0,(anonymous_38)
FNDA:0,(anonymous_39)
FNDA:0,(anonymous_40)
FNDA:0,(anonymous_41)
FNDA:0,(anonymous_42)
FNDA:0,(anonymous_43)
FNDA:0,(anonymous_44)
FNDA:0,(anonymous_45)
FNDA:0,(anonymous_46)
FNDA:0,(anonymous_47)
FNDA:0,(anonymous_48)
FNDA:0,(anonymous_49)
FNDA:0,(anonymous_50)
FNDA:0,(anonymous_51)
FNDA:0,(anonymous_52)
DA:13,4
DA:15,4
DA:20,4
DA:21,4
DA:23,4
DA:24,2
DA:26,2
DA:28,1
DA:31,4
DA:35,7
DA:36,7
DA:37,7
DA:38,7
DA:39,7
DA:41,7
DA:42,7
DA:43,7
DA:44,7
DA:46,7
DA:56,7
DA:66,7
DA:77,7
DA:88,7
DA:99,7
DA:110,7
DA:121,7
DA:132,7
DA:143,7
DA:154,7
DA:165,7
DA:176,7
DA:187,7
DA:196,7
DA:203,7
DA:212,7
DA:219,7
DA:235,7
DA:253,7
DA:254,5
DA:255,5
DA:256,5
DA:257,5
DA:258,5
DA:259,5
DA:260,5
DA:262,5
DA:263,5
DA:264,5
DA:265,5
DA:268,5
DA:269,5
DA:270,5
DA:272,5
DA:273,5
DA:275,5
DA:276,0
DA:279,5
DA:280,0
DA:281,0
DA:282,0
DA:286,7
DA:287,14
DA:289,14
DA:291,14
DA:292,7
DA:293,7
DA:294,1
DA:296,14
DA:299,7
DA:300,1
DA:313,0
DA:330,0
DA:338,0
DA:339,0
DA:340,0
DA:348,0
DA:349,0
DA:350,0
DA:363,0
DA:367,0
DA:371,0
DA:372,0
DA:384,0
DA:388,0
DA:391,0
DA:392,0
DA:408,0
DA:412,0
DA:415,0
DA:416,0
DA:428,0
DA:432,0
DA:435,0
DA:436,0
DA:448,0
DA:450,0
DA:452,0
DA:453,0
DA:473,6
DA:486,0
DA:503,1
DA:511,0
DA:512,1
DA:513,1
DA:523,1
DA:524,0
DA:525,0
DA:545,0
DA:547,0
DA:549,0
DA:550,0
DA:561,0
DA:563,0
DA:565,0
DA:566,0
DA:577,0
DA:579,0
DA:581,0
DA:582,0
DA:593,0
DA:595,0
DA:597,0
DA:598,0
DA:607,0
DA:609,0
DA:611,0
DA:612,0
DA:626,0
DA:630,0
DA:633,0
DA:634,0
LF:131
LH:71
BRDA:13,0,0,4
BRDA:13,0,1,0
BRDA:20,1,0,4
BRDA:20,1,1,2
BRDA:23,2,0,2
BRDA:23,2,1,2
BRDA:51,3,0,1
BRDA:51,3,1,6
BRDA:52,4,0,1
BRDA:52,4,1,6
BRDA:53,5,0,1
BRDA:53,5,1,6
BRDA:61,6,0,1
BRDA:61,6,1,6
BRDA:62,7,0,1
BRDA:62,7,1,6
BRDA:63,8,0,1
BRDA:63,8,1,6
BRDA:83,9,0,1
BRDA:83,9,1,6
BRDA:84,10,0,1
BRDA:84,10,1,6
BRDA:94,11,0,1
BRDA:94,11,1,6
BRDA:95,12,0,1
BRDA:95,12,1,6
BRDA:105,13,0,1
BRDA:105,13,1,6
BRDA:106,14,0,1
BRDA:106,14,1,6
BRDA:116,15,0,1
BRDA:116,15,1,6
BRDA:117,16,0,1
BRDA:117,16,1,6
BRDA:127,17,0,1
BRDA:127,17,1,6
BRDA:128,18,0,1
BRDA:128,18,1,6
BRDA:138,19,0,1
BRDA:138,19,1,6
BRDA:139,20,0,1
BRDA:139,20,1,6
BRDA:149,21,0,1
BRDA:149,21,1,6
BRDA:150,22,0,1
BRDA:150,22,1,6
BRDA:160,23,0,1
BRDA:160,23,1,6
BRDA:161,24,0,1
BRDA:161,24,1,6
BRDA:171,25,0,1
BRDA:171,25,1,6
BRDA:172,26,0,1
BRDA:172,26,1,6
BRDA:182,27,0,1
BRDA:182,27,1,6
BRDA:183,28,0,1
BRDA:183,28,1,6
BRDA:191,29,0,1
BRDA:191,29,1,6
BRDA:214,30,0,1
BRDA:214,30,1,6
BRDA:220,31,0,1
BRDA:220,31,1,6
BRDA:223,32,0,1
BRDA:223,32,1,6
BRDA:230,33,0,1
BRDA:230,33,1,6
BRDA:231,34,0,1
BRDA:231,34,1,6
BRDA:245,35,0,1
BRDA:245,35,1,6
BRDA:247,36,0,1
BRDA:247,36,1,6
BRDA:248,37,0,1
BRDA:248,37,1,6
BRDA:249,38,0,1
BRDA:249,38,1,6
BRDA:250,39,0,1
BRDA:250,39,1,6
BRDA:275,40,0,0
BRDA:275,40,1,5
BRDA:279,41,0,0
BRDA:279,41,1,5
BRDA:291,42,0,7
BRDA:291,42,1,7
BRDA:293,43,0,1
BRDA:293,43,1,6
BRDA:299,44,0,1
BRDA:299,44,1,6
BRDA:343,45,0,1
BRDA:343,45,1,0
BRDA:353,46,0,1
BRDA:353,46,1,0
BRDA:357,47,0,1
BRDA:357,47,1,1
BRDA:402,48,0,1
BRDA:402,48,1,0
BRDA:464,49,0,1
BRDA:464,49,1,0
BRDA:517,50,0,6
BRDA:517,50,1,6
BRDA:529,51,0,6
BRDA:529,51,1,6
BRDA:534,52,0,6
BRDA:534,52,1,3
BRDA:620,53,0,6
BRDA:620,53,1,3
BRDA:647,54,0,6
BRDA:647,54,1,0
BRF:110
BRH:102
end_of_record
TN:
SF:src\styles.js
FN:1,styles
FN:101,(anonymous_1)
FN:112,(anonymous_2)
FNF:3
FNH:3
FNDA:7,styles
FNDA:2,(anonymous_1)
FNDA:2,(anonymous_2)
DA:2,7
DA:101,2
DA:112,2
DA:181,7
LF:4
LH:4
BRDA:30,0,0,2
BRDA:30,0,1,5
BRDA:60,1,0,2
BRDA:60,1,1,5
BRDA:61,2,0,2
BRDA:61,2,1,5
BRDA:68,3,0,2
BRDA:68,3,1,5
BRDA:75,4,0,2
BRDA:75,4,1,5
BRDA:81,5,0,2
BRDA:81,5,1,5
BRDA:84,6,0,2
BRDA:84,6,1,5
BRDA:93,7,0,2
BRDA:93,7,1,5
BRDA:99,8,0,2
BRDA:99,8,1,5
BRDA:105,9,0,1
BRDA:105,9,1,1
BRDA:117,10,0,1
BRDA:117,10,1,1
BRDA:128,11,0,2
BRDA:128,11,1,5
BRDA:135,12,0,2
BRDA:135,12,1,5
BRF:26
BRH:26
end_of_record
TN:
SF:src\styles\colors\styles.color.js
FNF:0
FNH:0
DA:1,1
LF:1
LH:1
BRF:0
BRH:0
end_of_record
TN:
SF:src\styles\containers\containers.ts
FN:3,loginContainer
FN:11,labelModel1
FN:26,inputModel1
FN:35,containerModel1
FN:43,buttonModel1
FN:58,loadingBox
FN:73,loadingLabel
FN:90,topDiv
FN:101,sidebarDiv
FN:112,sidebarItems
FN:121,textLabel
FN:133,titleLabel
FN:150,logoutButton
FN:161,titleGroup1
FN:175,clientDataInputDiv
FN:188,cancelButton
FN:200,nextButton
FN:215,configuratorButton
FN:231,popContainer
FN:247,translucentContainer
FN:264,translucentBox
FN:282,menuItem
FNF:22
FNH:22
FNDA:1,loginContainer
FNDA:1,labelModel1
FNDA:1,inputModel1
FNDA:1,containerModel1
FNDA:1,buttonModel1
FNDA:1,loadingBox
FNDA:1,loadingLabel
FNDA:1,topDiv
FNDA:1,sidebarDiv
FNDA:1,sidebarItems
FNDA:1,textLabel
FNDA:1,titleLabel
FNDA:1,logoutButton
FNDA:1,titleGroup1
FNDA:1,clientDataInputDiv
FNDA:1,cancelButton
FNDA:1,nextButton
FNDA:1,configuratorButton
FNDA:1,popContainer
FNDA:1,translucentContainer
FNDA:1,translucentBox
FNDA:1,menuItem
DA:4,1
DA:12,1
DA:27,1
DA:36,1
DA:44,1
DA:59,1
DA:74,1
DA:91,1
DA:102,1
DA:113,1
DA:122,1
DA:134,1
DA:151,1
DA:162,1
DA:176,1
DA:189,1
DA:201,1
DA:216,1
DA:232,1
DA:248,1
DA:265,1
DA:283,1
LF:22
LH:22
BRF:0
BRH:0
end_of_record
