{"C:\\Users\\infra\\OneDrive\\Ambiente de Trabalho\\tcc\\TCC\\pages\\index.js": {"path":"C:\\Users\\infra\\OneDrive\\Ambiente de Trabalho\\tcc\\TCC\\pages\\index.js","statementMap":{"0":{"start":{"line":13,"column":20},"end":{"line":13,"column":71}},"1":{"start":{"line":15,"column":4},"end":{"line":17,"column":5}},"2":{"start":{"line":20,"column":16},"end":{"line":20,"column":50}},"3":{"start":{"line":21,"column":13},"end":{"line":21,"column":17}},"4":{"start":{"line":23,"column":2},"end":{"line":30,"column":3}},"5":{"start":{"line":24,"column":4},"end":{"line":29,"column":5}},"6":{"start":{"line":26,"column":6},"end":{"line":26,"column":55}},"7":{"start":{"line":28,"column":6},"end":{"line":28,"column":18}},"8":{"start":{"line":31,"column":2},"end":{"line":31,"column":50}},"9":{"start":{"line":40,"column":19},"end":{"line":40,"column":55}},"10":{"start":{"line":41,"column":16},"end":{"line":41,"column":43}},"11":{"start":{"line":43,"column":22},"end":{"line":43,"column":55}},"12":{"start":{"line":44,"column":19},"end":{"line":44,"column":49}},"13":{"start":{"line":46,"column":2},"end":{"line":46,"column":21}},"14":{"start":{"line":47,"column":2},"end":{"line":47,"column":28}},"15":{"start":{"line":48,"column":2},"end":{"line":48,"column":24}},"16":{"start":{"line":49,"column":2},"end":{"line":49,"column":30}},"17":{"start":{"line":50,"column":2},"end":{"line":50,"column":34}},"18":{"start":{"line":55,"column":32},"end":{"line":55,"column":47}},"19":{"start":{"line":56,"column":30},"end":{"line":56,"column":41}},"20":{"start":{"line":57,"column":40},"end":{"line":57,"column":54}},"21":{"start":{"line":58,"column":34},"end":{"line":58,"column":49}},"22":{"start":{"line":59,"column":30},"end":{"line":59,"column":42}},"23":{"start":{"line":61,"column":21},"end":{"line":61,"column":50}},"24":{"start":{"line":62,"column":16},"end":{"line":62,"column":38}},"25":{"start":{"line":63,"column":18},"end":{"line":63,"column":42}},"26":{"start":{"line":64,"column":17},"end":{"line":64,"column":37}},"27":{"start":{"line":66,"column":20},"end":{"line":74,"column":3}},"28":{"start":{"line":76,"column":18},"end":{"line":84,"column":3}},"29":{"start":{"line":86,"column":23},"end":{"line":95,"column":3}},"30":{"start":{"line":97,"column":22},"end":{"line":106,"column":3}},"31":{"start":{"line":108,"column":19},"end":{"line":117,"column":3}},"32":{"start":{"line":119,"column":18},"end":{"line":128,"column":3}},"33":{"start":{"line":130,"column":18},"end":{"line":139,"column":3}},"34":{"start":{"line":141,"column":20},"end":{"line":150,"column":3}},"35":{"start":{"line":152,"column":18},"end":{"line":161,"column":3}},"36":{"start":{"line":163,"column":17},"end":{"line":172,"column":3}},"37":{"start":{"line":174,"column":16},"end":{"line":183,"column":3}},"38":{"start":{"line":185,"column":18},"end":{"line":194,"column":3}},"39":{"start":{"line":196,"column":18},"end":{"line":205,"column":3}},"40":{"start":{"line":207,"column":20},"end":{"line":214,"column":3}},"41":{"start":{"line":216,"column":21},"end":{"line":221,"column":3}},"42":{"start":{"line":223,"column":23},"end":{"line":230,"column":3}},"43":{"start":{"line":232,"column":24},"end":{"line":237,"column":3}},"44":{"start":{"line":239,"column":27},"end":{"line":253,"column":3}},"45":{"start":{"line":255,"column":27},"end":{"line":271,"column":3}},"46":{"start":{"line":273,"column":2},"end":{"line":307,"column":23}},"47":{"start":{"line":274,"column":4},"end":{"line":274,"column":37}},"48":{"start":{"line":275,"column":4},"end":{"line":275,"column":48}},"49":{"start":{"line":276,"column":4},"end":{"line":276,"column":64}},"50":{"start":{"line":277,"column":4},"end":{"line":277,"column":41}},"51":{"start":{"line":278,"column":4},"end":{"line":278,"column":52}},"52":{"start":{"line":279,"column":4},"end":{"line":279,"column":42}},"53":{"start":{"line":280,"column":4},"end":{"line":280,"column":53}},"54":{"start":{"line":282,"column":4},"end":{"line":282,"column":33}},"55":{"start":{"line":283,"column":21},"end":{"line":283,"column":51}},"56":{"start":{"line":284,"column":4},"end":{"line":284,"column":32}},"57":{"start":{"line":285,"column":4},"end":{"line":286,"column":82}},"58":{"start":{"line":288,"column":21},"end":{"line":288,"column":51}},"59":{"start":{"line":289,"column":4},"end":{"line":289,"column":26}},"60":{"start":{"line":290,"column":4},"end":{"line":290,"column":39}},"61":{"start":{"line":292,"column":4},"end":{"line":292,"column":28}},"62":{"start":{"line":294,"column":4},"end":{"line":294,"column":40}},"63":{"start":{"line":295,"column":4},"end":{"line":295,"column":40}},"64":{"start":{"line":297,"column":4},"end":{"line":300,"column":5}},"65":{"start":{"line":298,"column":6},"end":{"line":298,"column":28}},"66":{"start":{"line":299,"column":6},"end":{"line":299,"column":72}},"67":{"start":{"line":302,"column":4},"end":{"line":306,"column":5}},"68":{"start":{"line":303,"column":18},"end":{"line":303,"column":71}},"69":{"start":{"line":304,"column":6},"end":{"line":304,"column":20}},"70":{"start":{"line":305,"column":6},"end":{"line":305,"column":23}},"71":{"start":{"line":309,"column":27},"end":{"line":320,"column":3}},"72":{"start":{"line":310,"column":26},"end":{"line":310,"column":28}},"73":{"start":{"line":312,"column":30},"end":{"line":312,"column":48}},"74":{"start":{"line":314,"column":4},"end":{"line":318,"column":5}},"75":{"start":{"line":315,"column":6},"end":{"line":315,"column":49}},"76":{"start":{"line":316,"column":11},"end":{"line":318,"column":5}},"77":{"start":{"line":317,"column":6},"end":{"line":317,"column":31}},"78":{"start":{"line":319,"column":4},"end":{"line":319,"column":42}},"79":{"start":{"line":322,"column":2},"end":{"line":678,"column":3}},"80":{"start":{"line":323,"column":4},"end":{"line":494,"column":6}},"81":{"start":{"line":336,"column":30},"end":{"line":336,"column":56}},"82":{"start":{"line":353,"column":29},"end":{"line":353,"column":47}},"83":{"start":{"line":361,"column":31},"end":{"line":361,"column":43}},"84":{"start":{"line":362,"column":36},"end":{"line":362,"column":53}},"85":{"start":{"line":363,"column":36},"end":{"line":363,"column":56}},"86":{"start":{"line":371,"column":31},"end":{"line":371,"column":43}},"87":{"start":{"line":372,"column":36},"end":{"line":372,"column":53}},"88":{"start":{"line":373,"column":36},"end":{"line":373,"column":56}},"89":{"start":{"line":386,"column":23},"end":{"line":387,"column":42}},"90":{"start":{"line":390,"column":23},"end":{"line":391,"column":26}},"91":{"start":{"line":394,"column":22},"end":{"line":394,"column":39}},"92":{"start":{"line":395,"column":22},"end":{"line":395,"column":66}},"93":{"start":{"line":407,"column":23},"end":{"line":408,"column":42}},"94":{"start":{"line":411,"column":23},"end":{"line":411,"column":79}},"95":{"start":{"line":414,"column":22},"end":{"line":414,"column":39}},"96":{"start":{"line":415,"column":22},"end":{"line":415,"column":70}},"97":{"start":{"line":431,"column":23},"end":{"line":432,"column":42}},"98":{"start":{"line":435,"column":23},"end":{"line":435,"column":76}},"99":{"start":{"line":438,"column":22},"end":{"line":438,"column":39}},"100":{"start":{"line":439,"column":22},"end":{"line":439,"column":60}},"101":{"start":{"line":451,"column":23},"end":{"line":452,"column":42}},"102":{"start":{"line":455,"column":23},"end":{"line":455,"column":77}},"103":{"start":{"line":458,"column":22},"end":{"line":458,"column":39}},"104":{"start":{"line":459,"column":22},"end":{"line":459,"column":64}},"105":{"start":{"line":471,"column":23},"end":{"line":471,"column":65}},"106":{"start":{"line":473,"column":42},"end":{"line":473,"column":68}},"107":{"start":{"line":475,"column":22},"end":{"line":475,"column":39}},"108":{"start":{"line":476,"column":22},"end":{"line":476,"column":62}},"109":{"start":{"line":496,"column":4},"end":{"line":677,"column":6}},"110":{"start":{"line":509,"column":30},"end":{"line":509,"column":56}},"111":{"start":{"line":526,"column":29},"end":{"line":526,"column":47}},"112":{"start":{"line":534,"column":31},"end":{"line":534,"column":43}},"113":{"start":{"line":535,"column":36},"end":{"line":535,"column":53}},"114":{"start":{"line":536,"column":36},"end":{"line":536,"column":56}},"115":{"start":{"line":546,"column":31},"end":{"line":546,"column":43}},"116":{"start":{"line":547,"column":36},"end":{"line":547,"column":53}},"117":{"start":{"line":548,"column":36},"end":{"line":548,"column":56}},"118":{"start":{"line":568,"column":23},"end":{"line":568,"column":65}},"119":{"start":{"line":570,"column":42},"end":{"line":570,"column":68}},"120":{"start":{"line":572,"column":22},"end":{"line":572,"column":39}},"121":{"start":{"line":573,"column":22},"end":{"line":573,"column":66}},"122":{"start":{"line":584,"column":23},"end":{"line":584,"column":72}},"123":{"start":{"line":586,"column":42},"end":{"line":586,"column":75}},"124":{"start":{"line":588,"column":22},"end":{"line":588,"column":39}},"125":{"start":{"line":589,"column":22},"end":{"line":589,"column":70}},"126":{"start":{"line":600,"column":23},"end":{"line":600,"column":72}},"127":{"start":{"line":602,"column":42},"end":{"line":602,"column":75}},"128":{"start":{"line":604,"column":22},"end":{"line":604,"column":39}},"129":{"start":{"line":605,"column":22},"end":{"line":605,"column":64}},"130":{"start":{"line":616,"column":23},"end":{"line":616,"column":72}},"131":{"start":{"line":618,"column":42},"end":{"line":618,"column":75}},"132":{"start":{"line":620,"column":22},"end":{"line":620,"column":39}},"133":{"start":{"line":621,"column":22},"end":{"line":621,"column":60}},"134":{"start":{"line":630,"column":23},"end":{"line":630,"column":72}},"135":{"start":{"line":632,"column":42},"end":{"line":632,"column":75}},"136":{"start":{"line":634,"column":22},"end":{"line":634,"column":39}},"137":{"start":{"line":635,"column":22},"end":{"line":635,"column":64}},"138":{"start":{"line":649,"column":23},"end":{"line":650,"column":42}},"139":{"start":{"line":653,"column":23},"end":{"line":653,"column":76}},"140":{"start":{"line":656,"column":22},"end":{"line":656,"column":39}},"141":{"start":{"line":657,"column":22},"end":{"line":657,"column":60}}},"fnMap":{"0":{"name":"getServerSideProps","decl":{"start":{"line":12,"column":22},"end":{"line":12,"column":40}},"loc":{"start":{"line":12,"column":50},"end":{"line":32,"column":1}},"line":12},"1":{"name":"resumeSales","decl":{"start":{"line":34,"column":15},"end":{"line":34,"column":26}},"loc":{"start":{"line":39,"column":2},"end":{"line":51,"column":1}},"line":39},"2":{"name":"home","decl":{"start":{"line":54,"column":24},"end":{"line":54,"column":28}},"loc":{"start":{"line":54,"column":36},"end":{"line":679,"column":1}},"line":54},"3":{"name":"(anonymous_3)","decl":{"start":{"line":273,"column":12},"end":{"line":273,"column":13}},"loc":{"start":{"line":273,"column":18},"end":{"line":307,"column":3}},"line":273},"4":{"name":"(anonymous_4)","decl":{"start":{"line":309,"column":27},"end":{"line":309,"column":28}},"loc":{"start":{"line":309,"column":43},"end":{"line":320,"column":3}},"line":309},"5":{"name":"(anonymous_5)","decl":{"start":{"line":336,"column":23},"end":{"line":336,"column":24}},"loc":{"start":{"line":336,"column":30},"end":{"line":336,"column":56}},"line":336},"6":{"name":"(anonymous_6)","decl":{"start":{"line":353,"column":23},"end":{"line":353,"column":24}},"loc":{"start":{"line":353,"column":29},"end":{"line":353,"column":47}},"line":353},"7":{"name":"(anonymous_7)","decl":{"start":{"line":361,"column":25},"end":{"line":361,"column":26}},"loc":{"start":{"line":361,"column":31},"end":{"line":361,"column":43}},"line":361},"8":{"name":"(anonymous_8)","decl":{"start":{"line":362,"column":30},"end":{"line":362,"column":31}},"loc":{"start":{"line":362,"column":36},"end":{"line":362,"column":53}},"line":362},"9":{"name":"(anonymous_9)","decl":{"start":{"line":363,"column":30},"end":{"line":363,"column":31}},"loc":{"start":{"line":363,"column":36},"end":{"line":363,"column":56}},"line":363},"10":{"name":"(anonymous_10)","decl":{"start":{"line":371,"column":25},"end":{"line":371,"column":26}},"loc":{"start":{"line":371,"column":31},"end":{"line":371,"column":43}},"line":371},"11":{"name":"(anonymous_11)","decl":{"start":{"line":372,"column":30},"end":{"line":372,"column":31}},"loc":{"start":{"line":372,"column":36},"end":{"line":372,"column":53}},"line":372},"12":{"name":"(anonymous_12)","decl":{"start":{"line":373,"column":30},"end":{"line":373,"column":31}},"loc":{"start":{"line":373,"column":36},"end":{"line":373,"column":56}},"line":373},"13":{"name":"(anonymous_13)","decl":{"start":{"line":385,"column":34},"end":{"line":385,"column":35}},"loc":{"start":{"line":386,"column":23},"end":{"line":387,"column":42}},"line":386},"14":{"name":"(anonymous_14)","decl":{"start":{"line":389,"column":34},"end":{"line":389,"column":35}},"loc":{"start":{"line":390,"column":23},"end":{"line":391,"column":26}},"line":390},"15":{"name":"(anonymous_15)","decl":{"start":{"line":393,"column":29},"end":{"line":393,"column":30}},"loc":{"start":{"line":393,"column":35},"end":{"line":396,"column":21}},"line":393},"16":{"name":"(anonymous_16)","decl":{"start":{"line":406,"column":34},"end":{"line":406,"column":35}},"loc":{"start":{"line":407,"column":23},"end":{"line":408,"column":42}},"line":407},"17":{"name":"(anonymous_17)","decl":{"start":{"line":410,"column":34},"end":{"line":410,"column":35}},"loc":{"start":{"line":411,"column":23},"end":{"line":411,"column":79}},"line":411},"18":{"name":"(anonymous_18)","decl":{"start":{"line":413,"column":29},"end":{"line":413,"column":30}},"loc":{"start":{"line":413,"column":35},"end":{"line":416,"column":21}},"line":413},"19":{"name":"(anonymous_19)","decl":{"start":{"line":430,"column":34},"end":{"line":430,"column":35}},"loc":{"start":{"line":431,"column":23},"end":{"line":432,"column":42}},"line":431},"20":{"name":"(anonymous_20)","decl":{"start":{"line":434,"column":34},"end":{"line":434,"column":35}},"loc":{"start":{"line":435,"column":23},"end":{"line":435,"column":76}},"line":435},"21":{"name":"(anonymous_21)","decl":{"start":{"line":437,"column":29},"end":{"line":437,"column":30}},"loc":{"start":{"line":437,"column":35},"end":{"line":440,"column":21}},"line":437},"22":{"name":"(anonymous_22)","decl":{"start":{"line":450,"column":34},"end":{"line":450,"column":35}},"loc":{"start":{"line":451,"column":23},"end":{"line":452,"column":42}},"line":451},"23":{"name":"(anonymous_23)","decl":{"start":{"line":454,"column":34},"end":{"line":454,"column":35}},"loc":{"start":{"line":455,"column":23},"end":{"line":455,"column":77}},"line":455},"24":{"name":"(anonymous_24)","decl":{"start":{"line":457,"column":29},"end":{"line":457,"column":30}},"loc":{"start":{"line":457,"column":35},"end":{"line":460,"column":21}},"line":457},"25":{"name":"(anonymous_25)","decl":{"start":{"line":470,"column":34},"end":{"line":470,"column":35}},"loc":{"start":{"line":471,"column":23},"end":{"line":471,"column":65}},"line":471},"26":{"name":"(anonymous_26)","decl":{"start":{"line":473,"column":34},"end":{"line":473,"column":35}},"loc":{"start":{"line":473,"column":42},"end":{"line":473,"column":68}},"line":473},"27":{"name":"(anonymous_27)","decl":{"start":{"line":474,"column":29},"end":{"line":474,"column":30}},"loc":{"start":{"line":474,"column":35},"end":{"line":477,"column":21}},"line":474},"28":{"name":"(anonymous_28)","decl":{"start":{"line":509,"column":23},"end":{"line":509,"column":24}},"loc":{"start":{"line":509,"column":30},"end":{"line":509,"column":56}},"line":509},"29":{"name":"(anonymous_29)","decl":{"start":{"line":526,"column":23},"end":{"line":526,"column":24}},"loc":{"start":{"line":526,"column":29},"end":{"line":526,"column":47}},"line":526},"30":{"name":"(anonymous_30)","decl":{"start":{"line":534,"column":25},"end":{"line":534,"column":26}},"loc":{"start":{"line":534,"column":31},"end":{"line":534,"column":43}},"line":534},"31":{"name":"(anonymous_31)","decl":{"start":{"line":535,"column":30},"end":{"line":535,"column":31}},"loc":{"start":{"line":535,"column":36},"end":{"line":535,"column":53}},"line":535},"32":{"name":"(anonymous_32)","decl":{"start":{"line":536,"column":30},"end":{"line":536,"column":31}},"loc":{"start":{"line":536,"column":36},"end":{"line":536,"column":56}},"line":536},"33":{"name":"(anonymous_33)","decl":{"start":{"line":546,"column":25},"end":{"line":546,"column":26}},"loc":{"start":{"line":546,"column":31},"end":{"line":546,"column":43}},"line":546},"34":{"name":"(anonymous_34)","decl":{"start":{"line":547,"column":30},"end":{"line":547,"column":31}},"loc":{"start":{"line":547,"column":36},"end":{"line":547,"column":53}},"line":547},"35":{"name":"(anonymous_35)","decl":{"start":{"line":548,"column":30},"end":{"line":548,"column":31}},"loc":{"start":{"line":548,"column":36},"end":{"line":548,"column":56}},"line":548},"36":{"name":"(anonymous_36)","decl":{"start":{"line":567,"column":34},"end":{"line":567,"column":35}},"loc":{"start":{"line":568,"column":23},"end":{"line":568,"column":65}},"line":568},"37":{"name":"(anonymous_37)","decl":{"start":{"line":570,"column":34},"end":{"line":570,"column":35}},"loc":{"start":{"line":570,"column":42},"end":{"line":570,"column":68}},"line":570},"38":{"name":"(anonymous_38)","decl":{"start":{"line":571,"column":29},"end":{"line":571,"column":30}},"loc":{"start":{"line":571,"column":35},"end":{"line":574,"column":21}},"line":571},"39":{"name":"(anonymous_39)","decl":{"start":{"line":583,"column":34},"end":{"line":583,"column":35}},"loc":{"start":{"line":584,"column":23},"end":{"line":584,"column":72}},"line":584},"40":{"name":"(anonymous_40)","decl":{"start":{"line":586,"column":34},"end":{"line":586,"column":35}},"loc":{"start":{"line":586,"column":42},"end":{"line":586,"column":75}},"line":586},"41":{"name":"(anonymous_41)","decl":{"start":{"line":587,"column":29},"end":{"line":587,"column":30}},"loc":{"start":{"line":587,"column":35},"end":{"line":590,"column":21}},"line":587},"42":{"name":"(anonymous_42)","decl":{"start":{"line":599,"column":34},"end":{"line":599,"column":35}},"loc":{"start":{"line":600,"column":23},"end":{"line":600,"column":72}},"line":600},"43":{"name":"(anonymous_43)","decl":{"start":{"line":602,"column":34},"end":{"line":602,"column":35}},"loc":{"start":{"line":602,"column":42},"end":{"line":602,"column":75}},"line":602},"44":{"name":"(anonymous_44)","decl":{"start":{"line":603,"column":29},"end":{"line":603,"column":30}},"loc":{"start":{"line":603,"column":35},"end":{"line":606,"column":21}},"line":603},"45":{"name":"(anonymous_45)","decl":{"start":{"line":615,"column":34},"end":{"line":615,"column":35}},"loc":{"start":{"line":616,"column":23},"end":{"line":616,"column":72}},"line":616},"46":{"name":"(anonymous_46)","decl":{"start":{"line":618,"column":34},"end":{"line":618,"column":35}},"loc":{"start":{"line":618,"column":42},"end":{"line":618,"column":75}},"line":618},"47":{"name":"(anonymous_47)","decl":{"start":{"line":619,"column":29},"end":{"line":619,"column":30}},"loc":{"start":{"line":619,"column":35},"end":{"line":622,"column":21}},"line":619},"48":{"name":"(anonymous_48)","decl":{"start":{"line":629,"column":34},"end":{"line":629,"column":35}},"loc":{"start":{"line":630,"column":23},"end":{"line":630,"column":72}},"line":630},"49":{"name":"(anonymous_49)","decl":{"start":{"line":632,"column":34},"end":{"line":632,"column":35}},"loc":{"start":{"line":632,"column":42},"end":{"line":632,"column":75}},"line":632},"50":{"name":"(anonymous_50)","decl":{"start":{"line":633,"column":29},"end":{"line":633,"column":30}},"loc":{"start":{"line":633,"column":35},"end":{"line":636,"column":21}},"line":633},"51":{"name":"(anonymous_51)","decl":{"start":{"line":648,"column":34},"end":{"line":648,"column":35}},"loc":{"start":{"line":649,"column":23},"end":{"line":650,"column":42}},"line":649},"52":{"name":"(anonymous_52)","decl":{"start":{"line":652,"column":34},"end":{"line":652,"column":35}},"loc":{"start":{"line":653,"column":23},"end":{"line":653,"column":76}},"line":653},"53":{"name":"(anonymous_53)","decl":{"start":{"line":655,"column":29},"end":{"line":655,"column":30}},"loc":{"start":{"line":655,"column":35},"end":{"line":658,"column":21}},"line":655}},"branchMap":{"0":{"loc":{"start":{"line":13,"column":20},"end":{"line":13,"column":71}},"type":"binary-expr","locations":[{"start":{"line":13,"column":20},"end":{"line":13,"column":53}},{"start":{"line":13,"column":57},"end":{"line":13,"column":71}}],"line":13},"1":{"loc":{"start":{"line":20,"column":16},"end":{"line":20,"column":50}},"type":"binary-expr","locations":[{"start":{"line":20,"column":16},"end":{"line":20,"column":42}},{"start":{"line":20,"column":46},"end":{"line":20,"column":50}}],"line":20},"2":{"loc":{"start":{"line":23,"column":2},"end":{"line":30,"column":3}},"type":"if","locations":[{"start":{"line":23,"column":2},"end":{"line":30,"column":3}},{"start":{},"end":{}}],"line":23},"3":{"loc":{"start":{"line":71,"column":11},"end":{"line":71,"column":43}},"type":"cond-expr","locations":[{"start":{"line":71,"column":28},"end":{"line":71,"column":34}},{"start":{"line":71,"column":37},"end":{"line":71,"column":43}}],"line":71},"4":{"loc":{"start":{"line":72,"column":12},"end":{"line":72,"column":44}},"type":"cond-expr","locations":[{"start":{"line":72,"column":29},"end":{"line":72,"column":35}},{"start":{"line":72,"column":38},"end":{"line":72,"column":44}}],"line":72},"5":{"loc":{"start":{"line":73,"column":17},"end":{"line":73,"column":49}},"type":"cond-expr","locations":[{"start":{"line":73,"column":34},"end":{"line":73,"column":40}},{"start":{"line":73,"column":43},"end":{"line":73,"column":49}}],"line":73},"6":{"loc":{"start":{"line":81,"column":11},"end":{"line":81,"column":43}},"type":"cond-expr","locations":[{"start":{"line":81,"column":28},"end":{"line":81,"column":34}},{"start":{"line":81,"column":37},"end":{"line":81,"column":43}}],"line":81},"7":{"loc":{"start":{"line":82,"column":12},"end":{"line":82,"column":44}},"type":"cond-expr","locations":[{"start":{"line":82,"column":29},"end":{"line":82,"column":35}},{"start":{"line":82,"column":38},"end":{"line":82,"column":44}}],"line":82},"8":{"loc":{"start":{"line":83,"column":16},"end":{"line":83,"column":48}},"type":"cond-expr","locations":[{"start":{"line":83,"column":33},"end":{"line":83,"column":39}},{"start":{"line":83,"column":42},"end":{"line":83,"column":48}}],"line":83},"9":{"loc":{"start":{"line":103,"column":11},"end":{"line":103,"column":43}},"type":"cond-expr","locations":[{"start":{"line":103,"column":28},"end":{"line":103,"column":34}},{"start":{"line":103,"column":37},"end":{"line":103,"column":43}}],"line":103},"10":{"loc":{"start":{"line":104,"column":12},"end":{"line":104,"column":44}},"type":"cond-expr","locations":[{"start":{"line":104,"column":29},"end":{"line":104,"column":35}},{"start":{"line":104,"column":38},"end":{"line":104,"column":44}}],"line":104},"11":{"loc":{"start":{"line":114,"column":11},"end":{"line":114,"column":43}},"type":"cond-expr","locations":[{"start":{"line":114,"column":28},"end":{"line":114,"column":34}},{"start":{"line":114,"column":37},"end":{"line":114,"column":43}}],"line":114},"12":{"loc":{"start":{"line":115,"column":12},"end":{"line":115,"column":44}},"type":"cond-expr","locations":[{"start":{"line":115,"column":29},"end":{"line":115,"column":35}},{"start":{"line":115,"column":38},"end":{"line":115,"column":44}}],"line":115},"13":{"loc":{"start":{"line":125,"column":11},"end":{"line":125,"column":43}},"type":"cond-expr","locations":[{"start":{"line":125,"column":28},"end":{"line":125,"column":34}},{"start":{"line":125,"column":37},"end":{"line":125,"column":43}}],"line":125},"14":{"loc":{"start":{"line":126,"column":12},"end":{"line":126,"column":44}},"type":"cond-expr","locations":[{"start":{"line":126,"column":29},"end":{"line":126,"column":35}},{"start":{"line":126,"column":38},"end":{"line":126,"column":44}}],"line":126},"15":{"loc":{"start":{"line":136,"column":11},"end":{"line":136,"column":43}},"type":"cond-expr","locations":[{"start":{"line":136,"column":28},"end":{"line":136,"column":34}},{"start":{"line":136,"column":37},"end":{"line":136,"column":43}}],"line":136},"16":{"loc":{"start":{"line":137,"column":12},"end":{"line":137,"column":44}},"type":"cond-expr","locations":[{"start":{"line":137,"column":29},"end":{"line":137,"column":35}},{"start":{"line":137,"column":38},"end":{"line":137,"column":44}}],"line":137},"17":{"loc":{"start":{"line":147,"column":11},"end":{"line":147,"column":43}},"type":"cond-expr","locations":[{"start":{"line":147,"column":28},"end":{"line":147,"column":34}},{"start":{"line":147,"column":37},"end":{"line":147,"column":43}}],"line":147},"18":{"loc":{"start":{"line":148,"column":12},"end":{"line":148,"column":44}},"type":"cond-expr","locations":[{"start":{"line":148,"column":29},"end":{"line":148,"column":35}},{"start":{"line":148,"column":38},"end":{"line":148,"column":44}}],"line":148},"19":{"loc":{"start":{"line":158,"column":11},"end":{"line":158,"column":43}},"type":"cond-expr","locations":[{"start":{"line":158,"column":28},"end":{"line":158,"column":34}},{"start":{"line":158,"column":37},"end":{"line":158,"column":43}}],"line":158},"20":{"loc":{"start":{"line":159,"column":12},"end":{"line":159,"column":44}},"type":"cond-expr","locations":[{"start":{"line":159,"column":29},"end":{"line":159,"column":35}},{"start":{"line":159,"column":38},"end":{"line":159,"column":44}}],"line":159},"21":{"loc":{"start":{"line":169,"column":11},"end":{"line":169,"column":43}},"type":"cond-expr","locations":[{"start":{"line":169,"column":28},"end":{"line":169,"column":34}},{"start":{"line":169,"column":37},"end":{"line":169,"column":43}}],"line":169},"22":{"loc":{"start":{"line":170,"column":12},"end":{"line":170,"column":44}},"type":"cond-expr","locations":[{"start":{"line":170,"column":29},"end":{"line":170,"column":35}},{"start":{"line":170,"column":38},"end":{"line":170,"column":44}}],"line":170},"23":{"loc":{"start":{"line":180,"column":11},"end":{"line":180,"column":43}},"type":"cond-expr","locations":[{"start":{"line":180,"column":28},"end":{"line":180,"column":34}},{"start":{"line":180,"column":37},"end":{"line":180,"column":43}}],"line":180},"24":{"loc":{"start":{"line":181,"column":12},"end":{"line":181,"column":44}},"type":"cond-expr","locations":[{"start":{"line":181,"column":29},"end":{"line":181,"column":35}},{"start":{"line":181,"column":38},"end":{"line":181,"column":44}}],"line":181},"25":{"loc":{"start":{"line":191,"column":11},"end":{"line":191,"column":43}},"type":"cond-expr","locations":[{"start":{"line":191,"column":28},"end":{"line":191,"column":34}},{"start":{"line":191,"column":37},"end":{"line":191,"column":43}}],"line":191},"26":{"loc":{"start":{"line":192,"column":12},"end":{"line":192,"column":44}},"type":"cond-expr","locations":[{"start":{"line":192,"column":29},"end":{"line":192,"column":35}},{"start":{"line":192,"column":38},"end":{"line":192,"column":44}}],"line":192},"27":{"loc":{"start":{"line":202,"column":11},"end":{"line":202,"column":43}},"type":"cond-expr","locations":[{"start":{"line":202,"column":28},"end":{"line":202,"column":34}},{"start":{"line":202,"column":37},"end":{"line":202,"column":43}}],"line":202},"28":{"loc":{"start":{"line":203,"column":12},"end":{"line":203,"column":44}},"type":"cond-expr","locations":[{"start":{"line":203,"column":29},"end":{"line":203,"column":35}},{"start":{"line":203,"column":38},"end":{"line":203,"column":44}}],"line":203},"29":{"loc":{"start":{"line":211,"column":12},"end":{"line":211,"column":44}},"type":"cond-expr","locations":[{"start":{"line":211,"column":29},"end":{"line":211,"column":35}},{"start":{"line":211,"column":38},"end":{"line":211,"column":44}}],"line":211},"30":{"loc":{"start":{"line":234,"column":11},"end":{"line":234,"column":44}},"type":"cond-expr","locations":[{"start":{"line":234,"column":28},"end":{"line":234,"column":34}},{"start":{"line":234,"column":37},"end":{"line":234,"column":44}}],"line":234},"31":{"loc":{"start":{"line":240,"column":20},"end":{"line":240,"column":60}},"type":"cond-expr","locations":[{"start":{"line":240,"column":37},"end":{"line":240,"column":49}},{"start":{"line":240,"column":52},"end":{"line":240,"column":60}}],"line":240},"32":{"loc":{"start":{"line":243,"column":19},"end":{"line":243,"column":52}},"type":"cond-expr","locations":[{"start":{"line":243,"column":36},"end":{"line":243,"column":44}},{"start":{"line":243,"column":47},"end":{"line":243,"column":52}}],"line":243},"33":{"loc":{"start":{"line":250,"column":12},"end":{"line":250,"column":44}},"type":"cond-expr","locations":[{"start":{"line":250,"column":29},"end":{"line":250,"column":35}},{"start":{"line":250,"column":38},"end":{"line":250,"column":44}}],"line":250},"34":{"loc":{"start":{"line":251,"column":13},"end":{"line":251,"column":45}},"type":"cond-expr","locations":[{"start":{"line":251,"column":30},"end":{"line":251,"column":36}},{"start":{"line":251,"column":39},"end":{"line":251,"column":45}}],"line":251},"35":{"loc":{"start":{"line":265,"column":12},"end":{"line":265,"column":45}},"type":"cond-expr","locations":[{"start":{"line":265,"column":29},"end":{"line":265,"column":35}},{"start":{"line":265,"column":38},"end":{"line":265,"column":45}}],"line":265},"36":{"loc":{"start":{"line":267,"column":12},"end":{"line":267,"column":44}},"type":"cond-expr","locations":[{"start":{"line":267,"column":29},"end":{"line":267,"column":35}},{"start":{"line":267,"column":38},"end":{"line":267,"column":44}}],"line":267},"37":{"loc":{"start":{"line":268,"column":14},"end":{"line":268,"column":46}},"type":"cond-expr","locations":[{"start":{"line":268,"column":31},"end":{"line":268,"column":37}},{"start":{"line":268,"column":40},"end":{"line":268,"column":46}}],"line":268},"38":{"loc":{"start":{"line":269,"column":13},"end":{"line":269,"column":44}},"type":"cond-expr","locations":[{"start":{"line":269,"column":30},"end":{"line":269,"column":35}},{"start":{"line":269,"column":38},"end":{"line":269,"column":44}}],"line":269},"39":{"loc":{"start":{"line":270,"column":11},"end":{"line":270,"column":39}},"type":"cond-expr","locations":[{"start":{"line":270,"column":28},"end":{"line":270,"column":34}},{"start":{"line":270,"column":37},"end":{"line":270,"column":39}}],"line":270},"40":{"loc":{"start":{"line":297,"column":4},"end":{"line":300,"column":5}},"type":"if","locations":[{"start":{"line":297,"column":4},"end":{"line":300,"column":5}},{"start":{},"end":{}}],"line":297},"41":{"loc":{"start":{"line":302,"column":4},"end":{"line":306,"column":5}},"type":"if","locations":[{"start":{"line":302,"column":4},"end":{"line":306,"column":5}},{"start":{},"end":{}}],"line":302},"42":{"loc":{"start":{"line":314,"column":4},"end":{"line":318,"column":5}},"type":"if","locations":[{"start":{"line":314,"column":4},"end":{"line":318,"column":5}},{"start":{"line":316,"column":11},"end":{"line":318,"column":5}}],"line":314},"43":{"loc":{"start":{"line":316,"column":11},"end":{"line":318,"column":5}},"type":"if","locations":[{"start":{"line":316,"column":11},"end":{"line":318,"column":5}},{"start":{},"end":{}}],"line":316},"44":{"loc":{"start":{"line":322,"column":2},"end":{"line":678,"column":3}},"type":"if","locations":[{"start":{"line":322,"column":2},"end":{"line":678,"column":3}},{"start":{"line":495,"column":9},"end":{"line":678,"column":3}}],"line":322},"45":{"loc":{"start":{"line":366,"column":17},"end":{"line":366,"column":47}},"type":"binary-expr","locations":[{"start":{"line":366,"column":17},"end":{"line":366,"column":32}},{"start":{"line":366,"column":36},"end":{"line":366,"column":47}}],"line":366},"46":{"loc":{"start":{"line":376,"column":17},"end":{"line":376,"column":43}},"type":"binary-expr","locations":[{"start":{"line":376,"column":17},"end":{"line":376,"column":32}},{"start":{"line":376,"column":36},"end":{"line":376,"column":43}}],"line":376},"47":{"loc":{"start":{"line":380,"column":15},"end":{"line":424,"column":15}},"type":"binary-expr","locations":[{"start":{"line":380,"column":15},"end":{"line":380,"column":27}},{"start":{"line":381,"column":16},"end":{"line":423,"column":22}}],"line":380},"48":{"loc":{"start":{"line":425,"column":15},"end":{"line":483,"column":15}},"type":"binary-expr","locations":[{"start":{"line":425,"column":15},"end":{"line":425,"column":27}},{"start":{"line":426,"column":16},"end":{"line":482,"column":22}}],"line":425},"49":{"loc":{"start":{"line":487,"column":9},"end":{"line":491,"column":9}},"type":"binary-expr","locations":[{"start":{"line":487,"column":9},"end":{"line":487,"column":16}},{"start":{"line":488,"column":10},"end":{"line":490,"column":16}}],"line":487},"50":{"loc":{"start":{"line":540,"column":19},"end":{"line":540,"column":49}},"type":"binary-expr","locations":[{"start":{"line":540,"column":19},"end":{"line":540,"column":34}},{"start":{"line":540,"column":38},"end":{"line":540,"column":49}}],"line":540},"51":{"loc":{"start":{"line":552,"column":19},"end":{"line":552,"column":45}},"type":"binary-expr","locations":[{"start":{"line":552,"column":19},"end":{"line":552,"column":34}},{"start":{"line":552,"column":38},"end":{"line":552,"column":45}}],"line":552},"52":{"loc":{"start":{"line":557,"column":15},"end":{"line":642,"column":15}},"type":"binary-expr","locations":[{"start":{"line":557,"column":15},"end":{"line":557,"column":27}},{"start":{"line":558,"column":16},"end":{"line":641,"column":22}}],"line":557},"53":{"loc":{"start":{"line":643,"column":15},"end":{"line":666,"column":15}},"type":"binary-expr","locations":[{"start":{"line":643,"column":15},"end":{"line":643,"column":27}},{"start":{"line":644,"column":16},"end":{"line":665,"column":22}}],"line":643},"54":{"loc":{"start":{"line":670,"column":9},"end":{"line":674,"column":9}},"type":"binary-expr","locations":[{"start":{"line":670,"column":9},"end":{"line":670,"column":16}},{"start":{"line":671,"column":10},"end":{"line":673,"column":16}}],"line":670}},"s":{"0":0,"1":0,"2":0,"3":0,"4":0,"5":0,"6":0,"7":0,"8":0,"9":0,"10":0,"11":0,"12":0,"13":0,"14":0,"15":0,"16":0,"17":0,"18":4,"19":4,"20":4,"21":4,"22":4,"23":4,"24":4,"25":4,"26":4,"27":4,"28":4,"29":4,"30":4,"31":4,"32":4,"33":4,"34":4,"35":4,"36":4,"37":4,"38":4,"39":4,"40":4,"41":4,"42":4,"43":4,"44":4,"45":4,"46":4,"47":4,"48":4,"49":4,"50":4,"51":4,"52":4,"53":4,"54":4,"55":4,"56":4,"57":4,"58":4,"59":4,"60":4,"61":4,"62":4,"63":4,"64":4,"65":0,"66":0,"67":4,"68":0,"69":0,"70":0,"71":4,"72":8,"73":8,"74":8,"75":4,"76":4,"77":0,"78":8,"79":4,"80":0,"81":0,"82":0,"83":0,"84":0,"85":0,"86":0,"87":0,"88":0,"89":0,"90":0,"91":0,"92":0,"93":0,"94":0,"95":0,"96":0,"97":0,"98":0,"99":0,"100":0,"101":0,"102":0,"103":0,"104":0,"105":0,"106":0,"107":0,"108":0,"109":4,"110":0,"111":1,"112":0,"113":0,"114":0,"115":1,"116":0,"117":0,"118":0,"119":0,"120":0,"121":0,"122":0,"123":0,"124":0,"125":0,"126":0,"127":0,"128":0,"129":0,"130":0,"131":0,"132":0,"133":0,"134":0,"135":0,"136":0,"137":0,"138":0,"139":0,"140":0,"141":0},"f":{"0":0,"1":0,"2":4,"3":4,"4":8,"5":0,"6":0,"7":0,"8":0,"9":0,"10":0,"11":0,"12":0,"13":0,"14":0,"15":0,"16":0,"17":0,"18":0,"19":0,"20":0,"21":0,"22":0,"23":0,"24":0,"25":0,"26":0,"27":0,"28":0,"29":1,"30":0,"31":0,"32":0,"33":1,"34":0,"35":0,"36":0,"37":0,"38":0,"39":0,"40":0,"41":0,"42":0,"43":0,"44":0,"45":0,"46":0,"47":0,"48":0,"49":0,"50":0,"51":0,"52":0,"53":0},"b":{"0":[0,0],"1":[0,0],"2":[0,0],"3":[0,4],"4":[0,4],"5":[0,4],"6":[0,4],"7":[0,4],"8":[0,4],"9":[0,4],"10":[0,4],"11":[0,4],"12":[0,4],"13":[0,4],"14":[0,4],"15":[0,4],"16":[0,4],"17":[0,4],"18":[0,4],"19":[0,4],"20":[0,4],"21":[0,4],"22":[0,4],"23":[0,4],"24":[0,4],"25":[0,4],"26":[0,4],"27":[0,4],"28":[0,4],"29":[0,4],"30":[0,4],"31":[0,4],"32":[0,4],"33":[0,4],"34":[0,4],"35":[0,4],"36":[0,4],"37":[0,4],"38":[0,4],"39":[0,4],"40":[0,4],"41":[0,4],"42":[4,4],"43":[0,4],"44":[0,4],"45":[0,0],"46":[0,0],"47":[0,0],"48":[0,0],"49":[0,0],"50":[4,4],"51":[4,4],"52":[4,3],"53":[4,1],"54":[4,0]},"_coverageSchema":"1a1c01bbd47fc00a2c39e90264f33305004495a9","hash":"89ab1728319ded9f3f3b0b51d557960583bcbda1"}
,"C:\\Users\\infra\\OneDrive\\Ambiente de Trabalho\\tcc\\TCC\\src\\styles\\colors\\styles.color.js": {"path":"C:\\Users\\infra\\OneDrive\\Ambiente de Trabalho\\tcc\\TCC\\src\\styles\\colors\\styles.color.js","statementMap":{"0":{"start":{"line":1,"column":27},"end":{"line":7,"column":1}}},"fnMap":{},"branchMap":{},"s":{"0":2},"f":{},"b":{},"_coverageSchema":"1a1c01bbd47fc00a2c39e90264f33305004495a9","hash":"176aaf78dac861d67a8f57c40438612edb487bde"}
,"C:\\Users\\infra\\OneDrive\\Ambiente de Trabalho\\tcc\\TCC\\src\\styles\\containers\\containers.ts": {"path":"C:\\Users\\infra\\OneDrive\\Ambiente de Trabalho\\tcc\\TCC\\src\\styles\\containers\\containers.ts","statementMap":{"0":{"start":{"line":4,"column":2},"end":{"line":8,"column":3}},"1":{"start":{"line":12,"column":2},"end":{"line":23,"column":3}},"2":{"start":{"line":27,"column":2},"end":{"line":32,"column":3}},"3":{"start":{"line":36,"column":2},"end":{"line":40,"column":3}},"4":{"start":{"line":44,"column":2},"end":{"line":55,"column":3}},"5":{"start":{"line":59,"column":2},"end":{"line":70,"column":3}},"6":{"start":{"line":74,"column":2},"end":{"line":87,"column":3}},"7":{"start":{"line":91,"column":2},"end":{"line":98,"column":3}},"8":{"start":{"line":102,"column":2},"end":{"line":109,"column":3}},"9":{"start":{"line":113,"column":2},"end":{"line":118,"column":3}},"10":{"start":{"line":122,"column":2},"end":{"line":130,"column":3}},"11":{"start":{"line":134,"column":2},"end":{"line":147,"column":3}},"12":{"start":{"line":151,"column":2},"end":{"line":158,"column":3}},"13":{"start":{"line":162,"column":2},"end":{"line":172,"column":3}},"14":{"start":{"line":176,"column":2},"end":{"line":185,"column":3}},"15":{"start":{"line":189,"column":2},"end":{"line":197,"column":3}},"16":{"start":{"line":201,"column":2},"end":{"line":212,"column":3}},"17":{"start":{"line":216,"column":2},"end":{"line":228,"column":3}},"18":{"start":{"line":232,"column":2},"end":{"line":244,"column":3}},"19":{"start":{"line":248,"column":4},"end":{"line":261,"column":3}},"20":{"start":{"line":265,"column":4},"end":{"line":279,"column":3}},"21":{"start":{"line":283,"column":2},"end":{"line":290,"column":3}}},"fnMap":{"0":{"name":"loginContainer","decl":{"start":{"line":3,"column":16},"end":{"line":3,"column":30}},"loc":{"start":{"line":3,"column":34},"end":{"line":9,"column":1}},"line":3},"1":{"name":"labelModel1","decl":{"start":{"line":11,"column":16},"end":{"line":11,"column":27}},"loc":{"start":{"line":11,"column":31},"end":{"line":24,"column":1}},"line":11},"2":{"name":"inputModel1","decl":{"start":{"line":26,"column":16},"end":{"line":26,"column":27}},"loc":{"start":{"line":26,"column":31},"end":{"line":33,"column":1}},"line":26},"3":{"name":"containerModel1","decl":{"start":{"line":35,"column":16},"end":{"line":35,"column":31}},"loc":{"start":{"line":35,"column":44},"end":{"line":41,"column":1}},"line":35},"4":{"name":"buttonModel1","decl":{"start":{"line":43,"column":16},"end":{"line":43,"column":28}},"loc":{"start":{"line":43,"column":32},"end":{"line":56,"column":1}},"line":43},"5":{"name":"loadingBox","decl":{"start":{"line":58,"column":16},"end":{"line":58,"column":26}},"loc":{"start":{"line":58,"column":30},"end":{"line":71,"column":1}},"line":58},"6":{"name":"loadingLabel","decl":{"start":{"line":73,"column":16},"end":{"line":73,"column":28}},"loc":{"start":{"line":73,"column":32},"end":{"line":88,"column":1}},"line":73},"7":{"name":"topDiv","decl":{"start":{"line":90,"column":16},"end":{"line":90,"column":22}},"loc":{"start":{"line":90,"column":26},"end":{"line":99,"column":1}},"line":90},"8":{"name":"sidebarDiv","decl":{"start":{"line":101,"column":16},"end":{"line":101,"column":26}},"loc":{"start":{"line":101,"column":30},"end":{"line":110,"column":1}},"line":101},"9":{"name":"sidebarItems","decl":{"start":{"line":112,"column":16},"end":{"line":112,"column":28}},"loc":{"start":{"line":112,"column":32},"end":{"line":119,"column":1}},"line":112},"10":{"name":"textLabel","decl":{"start":{"line":121,"column":16},"end":{"line":121,"column":25}},"loc":{"start":{"line":121,"column":29},"end":{"line":131,"column":1}},"line":121},"11":{"name":"titleLabel","decl":{"start":{"line":133,"column":16},"end":{"line":133,"column":26}},"loc":{"start":{"line":133,"column":30},"end":{"line":148,"column":1}},"line":133},"12":{"name":"logoutButton","decl":{"start":{"line":150,"column":16},"end":{"line":150,"column":28}},"loc":{"start":{"line":150,"column":32},"end":{"line":159,"column":1}},"line":150},"13":{"name":"titleGroup1","decl":{"start":{"line":161,"column":16},"end":{"line":161,"column":27}},"loc":{"start":{"line":161,"column":31},"end":{"line":173,"column":1}},"line":161},"14":{"name":"clientDataInputDiv","decl":{"start":{"line":175,"column":16},"end":{"line":175,"column":34}},"loc":{"start":{"line":175,"column":38},"end":{"line":186,"column":1}},"line":175},"15":{"name":"cancelButton","decl":{"start":{"line":188,"column":16},"end":{"line":188,"column":28}},"loc":{"start":{"line":188,"column":32},"end":{"line":198,"column":1}},"line":188},"16":{"name":"nextButton","decl":{"start":{"line":200,"column":16},"end":{"line":200,"column":26}},"loc":{"start":{"line":200,"column":30},"end":{"line":213,"column":1}},"line":200},"17":{"name":"configuratorButton","decl":{"start":{"line":215,"column":16},"end":{"line":215,"column":34}},"loc":{"start":{"line":215,"column":38},"end":{"line":229,"column":1}},"line":215},"18":{"name":"popContainer","decl":{"start":{"line":231,"column":16},"end":{"line":231,"column":28}},"loc":{"start":{"line":231,"column":32},"end":{"line":245,"column":1}},"line":231},"19":{"name":"translucentContainer","decl":{"start":{"line":247,"column":16},"end":{"line":247,"column":36}},"loc":{"start":{"line":247,"column":40},"end":{"line":262,"column":1}},"line":247},"20":{"name":"translucentBox","decl":{"start":{"line":264,"column":16},"end":{"line":264,"column":30}},"loc":{"start":{"line":264,"column":34},"end":{"line":280,"column":1}},"line":264},"21":{"name":"menuItem","decl":{"start":{"line":282,"column":16},"end":{"line":282,"column":24}},"loc":{"start":{"line":282,"column":28},"end":{"line":291,"column":1}},"line":282}},"branchMap":{},"s":{"0":0,"1":0,"2":0,"3":0,"4":0,"5":0,"6":0,"7":0,"8":0,"9":1,"10":0,"11":0,"12":0,"13":0,"14":0,"15":0,"16":0,"17":0,"18":0,"19":0,"20":0,"21":0},"f":{"0":0,"1":0,"2":0,"3":0,"4":0,"5":0,"6":0,"7":0,"8":0,"9":1,"10":0,"11":0,"12":0,"13":0,"14":0,"15":0,"16":0,"17":0,"18":0,"19":0,"20":0,"21":0},"b":{},"_coverageSchema":"1a1c01bbd47fc00a2c39e90264f33305004495a9","hash":"1e099324155088808b7f242a9dc250cfb56649ae"}
,"C:\\Users\\infra\\OneDrive\\Ambiente de Trabalho\\tcc\\TCC\\src\\utils\\dafaults.fn.js": {"path":"C:\\Users\\infra\\OneDrive\\Ambiente de Trabalho\\tcc\\TCC\\src\\utils\\dafaults.fn.js","statementMap":{"0":{"start":{"line":5,"column":2},"end":{"line":22,"column":3}},"1":{"start":{"line":6,"column":4},"end":{"line":19,"column":5}},"2":{"start":{"line":7,"column":6},"end":{"line":7,"column":59}},"3":{"start":{"line":8,"column":6},"end":{"line":8,"column":58}},"4":{"start":{"line":9,"column":6},"end":{"line":9,"column":62}},"5":{"start":{"line":10,"column":6},"end":{"line":10,"column":48}},"6":{"start":{"line":11,"column":6},"end":{"line":11,"column":45}},"7":{"start":{"line":13,"column":6},"end":{"line":13,"column":61}},"8":{"start":{"line":14,"column":6},"end":{"line":14,"column":58}},"9":{"start":{"line":15,"column":6},"end":{"line":15,"column":62}},"10":{"start":{"line":16,"column":6},"end":{"line":16,"column":47}},"11":{"start":{"line":17,"column":22},"end":{"line":17,"column":38}},"12":{"start":{"line":18,"column":6},"end":{"line":18,"column":53}},"13":{"start":{"line":21,"column":4},"end":{"line":21,"column":61}},"14":{"start":{"line":26,"column":18},"end":{"line":26,"column":35}},"15":{"start":{"line":28,"column":2},"end":{"line":51,"column":3}},"16":{"start":{"line":29,"column":4},"end":{"line":45,"column":7}},"17":{"start":{"line":30,"column":20},"end":{"line":30,"column":51}},"18":{"start":{"line":31,"column":6},"end":{"line":31,"column":48}},"19":{"start":{"line":32,"column":6},"end":{"line":32,"column":32}},"20":{"start":{"line":33,"column":6},"end":{"line":33,"column":37}},"21":{"start":{"line":34,"column":6},"end":{"line":34,"column":38}},"22":{"start":{"line":35,"column":6},"end":{"line":35,"column":92}},"23":{"start":{"line":35,"column":28},"end":{"line":35,"column":91}},"24":{"start":{"line":36,"column":6},"end":{"line":38,"column":8}},"25":{"start":{"line":37,"column":8},"end":{"line":37,"column":56}},"26":{"start":{"line":39,"column":6},"end":{"line":41,"column":8}},"27":{"start":{"line":40,"column":8},"end":{"line":40,"column":39}},"28":{"start":{"line":42,"column":6},"end":{"line":42,"column":60}},"29":{"start":{"line":44,"column":6},"end":{"line":44,"column":33}},"30":{"start":{"line":46,"column":9},"end":{"line":51,"column":3}},"31":{"start":{"line":47,"column":4},"end":{"line":50,"column":7}},"32":{"start":{"line":48,"column":20},"end":{"line":48,"column":59}},"33":{"start":{"line":49,"column":6},"end":{"line":49,"column":31}},"34":{"start":{"line":49,"column":16},"end":{"line":49,"column":31}},"35":{"start":{"line":55,"column":15},"end":{"line":55,"column":25}},"36":{"start":{"line":57,"column":2},"end":{"line":57,"column":16}},"37":{"start":{"line":59,"column":2},"end":{"line":59,"column":49}},"38":{"start":{"line":62,"column":2},"end":{"line":64,"column":3}},"39":{"start":{"line":63,"column":4},"end":{"line":63,"column":35}},"40":{"start":{"line":68,"column":19},"end":{"line":68,"column":35}},"41":{"start":{"line":69,"column":15},"end":{"line":69,"column":40}},"42":{"start":{"line":70,"column":2},"end":{"line":70,"column":14}},"43":{"start":{"line":74,"column":14},"end":{"line":74,"column":24}},"44":{"start":{"line":76,"column":14},"end":{"line":76,"column":64}},"45":{"start":{"line":76,"column":33},"end":{"line":76,"column":64}},"46":{"start":{"line":78,"column":15},"end":{"line":78,"column":32}},"47":{"start":{"line":79,"column":16},"end":{"line":79,"column":39}},"48":{"start":{"line":80,"column":14},"end":{"line":80,"column":32}},"49":{"start":{"line":82,"column":16},"end":{"line":82,"column":35}},"50":{"start":{"line":83,"column":18},"end":{"line":83,"column":39}},"51":{"start":{"line":84,"column":18},"end":{"line":84,"column":39}},"52":{"start":{"line":86,"column":23},"end":{"line":86,"column":44}},"53":{"start":{"line":87,"column":27},"end":{"line":87,"column":90}},"54":{"start":{"line":89,"column":19},"end":{"line":89,"column":24}},"55":{"start":{"line":91,"column":2},"end":{"line":91,"column":97}}},"fnMap":{"0":{"name":"handleSidebar","decl":{"start":{"line":4,"column":16},"end":{"line":4,"column":29}},"loc":{"start":{"line":4,"column":66},"end":{"line":23,"column":1}},"line":4},"1":{"name":"sidebarLinks","decl":{"start":{"line":25,"column":16},"end":{"line":25,"column":28}},"loc":{"start":{"line":25,"column":61},"end":{"line":52,"column":1}},"line":25},"2":{"name":"(anonymous_2)","decl":{"start":{"line":29,"column":20},"end":{"line":29,"column":21}},"loc":{"start":{"line":29,"column":28},"end":{"line":45,"column":5}},"line":29},"3":{"name":"(anonymous_3)","decl":{"start":{"line":35,"column":22},"end":{"line":35,"column":23}},"loc":{"start":{"line":35,"column":28},"end":{"line":35,"column":91}},"line":35},"4":{"name":"(anonymous_4)","decl":{"start":{"line":36,"column":27},"end":{"line":36,"column":28}},"loc":{"start":{"line":36,"column":34},"end":{"line":38,"column":7}},"line":36},"5":{"name":"(anonymous_5)","decl":{"start":{"line":39,"column":27},"end":{"line":39,"column":28}},"loc":{"start":{"line":39,"column":34},"end":{"line":41,"column":7}},"line":39},"6":{"name":"(anonymous_6)","decl":{"start":{"line":47,"column":20},"end":{"line":47,"column":21}},"loc":{"start":{"line":47,"column":28},"end":{"line":50,"column":5}},"line":47},"7":{"name":"logout","decl":{"start":{"line":54,"column":22},"end":{"line":54,"column":28}},"loc":{"start":{"line":54,"column":38},"end":{"line":65,"column":1}},"line":54},"8":{"name":"resultFetch","decl":{"start":{"line":67,"column":22},"end":{"line":67,"column":33}},"loc":{"start":{"line":67,"column":39},"end":{"line":71,"column":1}},"line":67},"9":{"name":"getTime","decl":{"start":{"line":73,"column":16},"end":{"line":73,"column":23}},"loc":{"start":{"line":73,"column":25},"end":{"line":92,"column":1}},"line":73},"10":{"name":"(anonymous_10)","decl":{"start":{"line":76,"column":14},"end":{"line":76,"column":15}},"loc":{"start":{"line":76,"column":33},"end":{"line":76,"column":64}},"line":76}},"branchMap":{"0":{"loc":{"start":{"line":5,"column":2},"end":{"line":22,"column":3}},"type":"if","locations":[{"start":{"line":5,"column":2},"end":{"line":22,"column":3}},{"start":{"line":20,"column":7},"end":{"line":22,"column":3}}],"line":5},"1":{"loc":{"start":{"line":6,"column":4},"end":{"line":19,"column":5}},"type":"if","locations":[{"start":{"line":6,"column":4},"end":{"line":19,"column":5}},{"start":{"line":12,"column":9},"end":{"line":19,"column":5}}],"line":6},"2":{"loc":{"start":{"line":28,"column":2},"end":{"line":51,"column":3}},"type":"if","locations":[{"start":{"line":28,"column":2},"end":{"line":51,"column":3}},{"start":{"line":46,"column":9},"end":{"line":51,"column":3}}],"line":28},"3":{"loc":{"start":{"line":46,"column":9},"end":{"line":51,"column":3}},"type":"if","locations":[{"start":{"line":46,"column":9},"end":{"line":51,"column":3}},{"start":{},"end":{}}],"line":46},"4":{"loc":{"start":{"line":49,"column":6},"end":{"line":49,"column":31}},"type":"if","locations":[{"start":{"line":49,"column":6},"end":{"line":49,"column":31}},{"start":{},"end":{}}],"line":49},"5":{"loc":{"start":{"line":62,"column":2},"end":{"line":64,"column":3}},"type":"if","locations":[{"start":{"line":62,"column":2},"end":{"line":64,"column":3}},{"start":{},"end":{}}],"line":62},"6":{"loc":{"start":{"line":62,"column":5},"end":{"line":62,"column":53}},"type":"binary-expr","locations":[{"start":{"line":62,"column":5},"end":{"line":62,"column":34}},{"start":{"line":62,"column":38},"end":{"line":62,"column":53}}],"line":62},"7":{"loc":{"start":{"line":76,"column":20},"end":{"line":76,"column":28}},"type":"default-arg","locations":[{"start":{"line":76,"column":27},"end":{"line":76,"column":28}}],"line":76}},"s":{"0":2,"1":2,"2":1,"3":1,"4":1,"5":1,"6":1,"7":1,"8":1,"9":1,"10":1,"11":1,"12":1,"13":0,"14":2,"15":2,"16":1,"17":2,"18":2,"19":2,"20":2,"21":2,"22":2,"23":0,"24":2,"25":0,"26":2,"27":0,"28":2,"29":2,"30":1,"31":1,"32":2,"33":2,"34":0,"35":0,"36":0,"37":0,"38":0,"39":0,"40":3,"41":3,"42":3,"43":1,"44":1,"45":7,"46":1,"47":1,"48":1,"49":1,"50":1,"51":1,"52":1,"53":1,"54":1,"55":1},"f":{"0":2,"1":2,"2":2,"3":0,"4":0,"5":0,"6":2,"7":0,"8":3,"9":1,"10":7},"b":{"0":[2,0],"1":[1,1],"2":[1,1],"3":[1,0],"4":[0,2],"5":[0,0],"6":[0,0],"7":[5]},"_coverageSchema":"1a1c01bbd47fc00a2c39e90264f33305004495a9","hash":"467bcf8b7f78f243c5e791eec24f9106a4849123"}
}
