{"C:\\Users\\infra\\OneDrive\\Ambiente de Trabalho\\tcc\\TCC\\pages\\index.js": {"path":"C:\\Users\\infra\\OneDrive\\Ambiente de Trabalho\\tcc\\TCC\\pages\\index.js","statementMap":{"0":{"start":{"line":13,"column":20},"end":{"line":13,"column":71}},"1":{"start":{"line":15,"column":4},"end":{"line":17,"column":5}},"2":{"start":{"line":20,"column":16},"end":{"line":20,"column":50}},"3":{"start":{"line":21,"column":13},"end":{"line":21,"column":17}},"4":{"start":{"line":23,"column":2},"end":{"line":30,"column":3}},"5":{"start":{"line":24,"column":4},"end":{"line":29,"column":5}},"6":{"start":{"line":26,"column":6},"end":{"line":26,"column":55}},"7":{"start":{"line":28,"column":6},"end":{"line":28,"column":18}},"8":{"start":{"line":31,"column":2},"end":{"line":31,"column":50}},"9":{"start":{"line":40,"column":19},"end":{"line":40,"column":55}},"10":{"start":{"line":41,"column":16},"end":{"line":41,"column":43}},"11":{"start":{"line":43,"column":22},"end":{"line":43,"column":55}},"12":{"start":{"line":44,"column":19},"end":{"line":44,"column":49}},"13":{"start":{"line":46,"column":2},"end":{"line":46,"column":21}},"14":{"start":{"line":47,"column":2},"end":{"line":47,"column":28}},"15":{"start":{"line":48,"column":2},"end":{"line":48,"column":24}},"16":{"start":{"line":49,"column":2},"end":{"line":49,"column":30}},"17":{"start":{"line":50,"column":2},"end":{"line":50,"column":34}},"18":{"start":{"line":54,"column":32},"end":{"line":54,"column":47}},"19":{"start":{"line":55,"column":30},"end":{"line":55,"column":41}},"20":{"start":{"line":56,"column":40},"end":{"line":56,"column":54}},"21":{"start":{"line":57,"column":34},"end":{"line":57,"column":49}},"22":{"start":{"line":58,"column":30},"end":{"line":58,"column":42}},"23":{"start":{"line":60,"column":21},"end":{"line":60,"column":50}},"24":{"start":{"line":61,"column":16},"end":{"line":61,"column":38}},"25":{"start":{"line":62,"column":18},"end":{"line":62,"column":42}},"26":{"start":{"line":63,"column":17},"end":{"line":63,"column":37}},"27":{"start":{"line":65,"column":20},"end":{"line":73,"column":3}},"28":{"start":{"line":75,"column":18},"end":{"line":83,"column":3}},"29":{"start":{"line":85,"column":23},"end":{"line":94,"column":3}},"30":{"start":{"line":96,"column":22},"end":{"line":105,"column":3}},"31":{"start":{"line":107,"column":19},"end":{"line":116,"column":3}},"32":{"start":{"line":118,"column":18},"end":{"line":127,"column":3}},"33":{"start":{"line":129,"column":18},"end":{"line":138,"column":3}},"34":{"start":{"line":140,"column":20},"end":{"line":149,"column":3}},"35":{"start":{"line":151,"column":18},"end":{"line":160,"column":3}},"36":{"start":{"line":162,"column":17},"end":{"line":171,"column":3}},"37":{"start":{"line":173,"column":16},"end":{"line":182,"column":3}},"38":{"start":{"line":184,"column":18},"end":{"line":193,"column":3}},"39":{"start":{"line":195,"column":18},"end":{"line":204,"column":3}},"40":{"start":{"line":206,"column":20},"end":{"line":213,"column":3}},"41":{"start":{"line":215,"column":21},"end":{"line":220,"column":3}},"42":{"start":{"line":222,"column":23},"end":{"line":229,"column":3}},"43":{"start":{"line":231,"column":24},"end":{"line":236,"column":3}},"44":{"start":{"line":238,"column":27},"end":{"line":252,"column":3}},"45":{"start":{"line":254,"column":27},"end":{"line":270,"column":3}},"46":{"start":{"line":272,"column":2},"end":{"line":306,"column":23}},"47":{"start":{"line":273,"column":4},"end":{"line":273,"column":37}},"48":{"start":{"line":274,"column":4},"end":{"line":274,"column":48}},"49":{"start":{"line":275,"column":4},"end":{"line":275,"column":64}},"50":{"start":{"line":276,"column":4},"end":{"line":276,"column":41}},"51":{"start":{"line":277,"column":4},"end":{"line":277,"column":52}},"52":{"start":{"line":278,"column":4},"end":{"line":278,"column":42}},"53":{"start":{"line":279,"column":4},"end":{"line":279,"column":53}},"54":{"start":{"line":281,"column":4},"end":{"line":281,"column":33}},"55":{"start":{"line":282,"column":21},"end":{"line":282,"column":51}},"56":{"start":{"line":283,"column":4},"end":{"line":283,"column":32}},"57":{"start":{"line":284,"column":4},"end":{"line":285,"column":82}},"58":{"start":{"line":287,"column":21},"end":{"line":287,"column":51}},"59":{"start":{"line":288,"column":4},"end":{"line":288,"column":26}},"60":{"start":{"line":289,"column":4},"end":{"line":289,"column":39}},"61":{"start":{"line":291,"column":4},"end":{"line":291,"column":28}},"62":{"start":{"line":293,"column":4},"end":{"line":293,"column":40}},"63":{"start":{"line":294,"column":4},"end":{"line":294,"column":40}},"64":{"start":{"line":296,"column":4},"end":{"line":299,"column":5}},"65":{"start":{"line":297,"column":6},"end":{"line":297,"column":28}},"66":{"start":{"line":298,"column":6},"end":{"line":298,"column":72}},"67":{"start":{"line":301,"column":4},"end":{"line":305,"column":5}},"68":{"start":{"line":302,"column":18},"end":{"line":302,"column":71}},"69":{"start":{"line":303,"column":6},"end":{"line":303,"column":20}},"70":{"start":{"line":304,"column":6},"end":{"line":304,"column":23}},"71":{"start":{"line":308,"column":27},"end":{"line":319,"column":3}},"72":{"start":{"line":309,"column":26},"end":{"line":309,"column":28}},"73":{"start":{"line":311,"column":30},"end":{"line":311,"column":48}},"74":{"start":{"line":313,"column":4},"end":{"line":317,"column":5}},"75":{"start":{"line":314,"column":6},"end":{"line":314,"column":49}},"76":{"start":{"line":315,"column":11},"end":{"line":317,"column":5}},"77":{"start":{"line":316,"column":6},"end":{"line":316,"column":31}},"78":{"start":{"line":318,"column":4},"end":{"line":318,"column":42}},"79":{"start":{"line":321,"column":2},"end":{"line":677,"column":3}},"80":{"start":{"line":322,"column":4},"end":{"line":493,"column":6}},"81":{"start":{"line":335,"column":30},"end":{"line":335,"column":56}},"82":{"start":{"line":352,"column":29},"end":{"line":352,"column":47}},"83":{"start":{"line":360,"column":31},"end":{"line":360,"column":43}},"84":{"start":{"line":361,"column":36},"end":{"line":361,"column":53}},"85":{"start":{"line":362,"column":36},"end":{"line":362,"column":56}},"86":{"start":{"line":370,"column":31},"end":{"line":370,"column":43}},"87":{"start":{"line":371,"column":36},"end":{"line":371,"column":53}},"88":{"start":{"line":372,"column":36},"end":{"line":372,"column":56}},"89":{"start":{"line":385,"column":23},"end":{"line":386,"column":42}},"90":{"start":{"line":389,"column":23},"end":{"line":390,"column":26}},"91":{"start":{"line":393,"column":22},"end":{"line":393,"column":39}},"92":{"start":{"line":394,"column":22},"end":{"line":394,"column":66}},"93":{"start":{"line":406,"column":23},"end":{"line":407,"column":42}},"94":{"start":{"line":410,"column":23},"end":{"line":410,"column":79}},"95":{"start":{"line":413,"column":22},"end":{"line":413,"column":39}},"96":{"start":{"line":414,"column":22},"end":{"line":414,"column":70}},"97":{"start":{"line":430,"column":23},"end":{"line":431,"column":42}},"98":{"start":{"line":434,"column":23},"end":{"line":434,"column":76}},"99":{"start":{"line":437,"column":22},"end":{"line":437,"column":39}},"100":{"start":{"line":438,"column":22},"end":{"line":438,"column":60}},"101":{"start":{"line":450,"column":23},"end":{"line":451,"column":42}},"102":{"start":{"line":454,"column":23},"end":{"line":454,"column":77}},"103":{"start":{"line":457,"column":22},"end":{"line":457,"column":39}},"104":{"start":{"line":458,"column":22},"end":{"line":458,"column":64}},"105":{"start":{"line":470,"column":23},"end":{"line":470,"column":72}},"106":{"start":{"line":472,"column":42},"end":{"line":472,"column":75}},"107":{"start":{"line":474,"column":22},"end":{"line":474,"column":39}},"108":{"start":{"line":475,"column":22},"end":{"line":475,"column":62}},"109":{"start":{"line":495,"column":4},"end":{"line":676,"column":6}},"110":{"start":{"line":508,"column":30},"end":{"line":508,"column":56}},"111":{"start":{"line":525,"column":29},"end":{"line":525,"column":47}},"112":{"start":{"line":533,"column":31},"end":{"line":533,"column":43}},"113":{"start":{"line":534,"column":36},"end":{"line":534,"column":53}},"114":{"start":{"line":535,"column":36},"end":{"line":535,"column":56}},"115":{"start":{"line":545,"column":31},"end":{"line":545,"column":43}},"116":{"start":{"line":546,"column":36},"end":{"line":546,"column":53}},"117":{"start":{"line":547,"column":36},"end":{"line":547,"column":56}},"118":{"start":{"line":567,"column":23},"end":{"line":567,"column":72}},"119":{"start":{"line":569,"column":42},"end":{"line":569,"column":75}},"120":{"start":{"line":571,"column":22},"end":{"line":571,"column":39}},"121":{"start":{"line":572,"column":22},"end":{"line":572,"column":66}},"122":{"start":{"line":583,"column":23},"end":{"line":583,"column":72}},"123":{"start":{"line":585,"column":42},"end":{"line":585,"column":75}},"124":{"start":{"line":587,"column":22},"end":{"line":587,"column":39}},"125":{"start":{"line":588,"column":22},"end":{"line":588,"column":70}},"126":{"start":{"line":599,"column":23},"end":{"line":599,"column":72}},"127":{"start":{"line":601,"column":42},"end":{"line":601,"column":75}},"128":{"start":{"line":603,"column":22},"end":{"line":603,"column":39}},"129":{"start":{"line":604,"column":22},"end":{"line":604,"column":64}},"130":{"start":{"line":615,"column":23},"end":{"line":615,"column":72}},"131":{"start":{"line":617,"column":42},"end":{"line":617,"column":75}},"132":{"start":{"line":619,"column":22},"end":{"line":619,"column":39}},"133":{"start":{"line":620,"column":22},"end":{"line":620,"column":60}},"134":{"start":{"line":629,"column":23},"end":{"line":629,"column":72}},"135":{"start":{"line":631,"column":42},"end":{"line":631,"column":75}},"136":{"start":{"line":633,"column":22},"end":{"line":633,"column":39}},"137":{"start":{"line":634,"column":22},"end":{"line":634,"column":64}},"138":{"start":{"line":648,"column":23},"end":{"line":649,"column":42}},"139":{"start":{"line":652,"column":23},"end":{"line":652,"column":76}},"140":{"start":{"line":655,"column":22},"end":{"line":655,"column":39}},"141":{"start":{"line":656,"column":22},"end":{"line":656,"column":60}}},"fnMap":{"0":{"name":"getServerSideProps","decl":{"start":{"line":12,"column":22},"end":{"line":12,"column":40}},"loc":{"start":{"line":12,"column":50},"end":{"line":32,"column":1}},"line":12},"1":{"name":"resumeSales","decl":{"start":{"line":34,"column":15},"end":{"line":34,"column":26}},"loc":{"start":{"line":39,"column":2},"end":{"line":51,"column":1}},"line":39},"2":{"name":"home","decl":{"start":{"line":53,"column":24},"end":{"line":53,"column":28}},"loc":{"start":{"line":53,"column":36},"end":{"line":678,"column":1}},"line":53},"3":{"name":"(anonymous_3)","decl":{"start":{"line":272,"column":12},"end":{"line":272,"column":13}},"loc":{"start":{"line":272,"column":18},"end":{"line":306,"column":3}},"line":272},"4":{"name":"(anonymous_4)","decl":{"start":{"line":308,"column":27},"end":{"line":308,"column":28}},"loc":{"start":{"line":308,"column":43},"end":{"line":319,"column":3}},"line":308},"5":{"name":"(anonymous_5)","decl":{"start":{"line":335,"column":23},"end":{"line":335,"column":24}},"loc":{"start":{"line":335,"column":30},"end":{"line":335,"column":56}},"line":335},"6":{"name":"(anonymous_6)","decl":{"start":{"line":352,"column":23},"end":{"line":352,"column":24}},"loc":{"start":{"line":352,"column":29},"end":{"line":352,"column":47}},"line":352},"7":{"name":"(anonymous_7)","decl":{"start":{"line":360,"column":25},"end":{"line":360,"column":26}},"loc":{"start":{"line":360,"column":31},"end":{"line":360,"column":43}},"line":360},"8":{"name":"(anonymous_8)","decl":{"start":{"line":361,"column":30},"end":{"line":361,"column":31}},"loc":{"start":{"line":361,"column":36},"end":{"line":361,"column":53}},"line":361},"9":{"name":"(anonymous_9)","decl":{"start":{"line":362,"column":30},"end":{"line":362,"column":31}},"loc":{"start":{"line":362,"column":36},"end":{"line":362,"column":56}},"line":362},"10":{"name":"(anonymous_10)","decl":{"start":{"line":370,"column":25},"end":{"line":370,"column":26}},"loc":{"start":{"line":370,"column":31},"end":{"line":370,"column":43}},"line":370},"11":{"name":"(anonymous_11)","decl":{"start":{"line":371,"column":30},"end":{"line":371,"column":31}},"loc":{"start":{"line":371,"column":36},"end":{"line":371,"column":53}},"line":371},"12":{"name":"(anonymous_12)","decl":{"start":{"line":372,"column":30},"end":{"line":372,"column":31}},"loc":{"start":{"line":372,"column":36},"end":{"line":372,"column":56}},"line":372},"13":{"name":"(anonymous_13)","decl":{"start":{"line":384,"column":34},"end":{"line":384,"column":35}},"loc":{"start":{"line":385,"column":23},"end":{"line":386,"column":42}},"line":385},"14":{"name":"(anonymous_14)","decl":{"start":{"line":388,"column":34},"end":{"line":388,"column":35}},"loc":{"start":{"line":389,"column":23},"end":{"line":390,"column":26}},"line":389},"15":{"name":"(anonymous_15)","decl":{"start":{"line":392,"column":29},"end":{"line":392,"column":30}},"loc":{"start":{"line":392,"column":35},"end":{"line":395,"column":21}},"line":392},"16":{"name":"(anonymous_16)","decl":{"start":{"line":405,"column":34},"end":{"line":405,"column":35}},"loc":{"start":{"line":406,"column":23},"end":{"line":407,"column":42}},"line":406},"17":{"name":"(anonymous_17)","decl":{"start":{"line":409,"column":34},"end":{"line":409,"column":35}},"loc":{"start":{"line":410,"column":23},"end":{"line":410,"column":79}},"line":410},"18":{"name":"(anonymous_18)","decl":{"start":{"line":412,"column":29},"end":{"line":412,"column":30}},"loc":{"start":{"line":412,"column":35},"end":{"line":415,"column":21}},"line":412},"19":{"name":"(anonymous_19)","decl":{"start":{"line":429,"column":34},"end":{"line":429,"column":35}},"loc":{"start":{"line":430,"column":23},"end":{"line":431,"column":42}},"line":430},"20":{"name":"(anonymous_20)","decl":{"start":{"line":433,"column":34},"end":{"line":433,"column":35}},"loc":{"start":{"line":434,"column":23},"end":{"line":434,"column":76}},"line":434},"21":{"name":"(anonymous_21)","decl":{"start":{"line":436,"column":29},"end":{"line":436,"column":30}},"loc":{"start":{"line":436,"column":35},"end":{"line":439,"column":21}},"line":436},"22":{"name":"(anonymous_22)","decl":{"start":{"line":449,"column":34},"end":{"line":449,"column":35}},"loc":{"start":{"line":450,"column":23},"end":{"line":451,"column":42}},"line":450},"23":{"name":"(anonymous_23)","decl":{"start":{"line":453,"column":34},"end":{"line":453,"column":35}},"loc":{"start":{"line":454,"column":23},"end":{"line":454,"column":77}},"line":454},"24":{"name":"(anonymous_24)","decl":{"start":{"line":456,"column":29},"end":{"line":456,"column":30}},"loc":{"start":{"line":456,"column":35},"end":{"line":459,"column":21}},"line":456},"25":{"name":"(anonymous_25)","decl":{"start":{"line":469,"column":34},"end":{"line":469,"column":35}},"loc":{"start":{"line":470,"column":23},"end":{"line":470,"column":72}},"line":470},"26":{"name":"(anonymous_26)","decl":{"start":{"line":472,"column":34},"end":{"line":472,"column":35}},"loc":{"start":{"line":472,"column":42},"end":{"line":472,"column":75}},"line":472},"27":{"name":"(anonymous_27)","decl":{"start":{"line":473,"column":29},"end":{"line":473,"column":30}},"loc":{"start":{"line":473,"column":35},"end":{"line":476,"column":21}},"line":473},"28":{"name":"(anonymous_28)","decl":{"start":{"line":508,"column":23},"end":{"line":508,"column":24}},"loc":{"start":{"line":508,"column":30},"end":{"line":508,"column":56}},"line":508},"29":{"name":"(anonymous_29)","decl":{"start":{"line":525,"column":23},"end":{"line":525,"column":24}},"loc":{"start":{"line":525,"column":29},"end":{"line":525,"column":47}},"line":525},"30":{"name":"(anonymous_30)","decl":{"start":{"line":533,"column":25},"end":{"line":533,"column":26}},"loc":{"start":{"line":533,"column":31},"end":{"line":533,"column":43}},"line":533},"31":{"name":"(anonymous_31)","decl":{"start":{"line":534,"column":30},"end":{"line":534,"column":31}},"loc":{"start":{"line":534,"column":36},"end":{"line":534,"column":53}},"line":534},"32":{"name":"(anonymous_32)","decl":{"start":{"line":535,"column":30},"end":{"line":535,"column":31}},"loc":{"start":{"line":535,"column":36},"end":{"line":535,"column":56}},"line":535},"33":{"name":"(anonymous_33)","decl":{"start":{"line":545,"column":25},"end":{"line":545,"column":26}},"loc":{"start":{"line":545,"column":31},"end":{"line":545,"column":43}},"line":545},"34":{"name":"(anonymous_34)","decl":{"start":{"line":546,"column":30},"end":{"line":546,"column":31}},"loc":{"start":{"line":546,"column":36},"end":{"line":546,"column":53}},"line":546},"35":{"name":"(anonymous_35)","decl":{"start":{"line":547,"column":30},"end":{"line":547,"column":31}},"loc":{"start":{"line":547,"column":36},"end":{"line":547,"column":56}},"line":547},"36":{"name":"(anonymous_36)","decl":{"start":{"line":566,"column":34},"end":{"line":566,"column":35}},"loc":{"start":{"line":567,"column":23},"end":{"line":567,"column":72}},"line":567},"37":{"name":"(anonymous_37)","decl":{"start":{"line":569,"column":34},"end":{"line":569,"column":35}},"loc":{"start":{"line":569,"column":42},"end":{"line":569,"column":75}},"line":569},"38":{"name":"(anonymous_38)","decl":{"start":{"line":570,"column":29},"end":{"line":570,"column":30}},"loc":{"start":{"line":570,"column":35},"end":{"line":573,"column":21}},"line":570},"39":{"name":"(anonymous_39)","decl":{"start":{"line":582,"column":34},"end":{"line":582,"column":35}},"loc":{"start":{"line":583,"column":23},"end":{"line":583,"column":72}},"line":583},"40":{"name":"(anonymous_40)","decl":{"start":{"line":585,"column":34},"end":{"line":585,"column":35}},"loc":{"start":{"line":585,"column":42},"end":{"line":585,"column":75}},"line":585},"41":{"name":"(anonymous_41)","decl":{"start":{"line":586,"column":29},"end":{"line":586,"column":30}},"loc":{"start":{"line":586,"column":35},"end":{"line":589,"column":21}},"line":586},"42":{"name":"(anonymous_42)","decl":{"start":{"line":598,"column":34},"end":{"line":598,"column":35}},"loc":{"start":{"line":599,"column":23},"end":{"line":599,"column":72}},"line":599},"43":{"name":"(anonymous_43)","decl":{"start":{"line":601,"column":34},"end":{"line":601,"column":35}},"loc":{"start":{"line":601,"column":42},"end":{"line":601,"column":75}},"line":601},"44":{"name":"(anonymous_44)","decl":{"start":{"line":602,"column":29},"end":{"line":602,"column":30}},"loc":{"start":{"line":602,"column":35},"end":{"line":605,"column":21}},"line":602},"45":{"name":"(anonymous_45)","decl":{"start":{"line":614,"column":34},"end":{"line":614,"column":35}},"loc":{"start":{"line":615,"column":23},"end":{"line":615,"column":72}},"line":615},"46":{"name":"(anonymous_46)","decl":{"start":{"line":617,"column":34},"end":{"line":617,"column":35}},"loc":{"start":{"line":617,"column":42},"end":{"line":617,"column":75}},"line":617},"47":{"name":"(anonymous_47)","decl":{"start":{"line":618,"column":29},"end":{"line":618,"column":30}},"loc":{"start":{"line":618,"column":35},"end":{"line":621,"column":21}},"line":618},"48":{"name":"(anonymous_48)","decl":{"start":{"line":628,"column":34},"end":{"line":628,"column":35}},"loc":{"start":{"line":629,"column":23},"end":{"line":629,"column":72}},"line":629},"49":{"name":"(anonymous_49)","decl":{"start":{"line":631,"column":34},"end":{"line":631,"column":35}},"loc":{"start":{"line":631,"column":42},"end":{"line":631,"column":75}},"line":631},"50":{"name":"(anonymous_50)","decl":{"start":{"line":632,"column":29},"end":{"line":632,"column":30}},"loc":{"start":{"line":632,"column":35},"end":{"line":635,"column":21}},"line":632},"51":{"name":"(anonymous_51)","decl":{"start":{"line":647,"column":34},"end":{"line":647,"column":35}},"loc":{"start":{"line":648,"column":23},"end":{"line":649,"column":42}},"line":648},"52":{"name":"(anonymous_52)","decl":{"start":{"line":651,"column":34},"end":{"line":651,"column":35}},"loc":{"start":{"line":652,"column":23},"end":{"line":652,"column":76}},"line":652},"53":{"name":"(anonymous_53)","decl":{"start":{"line":654,"column":29},"end":{"line":654,"column":30}},"loc":{"start":{"line":654,"column":35},"end":{"line":657,"column":21}},"line":654}},"branchMap":{"0":{"loc":{"start":{"line":13,"column":20},"end":{"line":13,"column":71}},"type":"binary-expr","locations":[{"start":{"line":13,"column":20},"end":{"line":13,"column":53}},{"start":{"line":13,"column":57},"end":{"line":13,"column":71}}],"line":13},"1":{"loc":{"start":{"line":20,"column":16},"end":{"line":20,"column":50}},"type":"binary-expr","locations":[{"start":{"line":20,"column":16},"end":{"line":20,"column":42}},{"start":{"line":20,"column":46},"end":{"line":20,"column":50}}],"line":20},"2":{"loc":{"start":{"line":23,"column":2},"end":{"line":30,"column":3}},"type":"if","locations":[{"start":{"line":23,"column":2},"end":{"line":30,"column":3}},{"start":{},"end":{}}],"line":23},"3":{"loc":{"start":{"line":70,"column":11},"end":{"line":70,"column":43}},"type":"cond-expr","locations":[{"start":{"line":70,"column":28},"end":{"line":70,"column":34}},{"start":{"line":70,"column":37},"end":{"line":70,"column":43}}],"line":70},"4":{"loc":{"start":{"line":71,"column":12},"end":{"line":71,"column":44}},"type":"cond-expr","locations":[{"start":{"line":71,"column":29},"end":{"line":71,"column":35}},{"start":{"line":71,"column":38},"end":{"line":71,"column":44}}],"line":71},"5":{"loc":{"start":{"line":72,"column":17},"end":{"line":72,"column":49}},"type":"cond-expr","locations":[{"start":{"line":72,"column":34},"end":{"line":72,"column":40}},{"start":{"line":72,"column":43},"end":{"line":72,"column":49}}],"line":72},"6":{"loc":{"start":{"line":80,"column":11},"end":{"line":80,"column":43}},"type":"cond-expr","locations":[{"start":{"line":80,"column":28},"end":{"line":80,"column":34}},{"start":{"line":80,"column":37},"end":{"line":80,"column":43}}],"line":80},"7":{"loc":{"start":{"line":81,"column":12},"end":{"line":81,"column":44}},"type":"cond-expr","locations":[{"start":{"line":81,"column":29},"end":{"line":81,"column":35}},{"start":{"line":81,"column":38},"end":{"line":81,"column":44}}],"line":81},"8":{"loc":{"start":{"line":82,"column":16},"end":{"line":82,"column":48}},"type":"cond-expr","locations":[{"start":{"line":82,"column":33},"end":{"line":82,"column":39}},{"start":{"line":82,"column":42},"end":{"line":82,"column":48}}],"line":82},"9":{"loc":{"start":{"line":102,"column":11},"end":{"line":102,"column":43}},"type":"cond-expr","locations":[{"start":{"line":102,"column":28},"end":{"line":102,"column":34}},{"start":{"line":102,"column":37},"end":{"line":102,"column":43}}],"line":102},"10":{"loc":{"start":{"line":103,"column":12},"end":{"line":103,"column":44}},"type":"cond-expr","locations":[{"start":{"line":103,"column":29},"end":{"line":103,"column":35}},{"start":{"line":103,"column":38},"end":{"line":103,"column":44}}],"line":103},"11":{"loc":{"start":{"line":113,"column":11},"end":{"line":113,"column":43}},"type":"cond-expr","locations":[{"start":{"line":113,"column":28},"end":{"line":113,"column":34}},{"start":{"line":113,"column":37},"end":{"line":113,"column":43}}],"line":113},"12":{"loc":{"start":{"line":114,"column":12},"end":{"line":114,"column":44}},"type":"cond-expr","locations":[{"start":{"line":114,"column":29},"end":{"line":114,"column":35}},{"start":{"line":114,"column":38},"end":{"line":114,"column":44}}],"line":114},"13":{"loc":{"start":{"line":124,"column":11},"end":{"line":124,"column":43}},"type":"cond-expr","locations":[{"start":{"line":124,"column":28},"end":{"line":124,"column":34}},{"start":{"line":124,"column":37},"end":{"line":124,"column":43}}],"line":124},"14":{"loc":{"start":{"line":125,"column":12},"end":{"line":125,"column":44}},"type":"cond-expr","locations":[{"start":{"line":125,"column":29},"end":{"line":125,"column":35}},{"start":{"line":125,"column":38},"end":{"line":125,"column":44}}],"line":125},"15":{"loc":{"start":{"line":135,"column":11},"end":{"line":135,"column":43}},"type":"cond-expr","locations":[{"start":{"line":135,"column":28},"end":{"line":135,"column":34}},{"start":{"line":135,"column":37},"end":{"line":135,"column":43}}],"line":135},"16":{"loc":{"start":{"line":136,"column":12},"end":{"line":136,"column":44}},"type":"cond-expr","locations":[{"start":{"line":136,"column":29},"end":{"line":136,"column":35}},{"start":{"line":136,"column":38},"end":{"line":136,"column":44}}],"line":136},"17":{"loc":{"start":{"line":146,"column":11},"end":{"line":146,"column":43}},"type":"cond-expr","locations":[{"start":{"line":146,"column":28},"end":{"line":146,"column":34}},{"start":{"line":146,"column":37},"end":{"line":146,"column":43}}],"line":146},"18":{"loc":{"start":{"line":147,"column":12},"end":{"line":147,"column":44}},"type":"cond-expr","locations":[{"start":{"line":147,"column":29},"end":{"line":147,"column":35}},{"start":{"line":147,"column":38},"end":{"line":147,"column":44}}],"line":147},"19":{"loc":{"start":{"line":157,"column":11},"end":{"line":157,"column":43}},"type":"cond-expr","locations":[{"start":{"line":157,"column":28},"end":{"line":157,"column":34}},{"start":{"line":157,"column":37},"end":{"line":157,"column":43}}],"line":157},"20":{"loc":{"start":{"line":158,"column":12},"end":{"line":158,"column":44}},"type":"cond-expr","locations":[{"start":{"line":158,"column":29},"end":{"line":158,"column":35}},{"start":{"line":158,"column":38},"end":{"line":158,"column":44}}],"line":158},"21":{"loc":{"start":{"line":168,"column":11},"end":{"line":168,"column":43}},"type":"cond-expr","locations":[{"start":{"line":168,"column":28},"end":{"line":168,"column":34}},{"start":{"line":168,"column":37},"end":{"line":168,"column":43}}],"line":168},"22":{"loc":{"start":{"line":169,"column":12},"end":{"line":169,"column":44}},"type":"cond-expr","locations":[{"start":{"line":169,"column":29},"end":{"line":169,"column":35}},{"start":{"line":169,"column":38},"end":{"line":169,"column":44}}],"line":169},"23":{"loc":{"start":{"line":179,"column":11},"end":{"line":179,"column":43}},"type":"cond-expr","locations":[{"start":{"line":179,"column":28},"end":{"line":179,"column":34}},{"start":{"line":179,"column":37},"end":{"line":179,"column":43}}],"line":179},"24":{"loc":{"start":{"line":180,"column":12},"end":{"line":180,"column":44}},"type":"cond-expr","locations":[{"start":{"line":180,"column":29},"end":{"line":180,"column":35}},{"start":{"line":180,"column":38},"end":{"line":180,"column":44}}],"line":180},"25":{"loc":{"start":{"line":190,"column":11},"end":{"line":190,"column":43}},"type":"cond-expr","locations":[{"start":{"line":190,"column":28},"end":{"line":190,"column":34}},{"start":{"line":190,"column":37},"end":{"line":190,"column":43}}],"line":190},"26":{"loc":{"start":{"line":191,"column":12},"end":{"line":191,"column":44}},"type":"cond-expr","locations":[{"start":{"line":191,"column":29},"end":{"line":191,"column":35}},{"start":{"line":191,"column":38},"end":{"line":191,"column":44}}],"line":191},"27":{"loc":{"start":{"line":201,"column":11},"end":{"line":201,"column":43}},"type":"cond-expr","locations":[{"start":{"line":201,"column":28},"end":{"line":201,"column":34}},{"start":{"line":201,"column":37},"end":{"line":201,"column":43}}],"line":201},"28":{"loc":{"start":{"line":202,"column":12},"end":{"line":202,"column":44}},"type":"cond-expr","locations":[{"start":{"line":202,"column":29},"end":{"line":202,"column":35}},{"start":{"line":202,"column":38},"end":{"line":202,"column":44}}],"line":202},"29":{"loc":{"start":{"line":210,"column":12},"end":{"line":210,"column":44}},"type":"cond-expr","locations":[{"start":{"line":210,"column":29},"end":{"line":210,"column":35}},{"start":{"line":210,"column":38},"end":{"line":210,"column":44}}],"line":210},"30":{"loc":{"start":{"line":233,"column":11},"end":{"line":233,"column":44}},"type":"cond-expr","locations":[{"start":{"line":233,"column":28},"end":{"line":233,"column":34}},{"start":{"line":233,"column":37},"end":{"line":233,"column":44}}],"line":233},"31":{"loc":{"start":{"line":239,"column":20},"end":{"line":239,"column":60}},"type":"cond-expr","locations":[{"start":{"line":239,"column":37},"end":{"line":239,"column":49}},{"start":{"line":239,"column":52},"end":{"line":239,"column":60}}],"line":239},"32":{"loc":{"start":{"line":242,"column":19},"end":{"line":242,"column":52}},"type":"cond-expr","locations":[{"start":{"line":242,"column":36},"end":{"line":242,"column":44}},{"start":{"line":242,"column":47},"end":{"line":242,"column":52}}],"line":242},"33":{"loc":{"start":{"line":249,"column":12},"end":{"line":249,"column":44}},"type":"cond-expr","locations":[{"start":{"line":249,"column":29},"end":{"line":249,"column":35}},{"start":{"line":249,"column":38},"end":{"line":249,"column":44}}],"line":249},"34":{"loc":{"start":{"line":250,"column":13},"end":{"line":250,"column":45}},"type":"cond-expr","locations":[{"start":{"line":250,"column":30},"end":{"line":250,"column":36}},{"start":{"line":250,"column":39},"end":{"line":250,"column":45}}],"line":250},"35":{"loc":{"start":{"line":264,"column":12},"end":{"line":264,"column":45}},"type":"cond-expr","locations":[{"start":{"line":264,"column":29},"end":{"line":264,"column":35}},{"start":{"line":264,"column":38},"end":{"line":264,"column":45}}],"line":264},"36":{"loc":{"start":{"line":266,"column":12},"end":{"line":266,"column":44}},"type":"cond-expr","locations":[{"start":{"line":266,"column":29},"end":{"line":266,"column":35}},{"start":{"line":266,"column":38},"end":{"line":266,"column":44}}],"line":266},"37":{"loc":{"start":{"line":267,"column":14},"end":{"line":267,"column":46}},"type":"cond-expr","locations":[{"start":{"line":267,"column":31},"end":{"line":267,"column":37}},{"start":{"line":267,"column":40},"end":{"line":267,"column":46}}],"line":267},"38":{"loc":{"start":{"line":268,"column":13},"end":{"line":268,"column":44}},"type":"cond-expr","locations":[{"start":{"line":268,"column":30},"end":{"line":268,"column":35}},{"start":{"line":268,"column":38},"end":{"line":268,"column":44}}],"line":268},"39":{"loc":{"start":{"line":269,"column":11},"end":{"line":269,"column":39}},"type":"cond-expr","locations":[{"start":{"line":269,"column":28},"end":{"line":269,"column":34}},{"start":{"line":269,"column":37},"end":{"line":269,"column":39}}],"line":269},"40":{"loc":{"start":{"line":296,"column":4},"end":{"line":299,"column":5}},"type":"if","locations":[{"start":{"line":296,"column":4},"end":{"line":299,"column":5}},{"start":{},"end":{}}],"line":296},"41":{"loc":{"start":{"line":301,"column":4},"end":{"line":305,"column":5}},"type":"if","locations":[{"start":{"line":301,"column":4},"end":{"line":305,"column":5}},{"start":{},"end":{}}],"line":301},"42":{"loc":{"start":{"line":313,"column":4},"end":{"line":317,"column":5}},"type":"if","locations":[{"start":{"line":313,"column":4},"end":{"line":317,"column":5}},{"start":{"line":315,"column":11},"end":{"line":317,"column":5}}],"line":313},"43":{"loc":{"start":{"line":315,"column":11},"end":{"line":317,"column":5}},"type":"if","locations":[{"start":{"line":315,"column":11},"end":{"line":317,"column":5}},{"start":{},"end":{}}],"line":315},"44":{"loc":{"start":{"line":321,"column":2},"end":{"line":677,"column":3}},"type":"if","locations":[{"start":{"line":321,"column":2},"end":{"line":677,"column":3}},{"start":{"line":494,"column":9},"end":{"line":677,"column":3}}],"line":321},"45":{"loc":{"start":{"line":365,"column":17},"end":{"line":365,"column":47}},"type":"binary-expr","locations":[{"start":{"line":365,"column":17},"end":{"line":365,"column":32}},{"start":{"line":365,"column":36},"end":{"line":365,"column":47}}],"line":365},"46":{"loc":{"start":{"line":375,"column":17},"end":{"line":375,"column":43}},"type":"binary-expr","locations":[{"start":{"line":375,"column":17},"end":{"line":375,"column":32}},{"start":{"line":375,"column":36},"end":{"line":375,"column":43}}],"line":375},"47":{"loc":{"start":{"line":379,"column":15},"end":{"line":423,"column":15}},"type":"binary-expr","locations":[{"start":{"line":379,"column":15},"end":{"line":379,"column":27}},{"start":{"line":380,"column":16},"end":{"line":422,"column":22}}],"line":379},"48":{"loc":{"start":{"line":424,"column":15},"end":{"line":482,"column":15}},"type":"binary-expr","locations":[{"start":{"line":424,"column":15},"end":{"line":424,"column":27}},{"start":{"line":425,"column":16},"end":{"line":481,"column":22}}],"line":424},"49":{"loc":{"start":{"line":486,"column":9},"end":{"line":490,"column":9}},"type":"binary-expr","locations":[{"start":{"line":486,"column":9},"end":{"line":486,"column":16}},{"start":{"line":487,"column":10},"end":{"line":489,"column":16}}],"line":486},"50":{"loc":{"start":{"line":539,"column":19},"end":{"line":539,"column":49}},"type":"binary-expr","locations":[{"start":{"line":539,"column":19},"end":{"line":539,"column":34}},{"start":{"line":539,"column":38},"end":{"line":539,"column":49}}],"line":539},"51":{"loc":{"start":{"line":551,"column":19},"end":{"line":551,"column":45}},"type":"binary-expr","locations":[{"start":{"line":551,"column":19},"end":{"line":551,"column":34}},{"start":{"line":551,"column":38},"end":{"line":551,"column":45}}],"line":551},"52":{"loc":{"start":{"line":556,"column":15},"end":{"line":641,"column":15}},"type":"binary-expr","locations":[{"start":{"line":556,"column":15},"end":{"line":556,"column":27}},{"start":{"line":557,"column":16},"end":{"line":640,"column":22}}],"line":556},"53":{"loc":{"start":{"line":642,"column":15},"end":{"line":665,"column":15}},"type":"binary-expr","locations":[{"start":{"line":642,"column":15},"end":{"line":642,"column":27}},{"start":{"line":643,"column":16},"end":{"line":664,"column":22}}],"line":642},"54":{"loc":{"start":{"line":669,"column":9},"end":{"line":673,"column":9}},"type":"binary-expr","locations":[{"start":{"line":669,"column":9},"end":{"line":669,"column":16}},{"start":{"line":670,"column":10},"end":{"line":672,"column":16}}],"line":669}},"s":{"0":4,"1":4,"2":4,"3":4,"4":4,"5":2,"6":2,"7":1,"8":4,"9":0,"10":0,"11":0,"12":0,"13":0,"14":0,"15":0,"16":0,"17":0,"18":7,"19":7,"20":7,"21":7,"22":7,"23":7,"24":7,"25":7,"26":7,"27":7,"28":7,"29":7,"30":7,"31":7,"32":7,"33":7,"34":7,"35":7,"36":7,"37":7,"38":7,"39":7,"40":7,"41":7,"42":7,"43":7,"44":7,"45":7,"46":7,"47":5,"48":5,"49":5,"50":5,"51":5,"52":5,"53":5,"54":5,"55":5,"56":5,"57":5,"58":5,"59":5,"60":5,"61":5,"62":5,"63":5,"64":5,"65":0,"66":0,"67":5,"68":0,"69":0,"70":0,"71":7,"72":14,"73":14,"74":14,"75":7,"76":7,"77":1,"78":14,"79":7,"80":1,"81":0,"82":0,"83":0,"84":0,"85":0,"86":0,"87":0,"88":0,"89":0,"90":0,"91":0,"92":0,"93":0,"94":0,"95":0,"96":0,"97":0,"98":0,"99":0,"100":0,"101":0,"102":0,"103":0,"104":0,"105":0,"106":0,"107":0,"108":0,"109":6,"110":0,"111":1,"112":0,"113":1,"114":1,"115":1,"116":0,"117":0,"118":0,"119":0,"120":0,"121":0,"122":0,"123":0,"124":0,"125":0,"126":0,"127":0,"128":0,"129":0,"130":0,"131":0,"132":0,"133":0,"134":0,"135":0,"136":0,"137":0,"138":0,"139":0,"140":0,"141":0},"f":{"0":4,"1":0,"2":7,"3":5,"4":14,"5":0,"6":0,"7":0,"8":0,"9":0,"10":0,"11":0,"12":0,"13":0,"14":0,"15":0,"16":0,"17":0,"18":0,"19":0,"20":0,"21":0,"22":0,"23":0,"24":0,"25":0,"26":0,"27":0,"28":0,"29":1,"30":0,"31":1,"32":1,"33":1,"34":0,"35":0,"36":0,"37":0,"38":0,"39":0,"40":0,"41":0,"42":0,"43":0,"44":0,"45":0,"46":0,"47":0,"48":0,"49":0,"50":0,"51":0,"52":0,"53":0},"b":{"0":[4,0],"1":[4,2],"2":[2,2],"3":[1,6],"4":[1,6],"5":[1,6],"6":[1,6],"7":[1,6],"8":[1,6],"9":[1,6],"10":[1,6],"11":[1,6],"12":[1,6],"13":[1,6],"14":[1,6],"15":[1,6],"16":[1,6],"17":[1,6],"18":[1,6],"19":[1,6],"20":[1,6],"21":[1,6],"22":[1,6],"23":[1,6],"24":[1,6],"25":[1,6],"26":[1,6],"27":[1,6],"28":[1,6],"29":[1,6],"30":[1,6],"31":[1,6],"32":[1,6],"33":[1,6],"34":[1,6],"35":[1,6],"36":[1,6],"37":[1,6],"38":[1,6],"39":[1,6],"40":[0,5],"41":[0,5],"42":[7,7],"43":[1,6],"44":[1,6],"45":[1,0],"46":[1,0],"47":[1,1],"48":[1,0],"49":[1,0],"50":[6,6],"51":[6,6],"52":[6,3],"53":[6,3],"54":[6,0]},"_coverageSchema":"1a1c01bbd47fc00a2c39e90264f33305004495a9","hash":"a5c511e4f669e6a91840991dac2fa62e85fc70c8"}
,"C:\\Users\\infra\\OneDrive\\Ambiente de Trabalho\\tcc\\TCC\\pages\\api\\add\\quality\\addCk.js": {"path":"C:\\Users\\infra\\OneDrive\\Ambiente de Trabalho\\tcc\\TCC\\pages\\api\\add\\quality\\addCk.js","statementMap":{"0":{"start":{"line":4,"column":18},"end":{"line":4,"column":74}},"1":{"start":{"line":4,"column":28},"end":{"line":4,"column":73}},"2":{"start":{"line":7,"column":2},"end":{"line":11,"column":3}},"3":{"start":{"line":8,"column":4},"end":{"line":10,"column":61}},"4":{"start":{"line":13,"column":2},"end":{"line":59,"column":3}},"5":{"start":{"line":14,"column":20},"end":{"line":14,"column":32}},"6":{"start":{"line":16,"column":4},"end":{"line":18,"column":5}},"7":{"start":{"line":17,"column":6},"end":{"line":17,"column":40}},"8":{"start":{"line":20,"column":4},"end":{"line":22,"column":5}},"9":{"start":{"line":21,"column":6},"end":{"line":21,"column":38}},"10":{"start":{"line":24,"column":4},"end":{"line":28,"column":5}},"11":{"start":{"line":25,"column":6},"end":{"line":27,"column":74}},"12":{"start":{"line":30,"column":22},"end":{"line":38,"column":6}},"13":{"start":{"line":31,"column":6},"end":{"line":37,"column":48}},"14":{"start":{"line":40,"column":18},"end":{"line":45,"column":5}},"15":{"start":{"line":47,"column":19},"end":{"line":47,"column":42}},"16":{"start":{"line":49,"column":4},"end":{"line":52,"column":7}},"17":{"start":{"line":55,"column":4},"end":{"line":55,"column":50}},"18":{"start":{"line":56,"column":4},"end":{"line":58,"column":64}}},"fnMap":{"0":{"name":"(anonymous_0)","decl":{"start":{"line":4,"column":18},"end":{"line":4,"column":19}},"loc":{"start":{"line":4,"column":28},"end":{"line":4,"column":73}},"line":4},"1":{"name":"insertQuery","decl":{"start":{"line":6,"column":30},"end":{"line":6,"column":41}},"loc":{"start":{"line":6,"column":61},"end":{"line":60,"column":1}},"line":6},"2":{"name":"(anonymous_2)","decl":{"start":{"line":30,"column":36},"end":{"line":30,"column":37}},"loc":{"start":{"line":30,"column":45},"end":{"line":38,"column":5}},"line":30}},"branchMap":{"0":{"loc":{"start":{"line":4,"column":28},"end":{"line":4,"column":73}},"type":"cond-expr","locations":[{"start":{"line":4,"column":34},"end":{"line":4,"column":68}},{"start":{"line":4,"column":71},"end":{"line":4,"column":73}}],"line":4},"1":{"loc":{"start":{"line":7,"column":2},"end":{"line":11,"column":3}},"type":"if","locations":[{"start":{"line":7,"column":2},"end":{"line":11,"column":3}},{"start":{},"end":{}}],"line":7},"2":{"loc":{"start":{"line":16,"column":4},"end":{"line":18,"column":5}},"type":"if","locations":[{"start":{"line":16,"column":4},"end":{"line":18,"column":5}},{"start":{},"end":{}}],"line":16},"3":{"loc":{"start":{"line":20,"column":4},"end":{"line":22,"column":5}},"type":"if","locations":[{"start":{"line":20,"column":4},"end":{"line":22,"column":5}},{"start":{},"end":{}}],"line":20},"4":{"loc":{"start":{"line":20,"column":8},"end":{"line":20,"column":40}},"type":"binary-expr","locations":[{"start":{"line":20,"column":8},"end":{"line":20,"column":17}},{"start":{"line":20,"column":21},"end":{"line":20,"column":40}}],"line":20},"5":{"loc":{"start":{"line":24,"column":4},"end":{"line":28,"column":5}},"type":"if","locations":[{"start":{"line":24,"column":4},"end":{"line":28,"column":5}},{"start":{},"end":{}}],"line":24},"6":{"loc":{"start":{"line":51,"column":14},"end":{"line":51,"column":38}},"type":"binary-expr","locations":[{"start":{"line":51,"column":14},"end":{"line":51,"column":30}},{"start":{"line":51,"column":34},"end":{"line":51,"column":38}}],"line":51}},"s":{"0":1,"1":16,"2":4,"3":1,"4":3,"5":3,"6":3,"7":0,"8":3,"9":3,"10":3,"11":1,"12":2,"13":2,"14":2,"15":2,"16":1,"17":1,"18":1},"f":{"0":16,"1":4,"2":2},"b":{"0":[10,6],"1":[1,3],"2":[0,3],"3":[3,0],"4":[3,3],"5":[1,2],"6":[1,0]},"_coverageSchema":"1a1c01bbd47fc00a2c39e90264f33305004495a9","hash":"b2f944d942a5e6fda6c9b9388749e604229508ca"}
,"C:\\Users\\infra\\OneDrive\\Ambiente de Trabalho\\tcc\\TCC\\src\\styles\\colors\\styles.color.js": {"path":"C:\\Users\\infra\\OneDrive\\Ambiente de Trabalho\\tcc\\TCC\\src\\styles\\colors\\styles.color.js","statementMap":{"0":{"start":{"line":1,"column":27},"end":{"line":7,"column":1}}},"fnMap":{},"branchMap":{},"s":{"0":2},"f":{},"b":{},"_coverageSchema":"1a1c01bbd47fc00a2c39e90264f33305004495a9","hash":"176aaf78dac861d67a8f57c40438612edb487bde"}
,"C:\\Users\\infra\\OneDrive\\Ambiente de Trabalho\\tcc\\TCC\\src\\utils\\dafaults.fn.js": {"path":"C:\\Users\\infra\\OneDrive\\Ambiente de Trabalho\\tcc\\TCC\\src\\utils\\dafaults.fn.js","statementMap":{"0":{"start":{"line":5,"column":2},"end":{"line":22,"column":3}},"1":{"start":{"line":6,"column":4},"end":{"line":19,"column":5}},"2":{"start":{"line":7,"column":6},"end":{"line":7,"column":59}},"3":{"start":{"line":8,"column":6},"end":{"line":8,"column":58}},"4":{"start":{"line":9,"column":6},"end":{"line":9,"column":62}},"5":{"start":{"line":10,"column":6},"end":{"line":10,"column":48}},"6":{"start":{"line":11,"column":6},"end":{"line":11,"column":45}},"7":{"start":{"line":13,"column":6},"end":{"line":13,"column":61}},"8":{"start":{"line":14,"column":6},"end":{"line":14,"column":58}},"9":{"start":{"line":15,"column":6},"end":{"line":15,"column":62}},"10":{"start":{"line":16,"column":6},"end":{"line":16,"column":47}},"11":{"start":{"line":17,"column":22},"end":{"line":17,"column":38}},"12":{"start":{"line":18,"column":6},"end":{"line":18,"column":53}},"13":{"start":{"line":21,"column":4},"end":{"line":21,"column":61}},"14":{"start":{"line":26,"column":18},"end":{"line":26,"column":35}},"15":{"start":{"line":28,"column":2},"end":{"line":51,"column":3}},"16":{"start":{"line":29,"column":4},"end":{"line":45,"column":7}},"17":{"start":{"line":30,"column":20},"end":{"line":30,"column":51}},"18":{"start":{"line":31,"column":6},"end":{"line":31,"column":48}},"19":{"start":{"line":32,"column":6},"end":{"line":32,"column":32}},"20":{"start":{"line":33,"column":6},"end":{"line":33,"column":37}},"21":{"start":{"line":34,"column":6},"end":{"line":34,"column":38}},"22":{"start":{"line":35,"column":6},"end":{"line":35,"column":92}},"23":{"start":{"line":35,"column":28},"end":{"line":35,"column":91}},"24":{"start":{"line":36,"column":6},"end":{"line":38,"column":8}},"25":{"start":{"line":37,"column":8},"end":{"line":37,"column":56}},"26":{"start":{"line":39,"column":6},"end":{"line":41,"column":8}},"27":{"start":{"line":40,"column":8},"end":{"line":40,"column":39}},"28":{"start":{"line":42,"column":6},"end":{"line":42,"column":60}},"29":{"start":{"line":44,"column":6},"end":{"line":44,"column":33}},"30":{"start":{"line":46,"column":9},"end":{"line":51,"column":3}},"31":{"start":{"line":47,"column":4},"end":{"line":50,"column":7}},"32":{"start":{"line":48,"column":20},"end":{"line":48,"column":59}},"33":{"start":{"line":49,"column":6},"end":{"line":49,"column":31}},"34":{"start":{"line":49,"column":16},"end":{"line":49,"column":31}},"35":{"start":{"line":55,"column":15},"end":{"line":55,"column":25}},"36":{"start":{"line":57,"column":2},"end":{"line":57,"column":16}},"37":{"start":{"line":59,"column":2},"end":{"line":59,"column":49}},"38":{"start":{"line":62,"column":2},"end":{"line":64,"column":3}},"39":{"start":{"line":63,"column":4},"end":{"line":63,"column":35}},"40":{"start":{"line":68,"column":19},"end":{"line":68,"column":35}},"41":{"start":{"line":69,"column":15},"end":{"line":69,"column":40}},"42":{"start":{"line":70,"column":2},"end":{"line":70,"column":14}},"43":{"start":{"line":74,"column":14},"end":{"line":74,"column":24}},"44":{"start":{"line":76,"column":14},"end":{"line":76,"column":64}},"45":{"start":{"line":76,"column":33},"end":{"line":76,"column":64}},"46":{"start":{"line":78,"column":15},"end":{"line":78,"column":32}},"47":{"start":{"line":79,"column":16},"end":{"line":79,"column":39}},"48":{"start":{"line":80,"column":14},"end":{"line":80,"column":32}},"49":{"start":{"line":82,"column":16},"end":{"line":82,"column":35}},"50":{"start":{"line":83,"column":18},"end":{"line":83,"column":39}},"51":{"start":{"line":84,"column":18},"end":{"line":84,"column":39}},"52":{"start":{"line":86,"column":23},"end":{"line":86,"column":44}},"53":{"start":{"line":87,"column":27},"end":{"line":87,"column":90}},"54":{"start":{"line":89,"column":19},"end":{"line":89,"column":24}},"55":{"start":{"line":91,"column":2},"end":{"line":91,"column":97}}},"fnMap":{"0":{"name":"handleSidebar","decl":{"start":{"line":4,"column":16},"end":{"line":4,"column":29}},"loc":{"start":{"line":4,"column":66},"end":{"line":23,"column":1}},"line":4},"1":{"name":"sidebarLinks","decl":{"start":{"line":25,"column":16},"end":{"line":25,"column":28}},"loc":{"start":{"line":25,"column":61},"end":{"line":52,"column":1}},"line":25},"2":{"name":"(anonymous_2)","decl":{"start":{"line":29,"column":20},"end":{"line":29,"column":21}},"loc":{"start":{"line":29,"column":28},"end":{"line":45,"column":5}},"line":29},"3":{"name":"(anonymous_3)","decl":{"start":{"line":35,"column":22},"end":{"line":35,"column":23}},"loc":{"start":{"line":35,"column":28},"end":{"line":35,"column":91}},"line":35},"4":{"name":"(anonymous_4)","decl":{"start":{"line":36,"column":27},"end":{"line":36,"column":28}},"loc":{"start":{"line":36,"column":34},"end":{"line":38,"column":7}},"line":36},"5":{"name":"(anonymous_5)","decl":{"start":{"line":39,"column":27},"end":{"line":39,"column":28}},"loc":{"start":{"line":39,"column":34},"end":{"line":41,"column":7}},"line":39},"6":{"name":"(anonymous_6)","decl":{"start":{"line":47,"column":20},"end":{"line":47,"column":21}},"loc":{"start":{"line":47,"column":28},"end":{"line":50,"column":5}},"line":47},"7":{"name":"logout","decl":{"start":{"line":54,"column":22},"end":{"line":54,"column":28}},"loc":{"start":{"line":54,"column":38},"end":{"line":65,"column":1}},"line":54},"8":{"name":"resultFetch","decl":{"start":{"line":67,"column":22},"end":{"line":67,"column":33}},"loc":{"start":{"line":67,"column":39},"end":{"line":71,"column":1}},"line":67},"9":{"name":"getTime","decl":{"start":{"line":73,"column":16},"end":{"line":73,"column":23}},"loc":{"start":{"line":73,"column":25},"end":{"line":92,"column":1}},"line":73},"10":{"name":"(anonymous_10)","decl":{"start":{"line":76,"column":14},"end":{"line":76,"column":15}},"loc":{"start":{"line":76,"column":33},"end":{"line":76,"column":64}},"line":76}},"branchMap":{"0":{"loc":{"start":{"line":5,"column":2},"end":{"line":22,"column":3}},"type":"if","locations":[{"start":{"line":5,"column":2},"end":{"line":22,"column":3}},{"start":{"line":20,"column":7},"end":{"line":22,"column":3}}],"line":5},"1":{"loc":{"start":{"line":6,"column":4},"end":{"line":19,"column":5}},"type":"if","locations":[{"start":{"line":6,"column":4},"end":{"line":19,"column":5}},{"start":{"line":12,"column":9},"end":{"line":19,"column":5}}],"line":6},"2":{"loc":{"start":{"line":28,"column":2},"end":{"line":51,"column":3}},"type":"if","locations":[{"start":{"line":28,"column":2},"end":{"line":51,"column":3}},{"start":{"line":46,"column":9},"end":{"line":51,"column":3}}],"line":28},"3":{"loc":{"start":{"line":46,"column":9},"end":{"line":51,"column":3}},"type":"if","locations":[{"start":{"line":46,"column":9},"end":{"line":51,"column":3}},{"start":{},"end":{}}],"line":46},"4":{"loc":{"start":{"line":49,"column":6},"end":{"line":49,"column":31}},"type":"if","locations":[{"start":{"line":49,"column":6},"end":{"line":49,"column":31}},{"start":{},"end":{}}],"line":49},"5":{"loc":{"start":{"line":62,"column":2},"end":{"line":64,"column":3}},"type":"if","locations":[{"start":{"line":62,"column":2},"end":{"line":64,"column":3}},{"start":{},"end":{}}],"line":62},"6":{"loc":{"start":{"line":62,"column":5},"end":{"line":62,"column":53}},"type":"binary-expr","locations":[{"start":{"line":62,"column":5},"end":{"line":62,"column":34}},{"start":{"line":62,"column":38},"end":{"line":62,"column":53}}],"line":62},"7":{"loc":{"start":{"line":76,"column":20},"end":{"line":76,"column":28}},"type":"default-arg","locations":[{"start":{"line":76,"column":27},"end":{"line":76,"column":28}}],"line":76}},"s":{"0":2,"1":2,"2":1,"3":1,"4":1,"5":1,"6":1,"7":1,"8":1,"9":1,"10":1,"11":1,"12":1,"13":0,"14":2,"15":2,"16":1,"17":2,"18":2,"19":2,"20":2,"21":2,"22":2,"23":0,"24":2,"25":0,"26":2,"27":0,"28":2,"29":2,"30":1,"31":1,"32":2,"33":2,"34":0,"35":0,"36":0,"37":0,"38":0,"39":0,"40":3,"41":3,"42":3,"43":1,"44":1,"45":7,"46":1,"47":1,"48":1,"49":1,"50":1,"51":1,"52":1,"53":1,"54":1,"55":1},"f":{"0":2,"1":2,"2":2,"3":0,"4":0,"5":0,"6":2,"7":0,"8":3,"9":1,"10":7},"b":{"0":[2,0],"1":[1,1],"2":[1,1],"3":[1,0],"4":[0,2],"5":[0,0],"6":[0,0],"7":[5]},"_coverageSchema":"1a1c01bbd47fc00a2c39e90264f33305004495a9","hash":"467bcf8b7f78f243c5e791eec24f9106a4849123"}
}
