TN:
SF:pages\index.js
FN:12,getServerSideProps
FN:42,(anonymous_1)
FN:44,(anonymous_2)
FN:46,(anonymous_3)
FN:80,(anonymous_4)
FN:171,home
FN:192,(anonymous_6)
FN:206,(anonymous_7)
FN:257,(anonymous_8)
FN:274,(anonymous_9)
FN:282,(anonymous_10)
FN:283,(anonymous_11)
FN:284,(anonymous_12)
FN:292,(anonymous_13)
FN:293,(anonymous_14)
FN:294,(anonymous_15)
FN:306,(anonymous_16)
FN:310,(anonymous_17)
FN:314,(anonymous_18)
FN:327,(anonymous_19)
FN:331,(anonymous_20)
FN:334,(anonymous_21)
FN:351,(anonymous_22)
FN:355,(anonymous_23)
FN:358,(anonymous_24)
FN:395,(anonymous_25)
FN:412,(anonymous_26)
FN:420,(anonymous_27)
FN:421,(anonymous_28)
FN:422,(anonymous_29)
FN:432,(anonymous_30)
FN:433,(anonymous_31)
FN:434,(anonymous_32)
FN:453,(anonymous_33)
FN:456,(anonymous_34)
FN:457,(anonymous_35)
FN:469,(anonymous_36)
FN:472,(anonymous_37)
FN:473,(anonymous_38)
FN:485,(anonymous_39)
FN:488,(anonymous_40)
FN:489,(anonymous_41)
FN:501,(anonymous_42)
FN:504,(anonymous_43)
FN:505,(anonymous_44)
FN:515,(anonymous_45)
FN:518,(anonymous_46)
FN:519,(anonymous_47)
FN:534,(anonymous_48)
FN:538,(anonymous_49)
FN:541,(anonymous_50)
FNF:51
FNH:12
FNDA:4,getServerSideProps
FNDA:7,(anonymous_1)
FNDA:210,(anonymous_2)
FNDA:70,(anonymous_3)
FNDA:56,(anonymous_4)
FNDA:7,home
FNDA:14,(anonymous_6)
FNDA:5,(anonymous_7)
FNDA:0,(anonymous_8)
FNDA:0,(anonymous_9)
FNDA:0,(anonymous_10)
FNDA:0,(anonymous_11)
FNDA:0,(anonymous_12)
FNDA:0,(anonymous_13)
FNDA:0,(anonymous_14)
FNDA:0,(anonymous_15)
FNDA:0,(anonymous_16)
FNDA:0,(anonymous_17)
FNDA:0,(anonymous_18)
FNDA:0,(anonymous_19)
FNDA:0,(anonymous_20)
FNDA:0,(anonymous_21)
FNDA:0,(anonymous_22)
FNDA:0,(anonymous_23)
FNDA:0,(anonymous_24)
FNDA:0,(anonymous_25)
FNDA:1,(anonymous_26)
FNDA:0,(anonymous_27)
FNDA:1,(anonymous_28)
FNDA:1,(anonymous_29)
FNDA:1,(anonymous_30)
FNDA:0,(anonymous_31)
FNDA:0,(anonymous_32)
FNDA:0,(anonymous_33)
FNDA:0,(anonymous_34)
FNDA:0,(anonymous_35)
FNDA:0,(anonymous_36)
FNDA:0,(anonymous_37)
FNDA:0,(anonymous_38)
FNDA:0,(anonymous_39)
FNDA:0,(anonymous_40)
FNDA:0,(anonymous_41)
FNDA:0,(anonymous_42)
FNDA:0,(anonymous_43)
FNDA:0,(anonymous_44)
FNDA:0,(anonymous_45)
FNDA:0,(anonymous_46)
FNDA:0,(anonymous_47)
FNDA:0,(anonymous_48)
FNDA:0,(anonymous_49)
FNDA:0,(anonymous_50)
DA:13,4
DA:15,4
DA:20,4
DA:21,4
DA:23,4
DA:24,2
DA:26,2
DA:28,1
DA:31,4
DA:42,1
DA:44,210
DA:46,70
DA:56,7
DA:62,7
DA:68,7
DA:80,56
DA:85,7
DA:86,7
DA:87,7
DA:88,7
DA:89,7
DA:90,7
DA:91,7
DA:92,7
DA:95,7
DA:104,7
DA:111,7
DA:120,7
DA:127,7
DA:143,7
DA:161,7
DA:173,7
DA:174,7
DA:175,7
DA:176,7
DA:177,7
DA:180,7
DA:181,7
DA:182,7
DA:183,7
DA:189,7
DA:192,7
DA:193,14
DA:195,14
DA:197,14
DA:198,7
DA:199,7
DA:200,1
DA:202,14
DA:206,7
DA:208,5
DA:209,5
DA:210,5
DA:211,5
DA:212,5
DA:213,5
DA:214,5
DA:216,5
DA:217,5
DA:218,5
DA:219,5
DA:222,5
DA:223,5
DA:224,5
DA:226,5
DA:227,5
DA:230,5
DA:235,5
DA:236,0
DA:237,0
DA:238,0
DA:243,7
DA:244,1
DA:257,0
DA:274,0
DA:282,0
DA:283,0
DA:284,0
DA:292,0
DA:293,0
DA:294,0
DA:307,0
DA:311,0
DA:315,0
DA:316,0
DA:328,0
DA:332,0
DA:335,0
DA:336,0
DA:352,0
DA:356,0
DA:359,0
DA:360,0
DA:382,6
DA:395,0
DA:412,1
DA:420,0
DA:421,1
DA:422,1
DA:432,1
DA:433,0
DA:434,0
DA:454,0
DA:456,0
DA:458,0
DA:459,0
DA:470,0
DA:472,0
DA:474,0
DA:475,0
DA:486,0
DA:488,0
DA:490,0
DA:491,0
DA:502,0
DA:504,0
DA:506,0
DA:507,0
DA:516,0
DA:518,0
DA:520,0
DA:521,0
DA:535,0
DA:539,0
DA:542,0
DA:543,0
LF:126
LH:75
BRDA:13,0,0,4
BRDA:13,0,1,0
BRDA:20,1,0,4
BRDA:20,1,1,2
BRDA:23,2,0,2
BRDA:23,2,1,2
BRDA:44,3,0,30
BRDA:44,3,1,180
BRDA:46,4,0,0
BRDA:128,5,0,1
BRDA:128,5,1,6
BRDA:131,6,0,1
BRDA:131,6,1,6
BRDA:158,7,0,1
BRDA:158,7,1,6
BRDA:197,8,0,7
BRDA:197,8,1,7
BRDA:199,9,0,1
BRDA:199,9,1,6
BRDA:230,10,0,0
BRDA:230,10,1,5
BRDA:235,11,0,0
BRDA:235,11,1,5
BRDA:243,12,0,1
BRDA:243,12,1,6
BRDA:287,13,0,1
BRDA:287,13,1,0
BRDA:297,14,0,1
BRDA:297,14,1,0
BRDA:301,15,0,1
BRDA:301,15,1,1
BRDA:346,16,0,1
BRDA:346,16,1,0
BRDA:373,17,0,1
BRDA:373,17,1,0
BRDA:426,18,0,6
BRDA:426,18,1,6
BRDA:438,19,0,6
BRDA:438,19,1,6
BRDA:443,20,0,6
BRDA:443,20,1,3
BRDA:529,21,0,6
BRDA:529,21,1,3
BRDA:556,22,0,6
BRDA:556,22,1,0
BRF:45
BRH:36
end_of_record
TN:
SF:pages\login.jsx
FN:41,(anonymous_0)
FN:68,(anonymous_1)
FN:84,(anonymous_2)
FN:100,LoginForm
FN:133,(anonymous_4)
FN:153,(anonymous_5)
FN:155,(anonymous_6)
FN:172,getServerSideProps
FN:184,login
FN:192,(anonymous_9)
FN:201,(anonymous_10)
FNF:11
FNH:11
FNDA:32,(anonymous_0)
FNDA:16,(anonymous_1)
FNDA:16,(anonymous_2)
FNDA:16,LoginForm
FNDA:1,(anonymous_4)
FNDA:1,(anonymous_5)
FNDA:1,(anonymous_6)
FNDA:2,getServerSideProps
FNDA:16,login
FNDA:9,(anonymous_9)
FNDA:4,(anonymous_10)
DA:4,1
DA:41,32
DA:68,16
DA:84,16
DA:101,16
DA:133,1
DA:153,1
DA:155,1
DA:173,2
DA:176,2
DA:180,2
DA:185,16
DA:186,16
DA:187,16
DA:192,16
DA:193,9
DA:194,9
DA:195,9
DA:196,9
DA:197,9
DA:198,9
DA:201,16
DA:204,4
DA:205,4
DA:207,4
DA:208,4
DA:214,4
DA:215,3
DA:217,1
DA:221,0
DA:223,4
DA:229,16
DA:242,16
DA:248,16
DA:256,16
LF:35
LH:34
BRDA:42,0,0,2
BRDA:42,0,1,30
BRDA:43,1,0,2
BRDA:43,1,1,30
BRDA:54,2,0,2
BRDA:54,2,1,30
BRDA:55,3,0,2
BRDA:55,3,1,30
BRDA:56,4,0,2
BRDA:56,4,1,30
BRDA:69,5,0,1
BRDA:69,5,1,15
BRDA:70,6,0,1
BRDA:70,6,1,15
BRDA:71,7,0,1
BRDA:71,7,1,15
BRDA:72,8,0,1
BRDA:72,8,1,15
BRDA:75,9,0,1
BRDA:75,9,1,15
BRDA:76,10,0,1
BRDA:76,10,1,15
BRDA:77,11,0,1
BRDA:77,11,1,15
BRDA:88,12,0,1
BRDA:88,12,1,15
BRDA:110,13,0,1
BRDA:110,13,1,15
BRDA:114,14,0,1
BRDA:114,14,1,15
BRDA:155,15,0,1
BRDA:155,15,1,1
BRDA:173,16,0,2
BRDA:173,16,1,0
BRDA:214,17,0,3
BRDA:214,17,1,1
BRDA:267,18,0,1
BRDA:267,18,1,15
BRF:38
BRH:37
end_of_record
TN:
SF:pages\Quality\openRNC.jsx
FN:8,getServerSideProps
FN:29,pushList
FN:60,addServicos
FN:75,addMaterial
FN:91,editServices
FN:120,(anonymous_5)
FN:128,editMaterial
FN:157,(anonymous_7)
FN:165,save
FN:180,(anonymous_9)
FN:181,(anonymous_10)
FN:184,(anonymous_11)
FN:191,(anonymous_12)
FN:197,(anonymous_13)
FN:216,searchRNC
FN:224,currentRNC
FN:242,(anonymous_16)
FN:252,(anonymous_17)
FN:261,bufferToBase64
FN:289,index
FN:314,(anonymous_20)
FN:384,(anonymous_21)
FN:401,(anonymous_22)
FN:484,(anonymous_23)
FN:522,(anonymous_24)
FN:524,(anonymous_25)
FN:547,(anonymous_26)
FN:549,(anonymous_27)
FN:572,(anonymous_28)
FN:574,(anonymous_29)
FN:657,(anonymous_30)
FN:659,(anonymous_31)
FN:683,(anonymous_32)
FN:685,(anonymous_33)
FN:724,(anonymous_34)
FN:726,(anonymous_35)
FN:778,(anonymous_36)
FN:804,(anonymous_37)
FN:812,(anonymous_38)
FN:829,(anonymous_39)
FN:846,(anonymous_40)
FN:863,(anonymous_41)
FN:954,(anonymous_42)
FN:980,(anonymous_43)
FN:988,(anonymous_44)
FN:1005,(anonymous_45)
FN:1022,(anonymous_46)
FN:1039,(anonymous_47)
FN:1124,(anonymous_48)
FN:1149,(anonymous_49)
FN:1174,(anonymous_50)
FN:1175,(anonymous_51)
FN:1213,(anonymous_52)
FNF:53
FNH:15
FNDA:3,getServerSideProps
FNDA:4,pushList
FNDA:1,addServicos
FNDA:1,addMaterial
FNDA:1,editServices
FNDA:2,(anonymous_5)
FNDA:1,editMaterial
FNDA:2,(anonymous_7)
FNDA:0,save
FNDA:0,(anonymous_9)
FNDA:0,(anonymous_10)
FNDA:0,(anonymous_11)
FNDA:0,(anonymous_12)
FNDA:0,(anonymous_13)
FNDA:1,searchRNC
FNDA:1,currentRNC
FNDA:1,(anonymous_16)
FNDA:1,(anonymous_17)
FNDA:1,bufferToBase64
FNDA:1,index
FNDA:1,(anonymous_20)
FNDA:0,(anonymous_21)
FNDA:0,(anonymous_22)
FNDA:0,(anonymous_23)
FNDA:0,(anonymous_24)
FNDA:0,(anonymous_25)
FNDA:0,(anonymous_26)
FNDA:0,(anonymous_27)
FNDA:0,(anonymous_28)
FNDA:0,(anonymous_29)
FNDA:0,(anonymous_30)
FNDA:0,(anonymous_31)
FNDA:0,(anonymous_32)
FNDA:0,(anonymous_33)
FNDA:0,(anonymous_34)
FNDA:0,(anonymous_35)
FNDA:0,(anonymous_36)
FNDA:0,(anonymous_37)
FNDA:0,(anonymous_38)
FNDA:0,(anonymous_39)
FNDA:0,(anonymous_40)
FNDA:0,(anonymous_41)
FNDA:0,(anonymous_42)
FNDA:0,(anonymous_43)
FNDA:0,(anonymous_44)
FNDA:0,(anonymous_45)
FNDA:0,(anonymous_46)
FNDA:0,(anonymous_47)
FNDA:0,(anonymous_48)
FNDA:0,(anonymous_49)
FNDA:0,(anonymous_50)
FNDA:0,(anonymous_51)
FNDA:0,(anonymous_52)
DA:9,3
DA:11,3
DA:15,3
DA:16,3
DA:18,3
DA:19,2
DA:20,2
DA:22,1
DA:26,3
DA:30,4
DA:31,1
DA:38,1
DA:39,3
DA:40,1
DA:47,1
DA:48,2
DA:49,1
DA:56,1
DA:61,1
DA:63,1
DA:72,1
DA:77,1
DA:79,1
DA:88,1
DA:99,1
DA:101,1
DA:102,1
DA:107,1
DA:108,1
DA:110,1
DA:112,1
DA:117,1
DA:119,1
DA:120,1
DA:121,2
DA:124,1
DA:125,1
DA:136,1
DA:138,1
DA:139,1
DA:144,1
DA:145,1
DA:147,1
DA:149,1
DA:154,1
DA:156,1
DA:157,1
DA:158,2
DA:161,1
DA:162,1
DA:166,0
DA:167,0
DA:168,0
DA:170,0
DA:173,0
DA:180,0
DA:182,0
DA:185,0
DA:186,0
DA:191,0
DA:192,0
DA:194,0
DA:197,0
DA:198,0
DA:199,0
DA:202,0
DA:211,0
DA:213,0
DA:217,1
DA:218,1
DA:219,1
DA:221,1
DA:237,1
DA:238,1
DA:239,1
DA:241,1
DA:242,1
DA:243,1
DA:245,1
DA:247,1
DA:248,1
DA:249,1
DA:251,1
DA:252,1
DA:253,1
DA:255,1
DA:257,1
DA:258,1
DA:259,1
DA:262,1
DA:265,0
DA:267,0
DA:268,0
DA:270,0
DA:271,0
DA:274,0
DA:277,1
DA:279,1
DA:280,1
DA:281,1
DA:282,1
DA:283,1
DA:284,1
DA:285,1
DA:286,1
DA:290,1
DA:301,1
DA:302,1
DA:303,1
DA:304,1
DA:305,1
DA:306,1
DA:307,1
DA:308,1
DA:309,1
DA:310,1
DA:312,1
DA:314,1
DA:315,1
DA:316,1
DA:317,1
DA:318,1
DA:319,1
DA:320,1
DA:321,1
DA:322,1
DA:323,1
DA:326,1
DA:327,1
DA:328,1
DA:329,1
DA:331,1
DA:334,1
DA:343,1
DA:353,1
DA:360,1
DA:370,1
DA:379,1
DA:384,0
DA:401,0
DA:484,0
DA:523,0
DA:524,0
DA:548,0
DA:549,0
DA:573,0
DA:574,0
DA:658,0
DA:659,0
DA:684,0
DA:685,0
DA:725,0
DA:726,0
DA:778,0
DA:805,0
DA:813,0
DA:830,0
DA:847,0
DA:864,0
DA:954,0
DA:981,0
DA:989,0
DA:1006,0
DA:1023,0
DA:1040,0
DA:1125,0
DA:1150,0
DA:1174,0
DA:1176,0
DA:1214,0
LF:170
LH:114
BRDA:9,0,0,3
BRDA:9,0,1,0
BRDA:15,1,0,3
BRDA:15,1,1,1
BRDA:18,2,0,2
BRDA:18,2,1,1
BRDA:30,3,0,1
BRDA:30,3,1,3
BRDA:39,4,0,1
BRDA:39,4,1,2
BRDA:48,5,0,1
BRDA:48,5,1,1
BRDA:61,6,0,1
BRDA:61,6,1,0
BRDA:77,7,0,1
BRDA:77,7,1,0
BRDA:262,8,0,1
BRDA:262,8,1,0
BRDA:265,9,0,0
BRDA:265,9,1,0
BRDA:338,10,0,0
BRDA:338,10,1,1
BRDA:348,11,0,0
BRDA:348,11,1,1
BRDA:349,12,0,0
BRDA:349,12,1,1
BRDA:350,13,0,0
BRDA:350,13,1,1
BRDA:365,14,0,0
BRDA:365,14,1,1
BRDA:366,15,0,0
BRDA:366,15,1,1
BRDA:367,16,0,0
BRDA:367,16,1,1
BRDA:426,17,0,1
BRDA:426,17,1,0
BRDA:803,18,0,0
BRDA:803,18,1,0
BRDA:979,19,0,0
BRDA:979,19,1,0
BRDA:1158,20,0,1
BRDA:1158,20,1,1
BRDA:1188,21,0,0
BRDA:1188,21,1,0
BRDA:1190,22,0,0
BRDA:1190,22,1,0
BRDA:1192,23,0,0
BRDA:1192,23,1,0
BRDA:1196,24,0,0
BRDA:1196,24,1,0
BRF:50
BRH:24
end_of_record
TN:
SF:pages\Quality\rnc.jsx
FN:8,getServerSideProps
FN:29,pushList
FN:53,addServicos
FN:68,addMaterial
FN:84,editServices
FN:114,(anonymous_5)
FN:123,editMaterial
FN:153,(anonymous_7)
FN:162,save
FN:183,(anonymous_9)
FN:184,(anonymous_10)
FN:187,(anonymous_11)
FN:192,(anonymous_12)
FN:198,(anonymous_13)
FN:225,(anonymous_14)
FN:226,(anonymous_15)
FN:229,(anonymous_16)
FN:239,index
FN:266,(anonymous_18)
FN:267,(anonymous_19)
FN:283,(anonymous_20)
FN:290,(anonymous_21)
FN:297,(anonymous_22)
FN:303,(anonymous_23)
FN:314,(anonymous_24)
FN:315,(anonymous_25)
FN:331,(anonymous_26)
FN:331,(anonymous_27)
FN:336,(anonymous_28)
FN:342,(anonymous_29)
FN:342,(anonymous_30)
FN:345,(anonymous_31)
FN:351,(anonymous_32)
FN:420,(anonymous_33)
FN:439,(anonymous_34)
FN:709,(anonymous_35)
FN:736,(anonymous_36)
FN:738,(anonymous_37)
FN:738,(anonymous_38)
FN:863,(anonymous_39)
FN:889,(anonymous_40)
FN:891,(anonymous_41)
FN:891,(anonymous_42)
FN:1009,(anonymous_43)
FN:1034,(anonymous_44)
FNF:45
FNH:12
FNDA:3,getServerSideProps
FNDA:4,pushList
FNDA:1,addServicos
FNDA:1,addMaterial
FNDA:2,editServices
FNDA:4,(anonymous_5)
FNDA:1,editMaterial
FNDA:1,(anonymous_7)
FNDA:0,save
FNDA:0,(anonymous_9)
FNDA:0,(anonymous_10)
FNDA:0,(anonymous_11)
FNDA:0,(anonymous_12)
FNDA:0,(anonymous_13)
FNDA:0,(anonymous_14)
FNDA:0,(anonymous_15)
FNDA:0,(anonymous_16)
FNDA:1,index
FNDA:0,(anonymous_18)
FNDA:0,(anonymous_19)
FNDA:0,(anonymous_20)
FNDA:0,(anonymous_21)
FNDA:0,(anonymous_22)
FNDA:0,(anonymous_23)
FNDA:0,(anonymous_24)
FNDA:0,(anonymous_25)
FNDA:3,(anonymous_26)
FNDA:0,(anonymous_27)
FNDA:0,(anonymous_28)
FNDA:3,(anonymous_29)
FNDA:0,(anonymous_30)
FNDA:0,(anonymous_31)
FNDA:1,(anonymous_32)
FNDA:0,(anonymous_33)
FNDA:0,(anonymous_34)
FNDA:0,(anonymous_35)
FNDA:0,(anonymous_36)
FNDA:0,(anonymous_37)
FNDA:0,(anonymous_38)
FNDA:0,(anonymous_39)
FNDA:0,(anonymous_40)
FNDA:0,(anonymous_41)
FNDA:0,(anonymous_42)
FNDA:0,(anonymous_43)
FNDA:0,(anonymous_44)
DA:9,3
DA:11,3
DA:14,3
DA:15,3
DA:17,3
DA:18,2
DA:19,2
DA:21,1
DA:25,3
DA:32,4
DA:33,1
DA:34,3
DA:35,1
DA:36,2
DA:37,1
DA:39,1
DA:42,3
DA:49,3
DA:54,1
DA:56,1
DA:64,1
DA:70,1
DA:72,1
DA:80,1
DA:92,2
DA:93,2
DA:96,2
DA:101,2
DA:102,2
DA:103,2
DA:105,2
DA:110,2
DA:113,2
DA:114,2
DA:115,4
DA:118,2
DA:119,2
DA:131,1
DA:132,1
DA:135,1
DA:140,1
DA:141,1
DA:142,1
DA:144,1
DA:149,1
DA:152,1
DA:153,1
DA:154,1
DA:157,1
DA:158,1
DA:164,0
DA:165,0
DA:166,0
DA:167,0
DA:170,0
DA:171,0
DA:176,0
DA:183,0
DA:185,0
DA:188,0
DA:192,0
DA:193,0
DA:194,0
DA:198,0
DA:199,0
DA:200,0
DA:204,0
DA:213,0
DA:216,0
DA:217,0
DA:218,0
DA:225,0
DA:227,0
DA:230,0
DA:234,0
DA:235,0
DA:241,1
DA:254,1
DA:255,1
DA:256,1
DA:257,1
DA:259,1
DA:260,1
DA:262,1
DA:266,1
DA:267,0
DA:268,0
DA:269,0
DA:275,0
DA:283,1
DA:284,0
DA:286,0
DA:288,0
DA:290,0
DA:291,0
DA:292,0
DA:293,0
DA:297,0
DA:298,0
DA:303,0
DA:306,0
DA:314,1
DA:315,0
DA:317,0
DA:318,0
DA:323,0
DA:331,3
DA:332,0
DA:333,0
DA:336,0
DA:337,0
DA:342,3
DA:343,0
DA:345,0
DA:346,0
DA:351,1
DA:352,1
DA:353,1
DA:354,1
DA:355,1
DA:356,1
DA:357,1
DA:360,1
DA:361,1
DA:362,1
DA:363,1
DA:368,1
DA:377,1
DA:387,1
DA:394,1
DA:404,1
DA:414,1
DA:420,0
DA:439,0
DA:709,0
DA:738,0
DA:739,0
DA:748,0
DA:863,0
DA:891,0
DA:892,0
DA:901,0
DA:1009,0
DA:1034,0
LF:144
LH:80
BRDA:9,0,0,3
BRDA:9,0,1,2
BRDA:14,1,0,3
BRDA:14,1,1,1
BRDA:17,2,0,2
BRDA:17,2,1,1
BRDA:32,3,0,1
BRDA:32,3,1,3
BRDA:34,4,0,1
BRDA:34,4,1,2
BRDA:36,5,0,1
BRDA:36,5,1,1
BRDA:54,6,0,0
BRDA:54,6,1,1
BRDA:70,7,0,1
BRDA:70,7,1,0
BRDA:98,8,0,1
BRDA:98,8,1,1
BRDA:98,9,0,2
BRDA:98,9,1,1
BRDA:98,10,0,1
BRDA:98,10,1,0
BRDA:137,11,0,0
BRDA:137,11,1,1
BRDA:137,12,0,1
BRDA:137,12,1,1
BRDA:137,13,0,1
BRDA:137,13,1,1
BRDA:268,14,0,0
BRDA:268,14,1,0
BRDA:286,15,0,0
BRDA:286,15,1,0
BRDA:317,16,0,0
BRDA:317,16,1,0
BRDA:333,17,0,0
BRDA:333,17,1,0
BRDA:372,18,0,0
BRDA:372,18,1,1
BRDA:382,19,0,0
BRDA:382,19,1,1
BRDA:383,20,0,0
BRDA:383,20,1,1
BRDA:384,21,0,0
BRDA:384,21,1,1
BRDA:399,22,0,0
BRDA:399,22,1,1
BRDA:400,23,0,0
BRDA:400,23,1,1
BRDA:401,24,0,0
BRDA:401,24,1,1
BRDA:735,25,0,1
BRDA:735,25,1,0
BRDA:888,26,0,1
BRDA:888,26,1,0
BRF:54
BRH:33
end_of_record
TN:
SF:pages\api\add\quality\addCk.js
FN:4,(anonymous_0)
FN:6,insertQuery
FN:30,(anonymous_2)
FNF:3
FNH:3
FNDA:16,(anonymous_0)
FNDA:4,insertQuery
FNDA:2,(anonymous_2)
DA:4,16
DA:7,4
DA:8,1
DA:13,3
DA:14,3
DA:16,3
DA:17,0
DA:20,3
DA:21,3
DA:24,3
DA:25,1
DA:30,2
DA:31,2
DA:40,2
DA:47,2
DA:49,1
DA:55,1
DA:56,1
LF:18
LH:17
BRDA:4,0,0,10
BRDA:4,0,1,6
BRDA:7,1,0,1
BRDA:7,1,1,3
BRDA:16,2,0,0
BRDA:16,2,1,3
BRDA:20,3,0,3
BRDA:20,3,1,0
BRDA:20,4,0,3
BRDA:20,4,1,3
BRDA:24,5,0,1
BRDA:24,5,1,2
BRDA:51,6,0,1
BRDA:51,6,1,0
BRF:14
BRH:11
end_of_record
TN:
SF:pages\api\add\quality\clChecklist.js
FN:22,runMiddleware
FN:23,(anonymous_1)
FN:24,(anonymous_2)
FN:34,processQuestion
FN:43,(anonymous_4)
FN:67,insertQuestions
FN:87,(anonymous_6)
FN:102,(anonymous_7)
FN:122,insertQueryWithUpload
FN:146,(anonymous_9)
FN:147,(anonymous_10)
FNF:11
FNH:11
FNDA:4,runMiddleware
FNDA:4,(anonymous_1)
FNDA:4,(anonymous_2)
FNDA:11,processQuestion
FNDA:1,(anonymous_4)
FNDA:3,insertQuestions
FNDA:2,(anonymous_6)
FNDA:2,(anonymous_7)
FNDA:3,insertQueryWithUpload
FNDA:2,(anonymous_9)
FNDA:2,(anonymous_10)
DA:7,1
DA:14,1
DA:23,4
DA:24,4
DA:25,4
DA:26,3
DA:35,11
DA:37,4
DA:38,4
DA:39,4
DA:40,4
DA:42,4
DA:43,1
DA:44,1
DA:45,1
DA:46,1
DA:47,1
DA:50,3
DA:53,4
DA:60,0
DA:61,0
DA:68,3
DA:70,2
DA:83,2
DA:85,2
DA:88,2
DA:94,2
DA:102,2
DA:116,2
DA:117,2
DA:123,3
DA:124,1
DA:130,2
DA:131,2
DA:133,2
DA:135,2
DA:136,8
DA:137,8
DA:140,2
DA:141,0
DA:146,2
DA:147,2
DA:149,2
DA:151,2
DA:152,2
DA:154,2
DA:155,2
DA:157,2
DA:158,1
DA:164,1
DA:166,1
DA:167,0
DA:168,0
DA:172,2
DA:175,1
DA:181,1
DA:186,0
DA:191,1
DA:192,1
LF:59
LH:53
BRDA:9,0,0,0
BRDA:9,0,1,1
BRDA:25,1,0,1
BRDA:25,1,1,3
BRDA:35,2,0,7
BRDA:35,2,1,4
BRDA:42,3,0,1
BRDA:42,3,1,3
BRDA:44,4,0,1
BRDA:44,4,1,0
BRDA:50,5,0,3
BRDA:50,5,1,0
BRDA:68,6,0,1
BRDA:68,6,1,2
BRDA:123,7,0,1
BRDA:123,7,1,2
BRDA:137,8,0,2
BRDA:137,8,1,6
BRDA:140,9,0,0
BRDA:140,9,1,2
BRDA:181,10,0,0
BRDA:181,10,1,1
BRDA:182,11,0,1
BRDA:182,11,1,1
BRDA:182,11,2,1
BRF:25
BRH:20
end_of_record
TN:
SF:pages\api\update\headRNC.js
FN:3,updateQuery
FNF:1
FNH:1
FNDA:6,updateQuery
DA:5,6
DA:8,5
DA:11,5
DA:12,2
DA:21,3
DA:34,3
DA:45,3
DA:47,3
DA:48,3
DA:51,2
DA:53,2
DA:55,1
DA:62,1
DA:67,1
DA:73,1
DA:76,1
DA:77,1
DA:82,1
LF:18
LH:18
BRDA:5,0,0,5
BRDA:5,0,1,1
BRDA:11,1,0,2
BRDA:11,1,1,3
BRDA:11,2,0,5
BRDA:11,2,1,5
BRDA:11,2,2,4
BRDA:53,3,0,1
BRDA:53,3,1,1
BRF:9
BRH:9
end_of_record
TN:
SF:pages\api\update\plan.js
FN:3,updateQuery
FNF:1
FNH:1
FNDA:5,updateQuery
DA:4,5
DA:6,4
DA:8,4
DA:11,4
DA:22,4
DA:30,3
DA:31,3
DA:33,3
DA:34,3
DA:36,2
DA:39,2
DA:40,1
DA:45,1
DA:48,1
DA:53,1
DA:56,1
DA:57,1
DA:62,1
LF:18
LH:18
BRDA:4,0,0,4
BRDA:4,0,1,1
BRDA:39,1,0,1
BRDA:39,1,1,1
BRF:4
BRH:4
end_of_record
TN:
SF:pages\api\update\services.js
FN:3,updateQuery
FNF:1
FNH:1
FNDA:5,updateQuery
DA:4,5
DA:6,4
DA:8,4
DA:13,4
DA:24,4
DA:33,3
DA:34,3
DA:36,3
DA:37,3
DA:39,2
DA:42,2
DA:43,1
DA:48,1
DA:51,1
DA:56,1
DA:59,1
DA:60,1
DA:65,1
LF:18
LH:18
BRDA:4,0,0,4
BRDA:4,0,1,1
BRDA:42,1,0,1
BRDA:42,1,1,1
BRF:4
BRH:4
end_of_record
TN:
SF:src\styles.js
FN:1,styles
FN:101,(anonymous_1)
FN:112,(anonymous_2)
FNF:3
FNH:3
FNDA:9,styles
FNDA:2,(anonymous_1)
FNDA:2,(anonymous_2)
DA:2,9
DA:101,2
DA:112,2
DA:181,9
LF:4
LH:4
BRDA:30,0,0,2
BRDA:30,0,1,7
BRDA:60,1,0,2
BRDA:60,1,1,7
BRDA:61,2,0,2
BRDA:61,2,1,7
BRDA:68,3,0,2
BRDA:68,3,1,7
BRDA:75,4,0,2
BRDA:75,4,1,7
BRDA:81,5,0,2
BRDA:81,5,1,7
BRDA:84,6,0,2
BRDA:84,6,1,7
BRDA:93,7,0,2
BRDA:93,7,1,7
BRDA:99,8,0,2
BRDA:99,8,1,7
BRDA:105,9,0,1
BRDA:105,9,1,1
BRDA:117,10,0,1
BRDA:117,10,1,1
BRDA:128,11,0,2
BRDA:128,11,1,7
BRDA:135,12,0,2
BRDA:135,12,1,7
BRF:26
BRH:26
end_of_record
TN:
SF:src\styles\colors\styles.color.js
FNF:0
FNH:0
DA:1,4
LF:1
LH:1
BRF:0
BRH:0
end_of_record
TN:
SF:src\styles\containers\containers.ts
FN:3,loginContainer
FN:11,labelModel1
FN:26,inputModel1
FN:35,containerModel1
FN:43,buttonModel1
FN:58,loadingBox
FN:73,loadingLabel
FN:90,topDiv
FN:101,sidebarDiv
FN:112,sidebarItems
FN:121,textLabel
FN:133,titleLabel
FN:150,logoutButton
FN:161,titleGroup1
FN:175,clientDataInputDiv
FN:188,cancelButton
FN:200,nextButton
FN:215,configuratorButton
FN:231,popContainer
FN:247,translucentContainer
FN:264,translucentBox
FN:282,menuItem
FNF:22
FNH:22
FNDA:1,loginContainer
FNDA:1,labelModel1
FNDA:1,inputModel1
FNDA:1,containerModel1
FNDA:1,buttonModel1
FNDA:1,loadingBox
FNDA:1,loadingLabel
FNDA:1,topDiv
FNDA:1,sidebarDiv
FNDA:2,sidebarItems
FNDA:1,textLabel
FNDA:1,titleLabel
FNDA:1,logoutButton
FNDA:1,titleGroup1
FNDA:1,clientDataInputDiv
FNDA:1,cancelButton
FNDA:1,nextButton
FNDA:1,configuratorButton
FNDA:1,popContainer
FNDA:1,translucentContainer
FNDA:1,translucentBox
FNDA:1,menuItem
DA:4,1
DA:12,1
DA:27,1
DA:36,1
DA:44,1
DA:59,1
DA:74,1
DA:91,1
DA:102,1
DA:113,2
DA:122,1
DA:134,1
DA:151,1
DA:162,1
DA:176,1
DA:189,1
DA:201,1
DA:216,1
DA:232,1
DA:248,1
DA:265,1
DA:283,1
LF:22
LH:22
BRF:0
BRH:0
end_of_record
TN:
SF:src\utils\dafaults.fn.js
FN:4,handleSidebar
FN:25,sidebarLinks
FN:29,(anonymous_2)
FN:35,(anonymous_3)
FN:36,(anonymous_4)
FN:39,(anonymous_5)
FN:47,(anonymous_6)
FN:54,logout
FN:67,resultFetch
FN:73,getTime
FN:76,(anonymous_10)
FNF:11
FNH:7
FNDA:2,handleSidebar
FNDA:2,sidebarLinks
FNDA:2,(anonymous_2)
FNDA:0,(anonymous_3)
FNDA:0,(anonymous_4)
FNDA:0,(anonymous_5)
FNDA:2,(anonymous_6)
FNDA:0,logout
FNDA:1,resultFetch
FNDA:1,getTime
FNDA:7,(anonymous_10)
DA:5,2
DA:6,2
DA:7,1
DA:8,1
DA:9,1
DA:10,1
DA:11,1
DA:13,1
DA:14,1
DA:15,1
DA:16,1
DA:17,1
DA:18,1
DA:21,0
DA:26,2
DA:28,2
DA:29,1
DA:30,2
DA:31,2
DA:32,2
DA:33,2
DA:34,2
DA:35,2
DA:36,2
DA:37,0
DA:39,2
DA:40,0
DA:42,2
DA:44,2
DA:46,1
DA:47,1
DA:48,2
DA:49,2
DA:55,0
DA:57,0
DA:59,0
DA:62,0
DA:63,0
DA:68,1
DA:69,1
DA:70,1
DA:74,1
DA:76,7
DA:78,1
DA:79,1
DA:80,1
DA:82,1
DA:83,1
DA:84,1
DA:86,1
DA:87,1
DA:89,1
DA:91,1
LF:53
LH:45
BRDA:5,0,0,2
BRDA:5,0,1,0
BRDA:6,1,0,1
BRDA:6,1,1,1
BRDA:28,2,0,1
BRDA:28,2,1,1
BRDA:46,3,0,1
BRDA:46,3,1,0
BRDA:49,4,0,0
BRDA:49,4,1,2
BRDA:62,5,0,0
BRDA:62,5,1,0
BRDA:62,6,0,0
BRDA:62,6,1,0
BRDA:76,7,0,5
BRF:15
BRH:8
end_of_record
