TN:
SF:src\styles\colors\styles.color.js
FNF:0
FNH:0
DA:1,2
LF:1
LH:1
BRF:0
BRH:0
end_of_record
TN:
SF:src\styles\containers\containers.ts
FN:3,loginContainer
FN:11,labelModel1
FN:26,inputModel1
FN:35,containerModel1
FN:43,buttonModel1
FN:58,loadingBox
FN:73,loadingLabel
FN:90,topDiv
FN:101,sidebarDiv
FN:112,sidebarItems
FN:121,textLabel
FN:133,titleLabel
FN:150,logoutButton
FN:161,titleGroup1
FN:175,clientDataInputDiv
FN:188,cancelButton
FN:200,nextButton
FN:215,configuratorButton
FN:231,popContainer
FN:247,translucentContainer
FN:264,translucentBox
FN:282,menuItem
FNF:22
FNH:1
FNDA:0,loginContainer
FNDA:0,labelModel1
FNDA:0,inputModel1
FNDA:0,containerModel1
FNDA:0,buttonModel1
FNDA:0,loadingBox
FNDA:0,loadingLabel
FNDA:0,topDiv
FNDA:0,sidebarDiv
FNDA:1,sidebarItems
FNDA:0,textLabel
FNDA:0,titleLabel
FNDA:0,logoutButton
FNDA:0,titleGroup1
FNDA:0,clientDataInputDiv
FNDA:0,cancelButton
FNDA:0,nextButton
FNDA:0,configuratorButton
FNDA:0,popContainer
FNDA:0,translucentContainer
FNDA:0,translucentBox
FNDA:0,menuItem
DA:4,0
DA:12,0
DA:27,0
DA:36,0
DA:44,0
DA:59,0
DA:74,0
DA:91,0
DA:102,0
DA:113,1
DA:122,0
DA:134,0
DA:151,0
DA:162,0
DA:176,0
DA:189,0
DA:201,0
DA:216,0
DA:232,0
DA:248,0
DA:265,0
DA:283,0
LF:22
LH:1
BRF:0
BRH:0
end_of_record
TN:
SF:src\utils\dafaults.fn.js
FN:4,handleSidebar
FN:25,sidebarLinks
FN:29,(anonymous_2)
FN:35,(anonymous_3)
FN:36,(anonymous_4)
FN:39,(anonymous_5)
FN:47,(anonymous_6)
FN:54,logout
FN:63,resultFetch
FN:70,getTime
FN:73,(anonymous_10)
FNF:11
FNH:8
FNDA:2,handleSidebar
FNDA:4,sidebarLinks
FNDA:4,(anonymous_2)
FNDA:0,(anonymous_3)
FNDA:0,(anonymous_4)
FNDA:0,(anonymous_5)
FNDA:4,(anonymous_6)
FNDA:1,logout
FNDA:3,resultFetch
FNDA:1,getTime
FNDA:7,(anonymous_10)
DA:5,2
DA:6,2
DA:7,1
DA:8,1
DA:9,1
DA:10,1
DA:11,1
DA:13,1
DA:14,1
DA:15,1
DA:16,1
DA:17,1
DA:18,1
DA:21,0
DA:26,4
DA:28,4
DA:29,2
DA:30,4
DA:31,4
DA:32,4
DA:33,4
DA:34,4
DA:35,4
DA:36,4
DA:37,0
DA:39,4
DA:40,0
DA:42,4
DA:44,4
DA:46,2
DA:47,2
DA:48,4
DA:49,4
DA:55,1
DA:57,1
DA:59,1
DA:60,1
DA:64,3
DA:65,3
DA:67,3
DA:71,1
DA:73,7
DA:75,1
DA:76,1
DA:77,1
DA:79,1
DA:80,1
DA:81,1
DA:83,1
DA:84,1
DA:86,1
DA:88,1
LF:52
LH:49
BRDA:5,0,0,2
BRDA:5,0,1,0
BRDA:6,1,0,1
BRDA:6,1,1,1
BRDA:28,2,0,2
BRDA:28,2,1,2
BRDA:46,3,0,2
BRDA:46,3,1,0
BRDA:73,4,0,5
BRF:9
BRH:7
end_of_record
